
************* Iterations durations
/home/salma/GIT/salma-thesis/lab/energy-variability-study/traces/#24_iot-lab/#24_341477/consumption/rpi3_1.oml
actual_itr_duration: 60.03513789176941
iteration monitoring count: 1740
actual_itr_duration: 60.04535174369812
iteration monitoring count: 1740
actual_itr_duration: 60.02890086174011
iteration monitoring count: 1740
actual_itr_duration: 60.029102087020874
iteration monitoring count: 1740
actual_itr_duration: 60.028809547424316
iteration monitoring count: 1740
actual_itr_duration: 60.02871084213257
iteration monitoring count: 1740
actual_itr_duration: 60.03014087677002
iteration monitoring count: 1740
actual_itr_duration: 60.02972722053528
iteration monitoring count: 1740
actual_itr_duration: 60.034682273864746
iteration monitoring count: 1734
actual_itr_duration: 60.03010010719299
iteration monitoring count: 1740
actual_itr_duration: 60.031907081604004
iteration monitoring count: 1740
actual_itr_duration: 60.03258562088013
iteration monitoring count: 1740
actual_itr_duration: 60.03183674812317
iteration monitoring count: 1740
actual_itr_duration: 60.03841853141785
iteration monitoring count: 1740
actual_itr_duration: 60.03269672393799
iteration monitoring count: 1740
actual_itr_duration: 60.03234887123108
iteration monitoring count: 1734
actual_itr_duration: 60.03278613090515
iteration monitoring count: 1740
actual_itr_duration: 60.03283643722534
iteration monitoring count: 1740
actual_itr_duration: 60.03251814842224
iteration monitoring count: 1740
actual_itr_duration: 60.034369230270386
iteration monitoring count: 1740
actual_itr_duration: 60.03711152076721
iteration monitoring count: 1740
actual_itr_duration: 60.02941417694092
iteration monitoring count: 1740
actual_itr_duration: 60.02764177322388
iteration monitoring count: 1740
actual_itr_duration: 60.02832007408142
iteration monitoring count: 1734
actual_itr_duration: 60.029598236083984
iteration monitoring count: 1740
actual_itr_duration: 60.02995586395264
iteration monitoring count: 1740
actual_itr_duration: 60.028913259506226
iteration monitoring count: 1740
actual_itr_duration: 60.0289740562439
iteration monitoring count: 1740
actual_itr_duration: 60.028518199920654
iteration monitoring count: 1740
actual_itr_duration: 60.03087496757507
iteration monitoring count: 1740
actual_itr_duration: 60.03443717956543
iteration monitoring count: 1740
actual_itr_duration: 60.02931618690491
iteration monitoring count: 1740
actual_itr_duration: 60.03910851478577
iteration monitoring count: 1740
actual_itr_duration: 60.02971386909485
iteration monitoring count: 1734
actual_itr_duration: 60.03039073944092
iteration monitoring count: 1740
actual_itr_duration: 60.03132891654968
iteration monitoring count: 1740
actual_itr_duration: 60.02928018569946
iteration monitoring count: 1740
actual_itr_duration: 60.03057265281677
iteration monitoring count: 1740
actual_itr_duration: 60.02980995178223
iteration monitoring count: 1740
actual_itr_duration: 60.02910041809082
iteration monitoring count: 1734
actual_itr_duration: 60.02893400192261
iteration monitoring count: 1734
actual_itr_duration: 60.028908491134644
iteration monitoring count: 1734
actual_itr_duration: 60.031052350997925
iteration monitoring count: 1740
actual_itr_duration: 60.02913451194763
iteration monitoring count: 1740
actual_itr_duration: 60.037352561950684
iteration monitoring count: 1740
actual_itr_duration: 60.02923536300659
iteration monitoring count: 1740
actual_itr_duration: 60.0287606716156
iteration monitoring count: 1740
actual_itr_duration: 60.02975821495056
iteration monitoring count: 1740
actual_itr_duration: 60.03081393241882
iteration monitoring count: 1740
actual_itr_duration: 60.03015875816345
iteration monitoring count: 1734
actual_itr_duration: 60.033215045928955
iteration monitoring count: 1740
actual_itr_duration: 60.03103590011597
iteration monitoring count: 1740
actual_itr_duration: 60.03108477592468
iteration monitoring count: 1740
actual_itr_duration: 60.032270193099976
iteration monitoring count: 1740
actual_itr_duration: 60.03293538093567
iteration monitoring count: 1740
actual_itr_duration: 60.032806158065796
iteration monitoring count: 1734
actual_itr_duration: 60.03368020057678
iteration monitoring count: 1734
actual_itr_duration: 60.0325767993927
iteration monitoring count: 1740
actual_itr_duration: 60.032883405685425
iteration monitoring count: 1740
actual_itr_duration: 60.03570103645325
iteration monitoring count: 1740
actual_itr_duration: 60.03278303146362
iteration monitoring count: 1740
actual_itr_duration: 60.02995562553406
iteration monitoring count: 1740
actual_itr_duration: 60.02892827987671
iteration monitoring count: 1740
actual_itr_duration: 60.03135395050049
iteration monitoring count: 1740
actual_itr_duration: 60.03021740913391
iteration monitoring count: 1740
actual_itr_duration: 60.03142547607422
iteration monitoring count: 1740
actual_itr_duration: 60.03022527694702
iteration monitoring count: 1740
actual_itr_duration: 60.029061794281006
iteration monitoring count: 1740
actual_itr_duration: 60.0322163105011
iteration monitoring count: 1740
actual_itr_duration: 60.02924680709839
iteration monitoring count: 1734
actual_itr_duration: 60.032323360443115
iteration monitoring count: 1734
actual_itr_duration: 60.02695989608765
iteration monitoring count: 1734
actual_itr_duration: 60.02928042411804
iteration monitoring count: 1734
actual_itr_duration: 60.030226707458496
iteration monitoring count: 1740
actual_itr_duration: 60.02867126464844
iteration monitoring count: 1740
actual_itr_duration: 60.03029656410217
iteration monitoring count: 1740
actual_itr_duration: 60.02990937232971
iteration monitoring count: 1740
actual_itr_duration: 60.02833151817322
iteration monitoring count: 1740
actual_itr_duration: 60.02915644645691
iteration monitoring count: 1740
actual_itr_duration: 60.02906560897827
iteration monitoring count: 1740
actual_itr_duration: 60.03067207336426
iteration monitoring count: 1740
actual_itr_duration: 60.02799367904663
iteration monitoring count: 1740
actual_itr_duration: 60.040242433547974
iteration monitoring count: 1740
actual_itr_duration: 60.02922224998474
iteration monitoring count: 1740
actual_itr_duration: 60.02947688102722
iteration monitoring count: 1740
actual_itr_duration: 60.033278465270996
iteration monitoring count: 1740
actual_itr_duration: 60.03323006629944
iteration monitoring count: 1740
actual_itr_duration: 60.03370141983032
iteration monitoring count: 1740
actual_itr_duration: 60.03314781188965
iteration monitoring count: 1740
actual_itr_duration: 60.0341272354126
iteration monitoring count: 1740
actual_itr_duration: 60.078221559524536
iteration monitoring count: 1740
actual_itr_duration: 60.03507113456726
iteration monitoring count: 1740
actual_itr_duration: 60.0313618183136
iteration monitoring count: 1740
actual_itr_duration: 60.02867913246155
iteration monitoring count: 1734
actual_itr_duration: 60.04141855239868
iteration monitoring count: 1740
actual_itr_duration: 60.029515743255615
iteration monitoring count: 1740
actual_itr_duration: 60.02977681159973
iteration monitoring count: 1740
actual_itr_duration: 60.031123876571655
iteration monitoring count: 1740
actual_itr_duration: 60.0301308631897
iteration monitoring count: 1740
actual_itr_duration: 60.03250288963318
iteration monitoring count: 1740
************* Iterations durations
/home/salma/GIT/salma-thesis/lab/energy-variability-study/traces/#24_iot-lab/#24_341489/consumption/rpi3_1.oml
actual_itr_duration: 60.037553787231445
iteration monitoring count: 1740
actual_itr_duration: 60.03216314315796
iteration monitoring count: 1740
actual_itr_duration: 60.02934145927429
iteration monitoring count: 1740
actual_itr_duration: 60.059327840805054
iteration monitoring count: 1740
actual_itr_duration: 60.02902436256409
iteration monitoring count: 1740
actual_itr_duration: 60.029865026474
iteration monitoring count: 1740
actual_itr_duration: 60.029194593429565
iteration monitoring count: 1740
actual_itr_duration: 60.029027462005615
iteration monitoring count: 1734
actual_itr_duration: 60.03448510169983
iteration monitoring count: 1740
actual_itr_duration: 60.03174161911011
iteration monitoring count: 1740
actual_itr_duration: 60.034098625183105
iteration monitoring count: 1734
actual_itr_duration: 60.03168082237244
iteration monitoring count: 1734
actual_itr_duration: 60.03002667427063
iteration monitoring count: 1734
actual_itr_duration: 60.030829668045044
iteration monitoring count: 1740
actual_itr_duration: 60.02892875671387
iteration monitoring count: 1740
actual_itr_duration: 60.03981423377991
iteration monitoring count: 1740
actual_itr_duration: 60.029634952545166
iteration monitoring count: 1740
actual_itr_duration: 60.02891230583191
iteration monitoring count: 1740
actual_itr_duration: 60.0289101600647
iteration monitoring count: 1740
actual_itr_duration: 60.030041456222534
iteration monitoring count: 1740
actual_itr_duration: 60.03342008590698
iteration monitoring count: 1740
actual_itr_duration: 60.030784606933594
iteration monitoring count: 1740
actual_itr_duration: 60.035335063934326
iteration monitoring count: 1740
actual_itr_duration: 60.033132791519165
iteration monitoring count: 1740
actual_itr_duration: 60.03166055679321
iteration monitoring count: 1740
actual_itr_duration: 60.032548904418945
iteration monitoring count: 1740
actual_itr_duration: 60.032652378082275
iteration monitoring count: 1734
actual_itr_duration: 60.03353548049927
iteration monitoring count: 1740
actual_itr_duration: 60.03336310386658
iteration monitoring count: 1740
actual_itr_duration: 60.03229022026062
iteration monitoring count: 1740
actual_itr_duration: 60.035888671875
iteration monitoring count: 1740
actual_itr_duration: 60.038475036621094
iteration monitoring count: 1740
actual_itr_duration: 60.03030610084534
iteration monitoring count: 1740
actual_itr_duration: 60.029948472976685
iteration monitoring count: 1740
actual_itr_duration: 60.03318810462952
iteration monitoring count: 1740
actual_itr_duration: 60.02933716773987
iteration monitoring count: 1740
actual_itr_duration: 60.02888822555542
iteration monitoring count: 1740
actual_itr_duration: 60.029152393341064
iteration monitoring count: 1740
actual_itr_duration: 60.03035616874695
iteration monitoring count: 1740
actual_itr_duration: 60.030173540115356
iteration monitoring count: 1740
actual_itr_duration: 60.02998471260071
iteration monitoring count: 1740
actual_itr_duration: 60.03016185760498
iteration monitoring count: 1740
actual_itr_duration: 60.02955985069275
iteration monitoring count: 1740
actual_itr_duration: 60.02944779396057
iteration monitoring count: 1740
actual_itr_duration: 60.030033588409424
iteration monitoring count: 1740
actual_itr_duration: 60.03080081939697
iteration monitoring count: 1740
actual_itr_duration: 60.03350114822388
iteration monitoring count: 1740
actual_itr_duration: 60.03310418128967
iteration monitoring count: 1734
actual_itr_duration: 60.03316068649292
iteration monitoring count: 1740
actual_itr_duration: 60.033974409103394
iteration monitoring count: 1740
actual_itr_duration: 60.03200626373291
iteration monitoring count: 1740
actual_itr_duration: 60.03334021568298
iteration monitoring count: 1740
actual_itr_duration: 60.028650760650635
iteration monitoring count: 1734
actual_itr_duration: 60.04307150840759
iteration monitoring count: 1740
actual_itr_duration: 60.029276609420776
iteration monitoring count: 1740
actual_itr_duration: 60.03041863441467
iteration monitoring count: 1740
actual_itr_duration: 60.0292067527771
iteration monitoring count: 1740
actual_itr_duration: 60.028730392456055
iteration monitoring count: 1740
actual_itr_duration: 60.03199887275696
iteration monitoring count: 1740
actual_itr_duration: 60.02937293052673
iteration monitoring count: 1740
actual_itr_duration: 60.02973008155823
iteration monitoring count: 1740
actual_itr_duration: 60.03153133392334
iteration monitoring count: 1740
actual_itr_duration: 60.028937578201294
iteration monitoring count: 1740
actual_itr_duration: 60.0313401222229
iteration monitoring count: 1740
actual_itr_duration: 60.02878284454346
iteration monitoring count: 1740
actual_itr_duration: 60.038554430007935
iteration monitoring count: 1740
actual_itr_duration: 60.02918553352356
iteration monitoring count: 1740
actual_itr_duration: 60.029311656951904
iteration monitoring count: 1740
actual_itr_duration: 60.029029846191406
iteration monitoring count: 1740
actual_itr_duration: 60.028982400894165
iteration monitoring count: 1740
actual_itr_duration: 60.0324068069458
iteration monitoring count: 1740
actual_itr_duration: 60.0292489528656
iteration monitoring count: 1740
actual_itr_duration: 60.03937482833862
iteration monitoring count: 1740
actual_itr_duration: 60.02901530265808
iteration monitoring count: 1740
actual_itr_duration: 60.03072381019592
iteration monitoring count: 1740
actual_itr_duration: 60.02946710586548
iteration monitoring count: 1740
actual_itr_duration: 60.029611587524414
iteration monitoring count: 1740
actual_itr_duration: 60.0308313369751
iteration monitoring count: 1740
actual_itr_duration: 60.02927279472351
iteration monitoring count: 1740
actual_itr_duration: 60.030168294906616
iteration monitoring count: 1740
actual_itr_duration: 60.02969717979431
iteration monitoring count: 1740
actual_itr_duration: 60.03765058517456
iteration monitoring count: 1740
actual_itr_duration: 60.0347683429718
iteration monitoring count: 1740
actual_itr_duration: 60.032777547836304
iteration monitoring count: 1740
actual_itr_duration: 60.044464111328125
iteration monitoring count: 1734
actual_itr_duration: 60.03372812271118
iteration monitoring count: 1734
actual_itr_duration: 60.03177309036255
iteration monitoring count: 1734
actual_itr_duration: 60.03328347206116
iteration monitoring count: 1740
actual_itr_duration: 60.031962633132935
iteration monitoring count: 1740
actual_itr_duration: 60.070988178253174
iteration monitoring count: 1740
actual_itr_duration: 60.03403568267822
iteration monitoring count: 1740
actual_itr_duration: 60.03261685371399
iteration monitoring count: 1740
actual_itr_duration: 60.027289152145386
iteration monitoring count: 1740
actual_itr_duration: 60.04005694389343
iteration monitoring count: 1740
actual_itr_duration: 60.029874324798584
iteration monitoring count: 1740
actual_itr_duration: 60.028952836990356
iteration monitoring count: 1740
actual_itr_duration: 60.03852343559265
iteration monitoring count: 1740
actual_itr_duration: 60.02967691421509
iteration monitoring count: 1740
actual_itr_duration: 60.02984690666199
iteration monitoring count: 1740
actual_itr_duration: 60.02878928184509
iteration monitoring count: 1740
************* Iterations durations
/home/salma/GIT/salma-thesis/lab/energy-variability-study/traces/#24_iot-lab/#24_341501/consumption/rpi3_1.oml
actual_itr_duration: 60.03748607635498
iteration monitoring count: 1740
actual_itr_duration: 60.032599449157715
iteration monitoring count: 1740
actual_itr_duration: 60.033374309539795
iteration monitoring count: 1740
actual_itr_duration: 60.03634977340698
iteration monitoring count: 1740
actual_itr_duration: 60.02862095832825
iteration monitoring count: 1740
actual_itr_duration: 60.04358148574829
iteration monitoring count: 1740
actual_itr_duration: 60.02883052825928
iteration monitoring count: 1734
actual_itr_duration: 60.028799533843994
iteration monitoring count: 1740
actual_itr_duration: 60.03029417991638
iteration monitoring count: 1740
actual_itr_duration: 60.03248715400696
iteration monitoring count: 1740
actual_itr_duration: 60.02940034866333
iteration monitoring count: 1740
actual_itr_duration: 60.033655643463135
iteration monitoring count: 1740
actual_itr_duration: 60.03084635734558
iteration monitoring count: 1740
actual_itr_duration: 60.0298912525177
iteration monitoring count: 1740
actual_itr_duration: 60.02881693840027
iteration monitoring count: 1740
actual_itr_duration: 60.02985334396362
iteration monitoring count: 1734
actual_itr_duration: 60.02983832359314
iteration monitoring count: 1734
actual_itr_duration: 60.03864359855652
iteration monitoring count: 1734
actual_itr_duration: 60.02801299095154
iteration monitoring count: 1740
actual_itr_duration: 60.02988791465759
iteration monitoring count: 1740
actual_itr_duration: 60.02828764915466
iteration monitoring count: 1740
actual_itr_duration: 60.02960920333862
iteration monitoring count: 1740
actual_itr_duration: 60.039376735687256
iteration monitoring count: 1740
actual_itr_duration: 60.02849459648132
iteration monitoring count: 1740
actual_itr_duration: 60.03630256652832
iteration monitoring count: 1740
actual_itr_duration: 60.032735109329224
iteration monitoring count: 1740
actual_itr_duration: 60.029178857803345
iteration monitoring count: 1740
actual_itr_duration: 60.027223110198975
iteration monitoring count: 1740
actual_itr_duration: 60.02863025665283
iteration monitoring count: 1740
actual_itr_duration: 60.029781103134155
iteration monitoring count: 1740
actual_itr_duration: 60.02881455421448
iteration monitoring count: 1740
actual_itr_duration: 60.03106236457825
iteration monitoring count: 1734
actual_itr_duration: 60.032076597213745
iteration monitoring count: 1734
actual_itr_duration: 60.02896022796631
iteration monitoring count: 1734
actual_itr_duration: 60.02947402000427
iteration monitoring count: 1740
actual_itr_duration: 60.0291428565979
iteration monitoring count: 1740
actual_itr_duration: 60.03492188453674
iteration monitoring count: 1740
actual_itr_duration: 60.03006720542908
iteration monitoring count: 1740
actual_itr_duration: 60.02946472167969
iteration monitoring count: 1740
actual_itr_duration: 60.03188371658325
iteration monitoring count: 1740
actual_itr_duration: 60.03101348876953
iteration monitoring count: 1740
actual_itr_duration: 60.03187704086304
iteration monitoring count: 1740
actual_itr_duration: 60.03136968612671
iteration monitoring count: 1740
actual_itr_duration: 60.034801721572876
iteration monitoring count: 1740
actual_itr_duration: 60.02900505065918
iteration monitoring count: 1740
actual_itr_duration: 60.02924394607544
iteration monitoring count: 1740
actual_itr_duration: 60.032734632492065
iteration monitoring count: 1734
actual_itr_duration: 60.032312870025635
iteration monitoring count: 1734
actual_itr_duration: 60.032879114151
iteration monitoring count: 1734
actual_itr_duration: 60.03252863883972
iteration monitoring count: 1740
actual_itr_duration: 60.03277134895325
iteration monitoring count: 1740
actual_itr_duration: 60.03304839134216
iteration monitoring count: 1740
actual_itr_duration: 60.03486514091492
iteration monitoring count: 1740
actual_itr_duration: 60.03626084327698
iteration monitoring count: 1740
actual_itr_duration: 60.02944374084473
iteration monitoring count: 1740
actual_itr_duration: 60.05084013938904
iteration monitoring count: 1740
actual_itr_duration: 60.02917790412903
iteration monitoring count: 1740
actual_itr_duration: 60.0295615196228
iteration monitoring count: 1740
actual_itr_duration: 60.02981209754944
iteration monitoring count: 1740
actual_itr_duration: 60.05545425415039
iteration monitoring count: 1740
actual_itr_duration: 60.03198313713074
iteration monitoring count: 1740
actual_itr_duration: 60.02923274040222
iteration monitoring count: 1740
actual_itr_duration: 60.03140044212341
iteration monitoring count: 1734
actual_itr_duration: 60.03136467933655
iteration monitoring count: 1734
actual_itr_duration: 60.04634094238281
iteration monitoring count: 1740
actual_itr_duration: 60.030410051345825
iteration monitoring count: 1740
actual_itr_duration: 60.03061628341675
iteration monitoring count: 1740
actual_itr_duration: 60.04343509674072
iteration monitoring count: 1740
actual_itr_duration: 60.03076434135437
iteration monitoring count: 1740
actual_itr_duration: 60.03012037277222
iteration monitoring count: 1740
actual_itr_duration: 60.02971434593201
iteration monitoring count: 1740
actual_itr_duration: 60.0356068611145
iteration monitoring count: 1740
actual_itr_duration: 60.044392108917236
iteration monitoring count: 1734
actual_itr_duration: 60.03262186050415
iteration monitoring count: 1734
actual_itr_duration: 60.04251742362976
iteration monitoring count: 1740
actual_itr_duration: 60.02929615974426
iteration monitoring count: 1734
actual_itr_duration: 60.03091907501221
iteration monitoring count: 1740
actual_itr_duration: 60.03068470954895
iteration monitoring count: 1740
actual_itr_duration: 60.02980613708496
iteration monitoring count: 1740
actual_itr_duration: 60.02987790107727
iteration monitoring count: 1740
actual_itr_duration: 60.03487181663513
iteration monitoring count: 1740
actual_itr_duration: 60.03014945983887
iteration monitoring count: 1740
actual_itr_duration: 60.03705644607544
iteration monitoring count: 1740
actual_itr_duration: 60.030482053756714
iteration monitoring count: 1740
actual_itr_duration: 60.030261754989624
iteration monitoring count: 1734
actual_itr_duration: 60.03003907203674
iteration monitoring count: 1734
actual_itr_duration: 60.03774642944336
iteration monitoring count: 1740
actual_itr_duration: 60.03286647796631
iteration monitoring count: 1740
actual_itr_duration: 60.032687187194824
iteration monitoring count: 1740
actual_itr_duration: 60.03244423866272
iteration monitoring count: 1740
actual_itr_duration: 60.082812547683716
iteration monitoring count: 1740
actual_itr_duration: 60.03842568397522
iteration monitoring count: 1740
actual_itr_duration: 60.03660273551941
iteration monitoring count: 1740
actual_itr_duration: 60.03487849235535
iteration monitoring count: 1740
actual_itr_duration: 60.030131578445435
iteration monitoring count: 1740
actual_itr_duration: 60.02962779998779
iteration monitoring count: 1740
actual_itr_duration: 60.030585289001465
iteration monitoring count: 1740
actual_itr_duration: 60.02988958358765
iteration monitoring count: 1740
actual_itr_duration: 60.031609535217285
iteration monitoring count: 1734
actual_itr_duration: 60.02994775772095
iteration monitoring count: 1734
************* Iterations durations
/home/salma/GIT/salma-thesis/lab/energy-variability-study/traces/#24_iot-lab/#24_341512/consumption/rpi3_1.oml
actual_itr_duration: 60.07729911804199
iteration monitoring count: 1740
actual_itr_duration: 60.029303789138794
iteration monitoring count: 1740
actual_itr_duration: 60.029141426086426
iteration monitoring count: 1740
actual_itr_duration: 60.02960133552551
iteration monitoring count: 1740
actual_itr_duration: 60.03643321990967
iteration monitoring count: 1740
actual_itr_duration: 60.02754735946655
iteration monitoring count: 1740
actual_itr_duration: 60.02849078178406
iteration monitoring count: 1740
actual_itr_duration: 60.03311204910278
iteration monitoring count: 1740
actual_itr_duration: 60.029218435287476
iteration monitoring count: 1740
actual_itr_duration: 60.02870965003967
iteration monitoring count: 1740
actual_itr_duration: 60.031667709350586
iteration monitoring count: 1740
actual_itr_duration: 60.039307832717896
iteration monitoring count: 1740
actual_itr_duration: 60.060372829437256
iteration monitoring count: 1740
actual_itr_duration: 60.02936816215515
iteration monitoring count: 1740
actual_itr_duration: 60.02987289428711
iteration monitoring count: 1740
actual_itr_duration: 60.02736687660217
iteration monitoring count: 1740
actual_itr_duration: 60.029144525527954
iteration monitoring count: 1734
actual_itr_duration: 60.03023147583008
iteration monitoring count: 1740
actual_itr_duration: 60.029948711395264
iteration monitoring count: 1740
actual_itr_duration: 60.030611753463745
iteration monitoring count: 1740
actual_itr_duration: 60.03127121925354
iteration monitoring count: 1740
actual_itr_duration: 60.0361065864563
iteration monitoring count: 1740
actual_itr_duration: 60.03031373023987
iteration monitoring count: 1740
actual_itr_duration: 60.029876947402954
iteration monitoring count: 1740
actual_itr_duration: 60.03051137924194
iteration monitoring count: 1740
actual_itr_duration: 60.02820348739624
iteration monitoring count: 1740
actual_itr_duration: 60.03640389442444
iteration monitoring count: 1740
actual_itr_duration: 60.031638860702515
iteration monitoring count: 1740
actual_itr_duration: 60.02973175048828
iteration monitoring count: 1740
actual_itr_duration: 60.03082823753357
iteration monitoring count: 1740
actual_itr_duration: 60.03032970428467
iteration monitoring count: 1740
actual_itr_duration: 60.037386894226074
iteration monitoring count: 1740
actual_itr_duration: 60.02951645851135
iteration monitoring count: 1734
actual_itr_duration: 60.02947545051575
iteration monitoring count: 1734
actual_itr_duration: 60.030418395996094
iteration monitoring count: 1740
actual_itr_duration: 60.02908968925476
iteration monitoring count: 1740
actual_itr_duration: 60.030860900878906
iteration monitoring count: 1740
actual_itr_duration: 60.02901363372803
iteration monitoring count: 1740
actual_itr_duration: 60.032516956329346
iteration monitoring count: 1740
actual_itr_duration: 60.02921938896179
iteration monitoring count: 1740
actual_itr_duration: 60.031020402908325
iteration monitoring count: 1740
actual_itr_duration: 60.029369831085205
iteration monitoring count: 1740
actual_itr_duration: 60.028849840164185
iteration monitoring count: 1740
actual_itr_duration: 60.032288551330566
iteration monitoring count: 1740
actual_itr_duration: 60.02928352355957
iteration monitoring count: 1740
actual_itr_duration: 60.02997922897339
iteration monitoring count: 1734
actual_itr_duration: 60.03049421310425
iteration monitoring count: 1740
actual_itr_duration: 60.030941009521484
iteration monitoring count: 1734
actual_itr_duration: 60.03131437301636
iteration monitoring count: 1740
actual_itr_duration: 60.03008270263672
iteration monitoring count: 1740
actual_itr_duration: 60.031413555145264
iteration monitoring count: 1740
actual_itr_duration: 60.04168653488159
iteration monitoring count: 1740
actual_itr_duration: 60.03295063972473
iteration monitoring count: 1740
actual_itr_duration: 60.02969145774841
iteration monitoring count: 1740
actual_itr_duration: 60.02950096130371
iteration monitoring count: 1740
actual_itr_duration: 60.03335094451904
iteration monitoring count: 1740
actual_itr_duration: 60.02966904640198
iteration monitoring count: 1740
actual_itr_duration: 60.045870780944824
iteration monitoring count: 1740
actual_itr_duration: 60.03211975097656
iteration monitoring count: 1740
actual_itr_duration: 60.0325391292572
iteration monitoring count: 1740
actual_itr_duration: 60.03839111328125
iteration monitoring count: 1740
actual_itr_duration: 60.034868240356445
iteration monitoring count: 1740
actual_itr_duration: 60.03644013404846
iteration monitoring count: 1740
actual_itr_duration: 60.03261637687683
iteration monitoring count: 1740
actual_itr_duration: 60.03267550468445
iteration monitoring count: 1740
actual_itr_duration: 60.033164978027344
iteration monitoring count: 1740
actual_itr_duration: 60.029273986816406
iteration monitoring count: 1740
actual_itr_duration: 60.03075456619263
iteration monitoring count: 1740
actual_itr_duration: 60.028587102890015
iteration monitoring count: 1740
actual_itr_duration: 60.04323935508728
iteration monitoring count: 1740
actual_itr_duration: 60.03036284446716
iteration monitoring count: 1740
actual_itr_duration: 60.02999210357666
iteration monitoring count: 1740
actual_itr_duration: 60.03163123130798
iteration monitoring count: 1740
actual_itr_duration: 60.02927780151367
iteration monitoring count: 1740
actual_itr_duration: 60.05669713020325
iteration monitoring count: 1740
actual_itr_duration: 60.02964997291565
iteration monitoring count: 1740
actual_itr_duration: 60.03583121299744
iteration monitoring count: 1740
actual_itr_duration: 60.029234647750854
iteration monitoring count: 1740
actual_itr_duration: 60.03011178970337
iteration monitoring count: 1740
actual_itr_duration: 60.030351877212524
iteration monitoring count: 1740
actual_itr_duration: 60.03155779838562
iteration monitoring count: 1740
actual_itr_duration: 60.03370451927185
iteration monitoring count: 1740
actual_itr_duration: 60.031426668167114
iteration monitoring count: 1740
actual_itr_duration: 60.03265690803528
iteration monitoring count: 1740
actual_itr_duration: 60.029221057891846
iteration monitoring count: 1740
actual_itr_duration: 60.02956199645996
iteration monitoring count: 1740
actual_itr_duration: 60.03031802177429
iteration monitoring count: 1734
actual_itr_duration: 60.02888226509094
iteration monitoring count: 1734
actual_itr_duration: 60.03188180923462
iteration monitoring count: 1740
actual_itr_duration: 60.02985095977783
iteration monitoring count: 1740
actual_itr_duration: 60.02983236312866
iteration monitoring count: 1740
actual_itr_duration: 60.02982234954834
iteration monitoring count: 1740
actual_itr_duration: 60.0327353477478
iteration monitoring count: 1740
actual_itr_duration: 60.033642053604126
iteration monitoring count: 1740
actual_itr_duration: 60.02927207946777
iteration monitoring count: 1740
actual_itr_duration: 60.033610582351685
iteration monitoring count: 1740
actual_itr_duration: 60.02783441543579
iteration monitoring count: 1740
actual_itr_duration: 60.02948260307312
iteration monitoring count: 1740
actual_itr_duration: 60.030478954315186
iteration monitoring count: 1740
actual_itr_duration: 60.02902603149414
iteration monitoring count: 1740
************* Iterations durations
/home/salma/GIT/salma-thesis/lab/energy-variability-study/traces/#24_iot-lab/#24_341527/consumption/rpi3_1.oml
actual_itr_duration: 60.03087115287781
iteration monitoring count: 1740
actual_itr_duration: 60.03339982032776
iteration monitoring count: 1734
actual_itr_duration: 60.031949520111084
iteration monitoring count: 1740
actual_itr_duration: 60.02919936180115
iteration monitoring count: 1740
actual_itr_duration: 60.02990436553955
iteration monitoring count: 1740
actual_itr_duration: 60.0298433303833
iteration monitoring count: 1740
actual_itr_duration: 60.02897572517395
iteration monitoring count: 1740
actual_itr_duration: 60.03058314323425
iteration monitoring count: 1740
actual_itr_duration: 60.028340578079224
iteration monitoring count: 1740
actual_itr_duration: 60.06654596328735
iteration monitoring count: 1740
actual_itr_duration: 60.029008626937866
iteration monitoring count: 1740
actual_itr_duration: 60.03167366981506
iteration monitoring count: 1740
actual_itr_duration: 60.03054165840149
iteration monitoring count: 1740
actual_itr_duration: 60.0331928730011
iteration monitoring count: 1740
actual_itr_duration: 60.030516624450684
iteration monitoring count: 1740
actual_itr_duration: 60.02906560897827
iteration monitoring count: 1740
actual_itr_duration: 60.02909779548645
iteration monitoring count: 1740
actual_itr_duration: 60.02935600280762
iteration monitoring count: 1734
actual_itr_duration: 60.02939438819885
iteration monitoring count: 1740
actual_itr_duration: 60.03032183647156
iteration monitoring count: 1740
actual_itr_duration: 60.029091358184814
iteration monitoring count: 1740
actual_itr_duration: 60.03286933898926
iteration monitoring count: 1740
actual_itr_duration: 60.031534910202026
iteration monitoring count: 1740
actual_itr_duration: 60.030131578445435
iteration monitoring count: 1740
actual_itr_duration: 60.0293288230896
iteration monitoring count: 1740
actual_itr_duration: 60.03050136566162
iteration monitoring count: 1740
actual_itr_duration: 60.053833961486816
iteration monitoring count: 1740
actual_itr_duration: 60.02926278114319
iteration monitoring count: 1740
actual_itr_duration: 60.035240650177
iteration monitoring count: 1740
actual_itr_duration: 60.03036069869995
iteration monitoring count: 1740
actual_itr_duration: 60.03012037277222
iteration monitoring count: 1740
actual_itr_duration: 60.030269384384155
iteration monitoring count: 1740
actual_itr_duration: 60.032307147979736
iteration monitoring count: 1734
actual_itr_duration: 60.0327262878418
iteration monitoring count: 1740
actual_itr_duration: 60.02958393096924
iteration monitoring count: 1734
actual_itr_duration: 60.0294554233551
iteration monitoring count: 1740
actual_itr_duration: 60.030925273895264
iteration monitoring count: 1740
actual_itr_duration: 60.02978467941284
iteration monitoring count: 1740
actual_itr_duration: 60.031333684921265
iteration monitoring count: 1740
actual_itr_duration: 60.03147506713867
iteration monitoring count: 1740
actual_itr_duration: 60.03638052940369
iteration monitoring count: 1740
actual_itr_duration: 60.03413653373718
iteration monitoring count: 1740
actual_itr_duration: 60.03265070915222
iteration monitoring count: 1740
actual_itr_duration: 60.03279685974121
iteration monitoring count: 1740
actual_itr_duration: 60.032716512680054
iteration monitoring count: 1740
actual_itr_duration: 60.03413248062134
iteration monitoring count: 1740
actual_itr_duration: 60.03200149536133
iteration monitoring count: 1740
actual_itr_duration: 60.032947063446045
iteration monitoring count: 1740
actual_itr_duration: 60.039592266082764
iteration monitoring count: 1740
actual_itr_duration: 60.02865266799927
iteration monitoring count: 1734
actual_itr_duration: 60.03115200996399
iteration monitoring count: 1740
actual_itr_duration: 60.03007364273071
iteration monitoring count: 1740
actual_itr_duration: 60.03257870674133
iteration monitoring count: 1740
actual_itr_duration: 60.029536724090576
iteration monitoring count: 1740
actual_itr_duration: 60.02942895889282
iteration monitoring count: 1740
actual_itr_duration: 60.03087019920349
iteration monitoring count: 1740
actual_itr_duration: 60.029367208480835
iteration monitoring count: 1740
actual_itr_duration: 60.030268907547
iteration monitoring count: 1740
actual_itr_duration: 60.02988839149475
iteration monitoring count: 1740
actual_itr_duration: 60.03160572052002
iteration monitoring count: 1740
actual_itr_duration: 60.029085874557495
iteration monitoring count: 1740
actual_itr_duration: 60.03037357330322
iteration monitoring count: 1740
actual_itr_duration: 60.03306984901428
iteration monitoring count: 1740
actual_itr_duration: 60.033830404281616
iteration monitoring count: 1740
actual_itr_duration: 60.078532218933105
iteration monitoring count: 1740
actual_itr_duration: 60.03058075904846
iteration monitoring count: 1740
actual_itr_duration: 60.02971386909485
iteration monitoring count: 1740
actual_itr_duration: 60.02918267250061
iteration monitoring count: 1740
actual_itr_duration: 60.02722692489624
iteration monitoring count: 1740
actual_itr_duration: 60.03099703788757
iteration monitoring count: 1740
actual_itr_duration: 60.02993035316467
iteration monitoring count: 1740
actual_itr_duration: 60.031718254089355
iteration monitoring count: 1740
actual_itr_duration: 60.02986478805542
iteration monitoring count: 1740
actual_itr_duration: 60.02849888801575
iteration monitoring count: 1740
actual_itr_duration: 60.03075575828552
iteration monitoring count: 1740
actual_itr_duration: 60.02913546562195
iteration monitoring count: 1740
actual_itr_duration: 60.03016257286072
iteration monitoring count: 1740
actual_itr_duration: 60.03011083602905
iteration monitoring count: 1740
actual_itr_duration: 60.02693581581116
iteration monitoring count: 1740
actual_itr_duration: 60.02907419204712
iteration monitoring count: 1740
actual_itr_duration: 60.03117895126343
iteration monitoring count: 1740
actual_itr_duration: 60.03075313568115
iteration monitoring count: 1740
actual_itr_duration: 60.03426671028137
iteration monitoring count: 1740
actual_itr_duration: 60.03513169288635
iteration monitoring count: 1740
actual_itr_duration: 60.03511381149292
iteration monitoring count: 1740
actual_itr_duration: 60.033427000045776
iteration monitoring count: 1740
actual_itr_duration: 60.03287315368652
iteration monitoring count: 1740
actual_itr_duration: 60.03252410888672
iteration monitoring count: 1740
actual_itr_duration: 60.033653020858765
iteration monitoring count: 1740
actual_itr_duration: 60.02915549278259
iteration monitoring count: 1740
actual_itr_duration: 60.03294348716736
iteration monitoring count: 1740
actual_itr_duration: 60.02929425239563
iteration monitoring count: 1740
actual_itr_duration: 60.029263973236084
iteration monitoring count: 1740
actual_itr_duration: 60.02959871292114
iteration monitoring count: 1740
actual_itr_duration: 60.031553745269775
iteration monitoring count: 1740
actual_itr_duration: 60.03225231170654
iteration monitoring count: 1740
actual_itr_duration: 60.029295921325684
iteration monitoring count: 1740
actual_itr_duration: 60.0290732383728
iteration monitoring count: 1740
actual_itr_duration: 60.028714656829834
iteration monitoring count: 1740
actual_itr_duration: 60.02914571762085
iteration monitoring count: 1740
************* Iterations durations
/home/salma/GIT/salma-thesis/lab/energy-variability-study/traces/#24_iot-lab/#24_341547/consumption/rpi3_1.oml
actual_itr_duration: 60.031837940216064
iteration monitoring count: 1740
actual_itr_duration: 60.02973747253418
iteration monitoring count: 1740
actual_itr_duration: 60.02999258041382
iteration monitoring count: 1740
actual_itr_duration: 60.029263496398926
iteration monitoring count: 1740
actual_itr_duration: 60.08295679092407
iteration monitoring count: 1740
actual_itr_duration: 60.02846360206604
iteration monitoring count: 1740
actual_itr_duration: 60.027979135513306
iteration monitoring count: 1740
actual_itr_duration: 60.02850675582886
iteration monitoring count: 1740
actual_itr_duration: 60.029175758361816
iteration monitoring count: 1740
actual_itr_duration: 60.03013634681702
iteration monitoring count: 1740
actual_itr_duration: 60.0348641872406
iteration monitoring count: 1740
actual_itr_duration: 60.03970289230347
iteration monitoring count: 1740
actual_itr_duration: 60.02948713302612
iteration monitoring count: 1740
actual_itr_duration: 60.02866506576538
iteration monitoring count: 1740
actual_itr_duration: 60.03238010406494
iteration monitoring count: 1740
actual_itr_duration: 60.03235125541687
iteration monitoring count: 1740
actual_itr_duration: 60.089587450027466
iteration monitoring count: 1740
actual_itr_duration: 60.03246998786926
iteration monitoring count: 1740
actual_itr_duration: 60.03254985809326
iteration monitoring count: 1740
actual_itr_duration: 60.03682804107666
iteration monitoring count: 1740
actual_itr_duration: 60.03660798072815
iteration monitoring count: 1740
actual_itr_duration: 60.02942132949829
iteration monitoring count: 1740
actual_itr_duration: 60.029215812683105
iteration monitoring count: 1734
actual_itr_duration: 60.03408980369568
iteration monitoring count: 1740
actual_itr_duration: 60.02967715263367
iteration monitoring count: 1734
actual_itr_duration: 60.028934717178345
iteration monitoring count: 1734
actual_itr_duration: 60.03042531013489
iteration monitoring count: 1740
actual_itr_duration: 60.02901864051819
iteration monitoring count: 1740
actual_itr_duration: 60.07113599777222
iteration monitoring count: 1740
actual_itr_duration: 60.030301332473755
iteration monitoring count: 1740
actual_itr_duration: 60.029274702072144
iteration monitoring count: 1740
actual_itr_duration: 60.029587745666504
iteration monitoring count: 1740
actual_itr_duration: 60.03022003173828
iteration monitoring count: 1740
actual_itr_duration: 60.030134201049805
iteration monitoring count: 1740
actual_itr_duration: 60.02969312667847
iteration monitoring count: 1740
actual_itr_duration: 60.03198599815369
iteration monitoring count: 1740
actual_itr_duration: 60.02996492385864
iteration monitoring count: 1740
actual_itr_duration: 60.03062987327576
iteration monitoring count: 1740
actual_itr_duration: 60.03019165992737
iteration monitoring count: 1740
actual_itr_duration: 60.02921795845032
iteration monitoring count: 1740
actual_itr_duration: 60.03114676475525
iteration monitoring count: 1740
actual_itr_duration: 60.03024625778198
iteration monitoring count: 1740
actual_itr_duration: 60.06067728996277
iteration monitoring count: 1740
actual_itr_duration: 60.029035806655884
iteration monitoring count: 1740
actual_itr_duration: 60.03051042556763
iteration monitoring count: 1740
actual_itr_duration: 60.03313231468201
iteration monitoring count: 1740
actual_itr_duration: 60.032766342163086
iteration monitoring count: 1740
actual_itr_duration: 60.034125566482544
iteration monitoring count: 1740
actual_itr_duration: 60.03251028060913
iteration monitoring count: 1740
actual_itr_duration: 60.03487753868103
iteration monitoring count: 1740
actual_itr_duration: 60.03577280044556
iteration monitoring count: 1740
actual_itr_duration: 60.028677463531494
iteration monitoring count: 1740
actual_itr_duration: 60.03003931045532
iteration monitoring count: 1740
actual_itr_duration: 60.029217004776
iteration monitoring count: 1740
actual_itr_duration: 60.042203426361084
iteration monitoring count: 1740
actual_itr_duration: 60.030791997909546
iteration monitoring count: 1740
actual_itr_duration: 60.031662702560425
iteration monitoring count: 1740
actual_itr_duration: 60.029229402542114
iteration monitoring count: 1740
actual_itr_duration: 60.029691219329834
iteration monitoring count: 1740
actual_itr_duration: 60.03057861328125
iteration monitoring count: 1740
actual_itr_duration: 60.02925443649292
iteration monitoring count: 1740
actual_itr_duration: 60.02771615982056
iteration monitoring count: 1740
actual_itr_duration: 60.030120849609375
iteration monitoring count: 1740
actual_itr_duration: 60.02862334251404
iteration monitoring count: 1740
actual_itr_duration: 60.02945590019226
iteration monitoring count: 1740
actual_itr_duration: 60.03000044822693
iteration monitoring count: 1740
actual_itr_duration: 60.06966733932495
iteration monitoring count: 1740
actual_itr_duration: 60.02880930900574
iteration monitoring count: 1740
actual_itr_duration: 60.02997303009033
iteration monitoring count: 1740
actual_itr_duration: 60.02922439575195
iteration monitoring count: 1734
actual_itr_duration: 60.03260159492493
iteration monitoring count: 1734
actual_itr_duration: 60.02767562866211
iteration monitoring count: 1734
actual_itr_duration: 60.02861213684082
iteration monitoring count: 1734
actual_itr_duration: 60.04155158996582
iteration monitoring count: 1740
actual_itr_duration: 60.02954053878784
iteration monitoring count: 1740
actual_itr_duration: 60.02952599525452
iteration monitoring count: 1740
actual_itr_duration: 60.02958059310913
iteration monitoring count: 1740
actual_itr_duration: 60.028900384902954
iteration monitoring count: 1740
actual_itr_duration: 60.03116488456726
iteration monitoring count: 1740
actual_itr_duration: 60.029969215393066
iteration monitoring count: 1740
actual_itr_duration: 60.029255390167236
iteration monitoring count: 1740
actual_itr_duration: 60.031217098236084
iteration monitoring count: 1734
actual_itr_duration: 60.02942395210266
iteration monitoring count: 1734
actual_itr_duration: 60.03056716918945
iteration monitoring count: 1740
actual_itr_duration: 60.029459714889526
iteration monitoring count: 1740
actual_itr_duration: 60.07851052284241
iteration monitoring count: 1740
actual_itr_duration: 60.02935457229614
iteration monitoring count: 1740
actual_itr_duration: 60.03366017341614
iteration monitoring count: 1740
actual_itr_duration: 60.03374719619751
iteration monitoring count: 1740
actual_itr_duration: 60.04608988761902
iteration monitoring count: 1740
actual_itr_duration: 60.03489375114441
iteration monitoring count: 1740
actual_itr_duration: 60.03285837173462
iteration monitoring count: 1740
actual_itr_duration: 60.048776626586914
iteration monitoring count: 1734
actual_itr_duration: 60.030266523361206
iteration monitoring count: 1740
actual_itr_duration: 60.02921509742737
iteration monitoring count: 1740
actual_itr_duration: 60.0298376083374
iteration monitoring count: 1734
actual_itr_duration: 60.03006911277771
iteration monitoring count: 1734
actual_itr_duration: 60.03032398223877
iteration monitoring count: 1734
actual_itr_duration: 60.02965331077576
iteration monitoring count: 1734
actual_itr_duration: 60.02935028076172
iteration monitoring count: 1734
************* Iterations durations
/home/salma/GIT/salma-thesis/lab/energy-variability-study/traces/#24_iot-lab/#24_341565/consumption/rpi3_1.oml
actual_itr_duration: 60.0340359210968
iteration monitoring count: 1740
actual_itr_duration: 60.03051567077637
iteration monitoring count: 1734
actual_itr_duration: 60.028804779052734
iteration monitoring count: 1734
actual_itr_duration: 60.028857707977295
iteration monitoring count: 1734
actual_itr_duration: 60.02991199493408
iteration monitoring count: 1740
actual_itr_duration: 60.029011249542236
iteration monitoring count: 1740
actual_itr_duration: 60.03712487220764
iteration monitoring count: 1740
actual_itr_duration: 60.027642488479614
iteration monitoring count: 1740
actual_itr_duration: 60.03106880187988
iteration monitoring count: 1740
actual_itr_duration: 60.029377460479736
iteration monitoring count: 1740
actual_itr_duration: 60.033005475997925
iteration monitoring count: 1740
actual_itr_duration: 60.03773355484009
iteration monitoring count: 1740
actual_itr_duration: 60.02853989601135
iteration monitoring count: 1740
actual_itr_duration: 60.04168677330017
iteration monitoring count: 1740
actual_itr_duration: 60.02959418296814
iteration monitoring count: 1740
actual_itr_duration: 60.02924180030823
iteration monitoring count: 1740
actual_itr_duration: 60.03013896942139
iteration monitoring count: 1740
actual_itr_duration: 60.02824783325195
iteration monitoring count: 1740
actual_itr_duration: 60.03019833564758
iteration monitoring count: 1740
actual_itr_duration: 60.031949281692505
iteration monitoring count: 1740
actual_itr_duration: 60.03330874443054
iteration monitoring count: 1740
actual_itr_duration: 60.03159737586975
iteration monitoring count: 1734
actual_itr_duration: 60.02848958969116
iteration monitoring count: 1734
actual_itr_duration: 60.0387020111084
iteration monitoring count: 1734
actual_itr_duration: 60.030826807022095
iteration monitoring count: 1734
actual_itr_duration: 60.04088068008423
iteration monitoring count: 1740
actual_itr_duration: 60.02873969078064
iteration monitoring count: 1740
actual_itr_duration: 60.028571128845215
iteration monitoring count: 1740
actual_itr_duration: 60.02959370613098
iteration monitoring count: 1740
actual_itr_duration: 60.02950072288513
iteration monitoring count: 1740
actual_itr_duration: 60.02944850921631
iteration monitoring count: 1740
actual_itr_duration: 60.031245470047
iteration monitoring count: 1740
actual_itr_duration: 60.02972888946533
iteration monitoring count: 1740
actual_itr_duration: 60.030110359191895
iteration monitoring count: 1740
actual_itr_duration: 60.030702352523804
iteration monitoring count: 1740
actual_itr_duration: 60.03071641921997
iteration monitoring count: 1740
actual_itr_duration: 60.030072927474976
iteration monitoring count: 1740
actual_itr_duration: 60.032156467437744
iteration monitoring count: 1740
actual_itr_duration: 60.02914071083069
iteration monitoring count: 1734
actual_itr_duration: 60.02920866012573
iteration monitoring count: 1734
actual_itr_duration: 60.03197646141052
iteration monitoring count: 1734
actual_itr_duration: 60.03134608268738
iteration monitoring count: 1734
actual_itr_duration: 60.05284833908081
iteration monitoring count: 1740
actual_itr_duration: 60.026633739471436
iteration monitoring count: 1734
actual_itr_duration: 60.03274321556091
iteration monitoring count: 1734
actual_itr_duration: 60.03380632400513
iteration monitoring count: 1734
actual_itr_duration: 60.032623291015625
iteration monitoring count: 1740
actual_itr_duration: 60.03292441368103
iteration monitoring count: 1740
actual_itr_duration: 60.03266096115112
iteration monitoring count: 1740
actual_itr_duration: 60.03346824645996
iteration monitoring count: 1740
actual_itr_duration: 60.03295946121216
iteration monitoring count: 1740
actual_itr_duration: 60.03231072425842
iteration monitoring count: 1740
actual_itr_duration: 60.034610748291016
iteration monitoring count: 1740
actual_itr_duration: 60.02721548080444
iteration monitoring count: 1740
actual_itr_duration: 60.02987790107727
iteration monitoring count: 1740
actual_itr_duration: 60.02956008911133
iteration monitoring count: 1740
actual_itr_duration: 60.03610944747925
iteration monitoring count: 1740
actual_itr_duration: 60.02994656562805
iteration monitoring count: 1740
actual_itr_duration: 60.02912187576294
iteration monitoring count: 1740
actual_itr_duration: 60.029359579086304
iteration monitoring count: 1740
actual_itr_duration: 60.02986025810242
iteration monitoring count: 1740
actual_itr_duration: 60.03363251686096
iteration monitoring count: 1740
actual_itr_duration: 60.03021860122681
iteration monitoring count: 1740
actual_itr_duration: 60.02994179725647
iteration monitoring count: 1740
actual_itr_duration: 60.02973532676697
iteration monitoring count: 1740
actual_itr_duration: 60.031357526779175
iteration monitoring count: 1740
actual_itr_duration: 60.03207850456238
iteration monitoring count: 1740
actual_itr_duration: 60.02954363822937
iteration monitoring count: 1740
actual_itr_duration: 60.03156089782715
iteration monitoring count: 1740
actual_itr_duration: 60.02898573875427
iteration monitoring count: 1740
actual_itr_duration: 60.02980422973633
iteration monitoring count: 1740
actual_itr_duration: 60.03513813018799
iteration monitoring count: 1740
actual_itr_duration: 60.03298997879028
iteration monitoring count: 1740
actual_itr_duration: 60.03026628494263
iteration monitoring count: 1740
actual_itr_duration: 60.02913975715637
iteration monitoring count: 1740
actual_itr_duration: 60.03602933883667
iteration monitoring count: 1740
actual_itr_duration: 60.03227686882019
iteration monitoring count: 1740
actual_itr_duration: 60.02978515625
iteration monitoring count: 1740
actual_itr_duration: 60.02924656867981
iteration monitoring count: 1740
actual_itr_duration: 60.0290207862854
iteration monitoring count: 1740
actual_itr_duration: 60.032796144485474
iteration monitoring count: 1740
actual_itr_duration: 60.02936005592346
iteration monitoring count: 1740
actual_itr_duration: 60.028035163879395
iteration monitoring count: 1740
actual_itr_duration: 60.02978849411011
iteration monitoring count: 1740
actual_itr_duration: 60.030447483062744
iteration monitoring count: 1740
actual_itr_duration: 60.031206130981445
iteration monitoring count: 1740
actual_itr_duration: 60.02902674674988
iteration monitoring count: 1740
actual_itr_duration: 60.033615827560425
iteration monitoring count: 1740
actual_itr_duration: 60.02987051010132
iteration monitoring count: 1740
actual_itr_duration: 60.02876281738281
iteration monitoring count: 1740
actual_itr_duration: 60.03035259246826
iteration monitoring count: 1740
actual_itr_duration: 60.03051948547363
iteration monitoring count: 1740
actual_itr_duration: 60.03325176239014
iteration monitoring count: 1740
actual_itr_duration: 60.03285264968872
iteration monitoring count: 1740
actual_itr_duration: 60.04223990440369
iteration monitoring count: 1740
actual_itr_duration: 60.03194546699524
iteration monitoring count: 1740
actual_itr_duration: 60.029619455337524
iteration monitoring count: 1734
actual_itr_duration: 60.029446601867676
iteration monitoring count: 1734
actual_itr_duration: 60.028825759887695
iteration monitoring count: 1740
actual_itr_duration: 60.03087592124939
iteration monitoring count: 1740
************* Iterations durations
/home/salma/GIT/salma-thesis/lab/energy-variability-study/traces/#24_iot-lab/#24_341579/consumption/rpi3_1.oml
actual_itr_duration: 60.033949851989746
iteration monitoring count: 1740
actual_itr_duration: 60.03189253807068
iteration monitoring count: 1740
actual_itr_duration: 60.029189109802246
iteration monitoring count: 1740
actual_itr_duration: 60.03028845787048
iteration monitoring count: 1740
actual_itr_duration: 60.02907848358154
iteration monitoring count: 1740
actual_itr_duration: 60.02766418457031
iteration monitoring count: 1740
actual_itr_duration: 60.03087043762207
iteration monitoring count: 1740
actual_itr_duration: 60.02916598320007
iteration monitoring count: 1740
actual_itr_duration: 60.033814430236816
iteration monitoring count: 1740
actual_itr_duration: 60.0316276550293
iteration monitoring count: 1740
actual_itr_duration: 60.03088617324829
iteration monitoring count: 1740
actual_itr_duration: 60.03197407722473
iteration monitoring count: 1740
actual_itr_duration: 60.02890157699585
iteration monitoring count: 1740
actual_itr_duration: 60.02966046333313
iteration monitoring count: 1740
actual_itr_duration: 60.02954030036926
iteration monitoring count: 1740
actual_itr_duration: 60.03047966957092
iteration monitoring count: 1740
actual_itr_duration: 60.02884578704834
iteration monitoring count: 1740
actual_itr_duration: 60.029582500457764
iteration monitoring count: 1734
actual_itr_duration: 60.0296630859375
iteration monitoring count: 1740
actual_itr_duration: 60.03171181678772
iteration monitoring count: 1740
actual_itr_duration: 60.029672145843506
iteration monitoring count: 1740
actual_itr_duration: 60.03124809265137
iteration monitoring count: 1740
actual_itr_duration: 60.0315842628479
iteration monitoring count: 1740
actual_itr_duration: 60.032793045043945
iteration monitoring count: 1740
actual_itr_duration: 60.03281283378601
iteration monitoring count: 1740
actual_itr_duration: 60.02921152114868
iteration monitoring count: 1740
actual_itr_duration: 60.03049564361572
iteration monitoring count: 1740
actual_itr_duration: 60.03050708770752
iteration monitoring count: 1740
actual_itr_duration: 60.030526638031006
iteration monitoring count: 1740
actual_itr_duration: 60.03138089179993
iteration monitoring count: 1734
actual_itr_duration: 60.03842854499817
iteration monitoring count: 1740
actual_itr_duration: 60.02955746650696
iteration monitoring count: 1734
actual_itr_duration: 60.03279376029968
iteration monitoring count: 1734
actual_itr_duration: 60.02951145172119
iteration monitoring count: 1734
actual_itr_duration: 60.0281457901001
iteration monitoring count: 1740
actual_itr_duration: 60.026196241378784
iteration monitoring count: 1734
actual_itr_duration: 60.02838587760925
iteration monitoring count: 1740
actual_itr_duration: 60.028813123703
iteration monitoring count: 1740
actual_itr_duration: 60.02902555465698
iteration monitoring count: 1740
actual_itr_duration: 60.031633377075195
iteration monitoring count: 1740
actual_itr_duration: 60.029075145721436
iteration monitoring count: 1740
actual_itr_duration: 60.03370380401611
iteration monitoring count: 1740
actual_itr_duration: 60.031933069229126
iteration monitoring count: 1740
actual_itr_duration: 60.02955770492554
iteration monitoring count: 1740
actual_itr_duration: 60.030356884002686
iteration monitoring count: 1740
actual_itr_duration: 60.02887320518494
iteration monitoring count: 1740
actual_itr_duration: 60.030516624450684
iteration monitoring count: 1740
actual_itr_duration: 60.02989435195923
iteration monitoring count: 1740
actual_itr_duration: 60.029221534729004
iteration monitoring count: 1740
actual_itr_duration: 60.084046363830566
iteration monitoring count: 1740
actual_itr_duration: 60.03282284736633
iteration monitoring count: 1740
actual_itr_duration: 60.03517699241638
iteration monitoring count: 1740
actual_itr_duration: 60.030510902404785
iteration monitoring count: 1740
actual_itr_duration: 60.02909183502197
iteration monitoring count: 1740
actual_itr_duration: 60.0291211605072
iteration monitoring count: 1740
actual_itr_duration: 60.02972865104675
iteration monitoring count: 1740
actual_itr_duration: 60.029956579208374
iteration monitoring count: 1740
actual_itr_duration: 60.029300689697266
iteration monitoring count: 1740
actual_itr_duration: 60.033483266830444
iteration monitoring count: 1740
actual_itr_duration: 60.029016733169556
iteration monitoring count: 1734
actual_itr_duration: 60.030821084976196
iteration monitoring count: 1740
actual_itr_duration: 60.03550934791565
iteration monitoring count: 1740
actual_itr_duration: 60.04092240333557
iteration monitoring count: 1740
actual_itr_duration: 60.04022240638733
iteration monitoring count: 1740
actual_itr_duration: 60.03350114822388
iteration monitoring count: 1740
actual_itr_duration: 60.092334508895874
iteration monitoring count: 1740
actual_itr_duration: 60.03004240989685
iteration monitoring count: 1740
actual_itr_duration: 60.030112743377686
iteration monitoring count: 1740
actual_itr_duration: 60.02848935127258
iteration monitoring count: 1740
actual_itr_duration: 60.02918028831482
iteration monitoring count: 1740
actual_itr_duration: 60.031376123428345
iteration monitoring count: 1740
actual_itr_duration: 60.02980589866638
iteration monitoring count: 1740
actual_itr_duration: 60.0325071811676
iteration monitoring count: 1740
actual_itr_duration: 60.03007531166077
iteration monitoring count: 1740
actual_itr_duration: 60.02836871147156
iteration monitoring count: 1740
actual_itr_duration: 60.02952170372009
iteration monitoring count: 1740
actual_itr_duration: 60.029168128967285
iteration monitoring count: 1740
actual_itr_duration: 60.033185958862305
iteration monitoring count: 1740
actual_itr_duration: 60.029051065444946
iteration monitoring count: 1740
actual_itr_duration: 60.03061628341675
iteration monitoring count: 1740
actual_itr_duration: 60.031060218811035
iteration monitoring count: 1740
actual_itr_duration: 60.029603004455566
iteration monitoring count: 1734
actual_itr_duration: 60.03377652168274
iteration monitoring count: 1740
actual_itr_duration: 60.02971887588501
iteration monitoring count: 1740
actual_itr_duration: 60.02954435348511
iteration monitoring count: 1740
actual_itr_duration: 60.03047800064087
iteration monitoring count: 1740
actual_itr_duration: 60.02989649772644
iteration monitoring count: 1740
actual_itr_duration: 60.029096603393555
iteration monitoring count: 1740
actual_itr_duration: 60.04099106788635
iteration monitoring count: 1740
actual_itr_duration: 60.03837442398071
iteration monitoring count: 1734
actual_itr_duration: 60.036020278930664
iteration monitoring count: 1734
actual_itr_duration: 60.03053283691406
iteration monitoring count: 1734
actual_itr_duration: 60.03140354156494
iteration monitoring count: 1740
actual_itr_duration: 60.032838106155396
iteration monitoring count: 1740
actual_itr_duration: 60.02894949913025
iteration monitoring count: 1740
actual_itr_duration: 60.02946138381958
iteration monitoring count: 1740
actual_itr_duration: 60.05631113052368
iteration monitoring count: 1740
actual_itr_duration: 60.03003120422363
iteration monitoring count: 1740
actual_itr_duration: 60.02945852279663
iteration monitoring count: 1740
actual_itr_duration: 60.03682255744934
iteration monitoring count: 1740
************* Iterations durations
/home/salma/GIT/salma-thesis/lab/energy-variability-study/traces/#24_iot-lab/#24_341602/consumption/rpi3_1.oml
actual_itr_duration: 60.038846015930176
iteration monitoring count: 1740
actual_itr_duration: 60.03036093711853
iteration monitoring count: 1740
actual_itr_duration: 60.03341579437256
iteration monitoring count: 1740
actual_itr_duration: 60.029456615448
iteration monitoring count: 1740
actual_itr_duration: 60.04621410369873
iteration monitoring count: 1740
actual_itr_duration: 60.03182125091553
iteration monitoring count: 1740
actual_itr_duration: 60.03476023674011
iteration monitoring count: 1740
actual_itr_duration: 60.02938795089722
iteration monitoring count: 1740
actual_itr_duration: 60.029438495635986
iteration monitoring count: 1740
actual_itr_duration: 60.03031921386719
iteration monitoring count: 1740
actual_itr_duration: 60.02854084968567
iteration monitoring count: 1740
actual_itr_duration: 60.02872943878174
iteration monitoring count: 1740
actual_itr_duration: 60.02934384346008
iteration monitoring count: 1740
actual_itr_duration: 60.03072690963745
iteration monitoring count: 1740
actual_itr_duration: 60.029425859451294
iteration monitoring count: 1740
actual_itr_duration: 60.034229040145874
iteration monitoring count: 1740
actual_itr_duration: 60.03490400314331
iteration monitoring count: 1740
actual_itr_duration: 60.03404235839844
iteration monitoring count: 1740
actual_itr_duration: 60.030346632003784
iteration monitoring count: 1734
actual_itr_duration: 60.02979898452759
iteration monitoring count: 1740
actual_itr_duration: 60.02920961380005
iteration monitoring count: 1740
actual_itr_duration: 60.031310081481934
iteration monitoring count: 1740
actual_itr_duration: 60.030290603637695
iteration monitoring count: 1740
actual_itr_duration: 60.03531885147095
iteration monitoring count: 1740
actual_itr_duration: 60.03059196472168
iteration monitoring count: 1740
actual_itr_duration: 60.029183864593506
iteration monitoring count: 1740
actual_itr_duration: 60.03550410270691
iteration monitoring count: 1740
actual_itr_duration: 60.03046727180481
iteration monitoring count: 1740
actual_itr_duration: 60.0313994884491
iteration monitoring count: 1740
actual_itr_duration: 60.029008865356445
iteration monitoring count: 1740
actual_itr_duration: 60.031899213790894
iteration monitoring count: 1740
actual_itr_duration: 60.029136657714844
iteration monitoring count: 1740
actual_itr_duration: 60.03007698059082
iteration monitoring count: 1740
actual_itr_duration: 60.030205965042114
iteration monitoring count: 1734
actual_itr_duration: 60.02850389480591
iteration monitoring count: 1734
actual_itr_duration: 60.035256147384644
iteration monitoring count: 1734
actual_itr_duration: 60.03151869773865
iteration monitoring count: 1734
actual_itr_duration: 60.03211522102356
iteration monitoring count: 1734
actual_itr_duration: 60.02765607833862
iteration monitoring count: 1734
actual_itr_duration: 60.02984642982483
iteration monitoring count: 1740
actual_itr_duration: 60.031766176223755
iteration monitoring count: 1740
actual_itr_duration: 60.02927374839783
iteration monitoring count: 1740
actual_itr_duration: 60.03493928909302
iteration monitoring count: 1740
actual_itr_duration: 60.03292512893677
iteration monitoring count: 1740
actual_itr_duration: 60.03295874595642
iteration monitoring count: 1740
actual_itr_duration: 60.03362822532654
iteration monitoring count: 1740
actual_itr_duration: 60.04349327087402
iteration monitoring count: 1740
actual_itr_duration: 60.03302550315857
iteration monitoring count: 1740
actual_itr_duration: 60.032723903656006
iteration monitoring count: 1740
actual_itr_duration: 60.03213596343994
iteration monitoring count: 1740
actual_itr_duration: 60.03268027305603
iteration monitoring count: 1740
actual_itr_duration: 60.03317070007324
iteration monitoring count: 1740
actual_itr_duration: 60.02816295623779
iteration monitoring count: 1740
actual_itr_duration: 60.02895402908325
iteration monitoring count: 1740
actual_itr_duration: 60.07941460609436
iteration monitoring count: 1740
actual_itr_duration: 60.030078411102295
iteration monitoring count: 1740
actual_itr_duration: 60.02966570854187
iteration monitoring count: 1740
actual_itr_duration: 60.031930923461914
iteration monitoring count: 1740
actual_itr_duration: 60.046226501464844
iteration monitoring count: 1740
actual_itr_duration: 60.031068086624146
iteration monitoring count: 1740
actual_itr_duration: 60.02947402000427
iteration monitoring count: 1740
actual_itr_duration: 60.02931308746338
iteration monitoring count: 1740
actual_itr_duration: 60.02916073799133
iteration monitoring count: 1740
actual_itr_duration: 60.028610944747925
iteration monitoring count: 1740
actual_itr_duration: 60.03054881095886
iteration monitoring count: 1734
actual_itr_duration: 60.029412508010864
iteration monitoring count: 1734
actual_itr_duration: 60.04210710525513
iteration monitoring count: 1734
actual_itr_duration: 60.028395891189575
iteration monitoring count: 1734
actual_itr_duration: 60.029377460479736
iteration monitoring count: 1734
actual_itr_duration: 60.02924180030823
iteration monitoring count: 1740
actual_itr_duration: 60.028385400772095
iteration monitoring count: 1740
actual_itr_duration: 60.031107664108276
iteration monitoring count: 1740
actual_itr_duration: 60.02919912338257
iteration monitoring count: 1740
actual_itr_duration: 60.04531669616699
iteration monitoring count: 1740
actual_itr_duration: 60.02974796295166
iteration monitoring count: 1740
actual_itr_duration: 60.029746770858765
iteration monitoring count: 1740
actual_itr_duration: 60.02897000312805
iteration monitoring count: 1740
actual_itr_duration: 60.029319524765015
iteration monitoring count: 1740
actual_itr_duration: 60.032803535461426
iteration monitoring count: 1740
actual_itr_duration: 60.02940797805786
iteration monitoring count: 1740
actual_itr_duration: 60.02945518493652
iteration monitoring count: 1740
actual_itr_duration: 60.03337287902832
iteration monitoring count: 1740
actual_itr_duration: 60.02876615524292
iteration monitoring count: 1740
actual_itr_duration: 60.029250621795654
iteration monitoring count: 1740
actual_itr_duration: 60.0292706489563
iteration monitoring count: 1740
actual_itr_duration: 60.0641655921936
iteration monitoring count: 1740
actual_itr_duration: 60.03005790710449
iteration monitoring count: 1740
actual_itr_duration: 60.03331923484802
iteration monitoring count: 1734
actual_itr_duration: 60.031288385391235
iteration monitoring count: 1734
actual_itr_duration: 60.032084226608276
iteration monitoring count: 1740
actual_itr_duration: 60.029988527297974
iteration monitoring count: 1740
actual_itr_duration: 60.028982639312744
iteration monitoring count: 1734
actual_itr_duration: 60.030338764190674
iteration monitoring count: 1734
actual_itr_duration: 60.02990102767944
iteration monitoring count: 1740
actual_itr_duration: 60.028270959854126
iteration monitoring count: 1740
actual_itr_duration: 60.02882623672485
iteration monitoring count: 1740
actual_itr_duration: 60.03390192985535
iteration monitoring count: 1740
actual_itr_duration: 60.07701921463013
iteration monitoring count: 1740
actual_itr_duration: 60.03664684295654
iteration monitoring count: 1740
actual_itr_duration: 60.03462481498718
iteration monitoring count: 1740
************* Iterations durations
/home/salma/GIT/salma-thesis/lab/energy-variability-study/traces/#24_iot-lab/#24_341615/consumption/rpi3_1.oml
actual_itr_duration: 60.03596377372742
iteration monitoring count: 1740
actual_itr_duration: 60.03272271156311
iteration monitoring count: 1740
actual_itr_duration: 60.03021860122681
iteration monitoring count: 1740
actual_itr_duration: 60.02847242355347
iteration monitoring count: 1740
actual_itr_duration: 60.02932071685791
iteration monitoring count: 1740
actual_itr_duration: 60.02999186515808
iteration monitoring count: 1740
actual_itr_duration: 60.028836727142334
iteration monitoring count: 1740
actual_itr_duration: 60.03179979324341
iteration monitoring count: 1740
actual_itr_duration: 60.03512239456177
iteration monitoring count: 1740
actual_itr_duration: 60.03149461746216
iteration monitoring count: 1740
actual_itr_duration: 60.037970542907715
iteration monitoring count: 1740
actual_itr_duration: 60.03703045845032
iteration monitoring count: 1740
actual_itr_duration: 60.03031778335571
iteration monitoring count: 1740
actual_itr_duration: 60.0279803276062
iteration monitoring count: 1740
actual_itr_duration: 60.0293333530426
iteration monitoring count: 1734
actual_itr_duration: 60.02812051773071
iteration monitoring count: 1734
actual_itr_duration: 60.02940058708191
iteration monitoring count: 1740
actual_itr_duration: 60.03113508224487
iteration monitoring count: 1740
actual_itr_duration: 60.029380559921265
iteration monitoring count: 1740
actual_itr_duration: 60.03011512756348
iteration monitoring count: 1740
actual_itr_duration: 60.030519247055054
iteration monitoring count: 1740
actual_itr_duration: 60.03049826622009
iteration monitoring count: 1740
actual_itr_duration: 60.05590033531189
iteration monitoring count: 1740
actual_itr_duration: 60.029545068740845
iteration monitoring count: 1740
actual_itr_duration: 60.030975103378296
iteration monitoring count: 1740
actual_itr_duration: 60.02730941772461
iteration monitoring count: 1740
actual_itr_duration: 60.02951216697693
iteration monitoring count: 1740
actual_itr_duration: 60.029828786849976
iteration monitoring count: 1740
actual_itr_duration: 60.0335054397583
iteration monitoring count: 1740
actual_itr_duration: 60.028621196746826
iteration monitoring count: 1740
actual_itr_duration: 60.03133797645569
iteration monitoring count: 1734
actual_itr_duration: 60.03213167190552
iteration monitoring count: 1734
actual_itr_duration: 60.03271555900574
iteration monitoring count: 1734
actual_itr_duration: 60.02963185310364
iteration monitoring count: 1740
actual_itr_duration: 60.029217004776
iteration monitoring count: 1740
actual_itr_duration: 60.03017067909241
iteration monitoring count: 1740
actual_itr_duration: 60.030187129974365
iteration monitoring count: 1740
actual_itr_duration: 60.02902579307556
iteration monitoring count: 1740
actual_itr_duration: 60.03082585334778
iteration monitoring count: 1740
actual_itr_duration: 60.028756856918335
iteration monitoring count: 1740
actual_itr_duration: 60.031331062316895
iteration monitoring count: 1740
actual_itr_duration: 60.029013872146606
iteration monitoring count: 1740
actual_itr_duration: 60.04810070991516
iteration monitoring count: 1740
actual_itr_duration: 60.03044033050537
iteration monitoring count: 1740
actual_itr_duration: 60.02921724319458
iteration monitoring count: 1740
actual_itr_duration: 60.02940273284912
iteration monitoring count: 1740
actual_itr_duration: 60.02977919578552
iteration monitoring count: 1740
actual_itr_duration: 60.0297064781189
iteration monitoring count: 1740
actual_itr_duration: 60.02962136268616
iteration monitoring count: 1734
actual_itr_duration: 60.03781080245972
iteration monitoring count: 1734
actual_itr_duration: 60.03327703475952
iteration monitoring count: 1740
actual_itr_duration: 60.03619146347046
iteration monitoring count: 1740
actual_itr_duration: 60.031296730041504
iteration monitoring count: 1740
actual_itr_duration: 60.02908253669739
iteration monitoring count: 1734
actual_itr_duration: 60.02939558029175
iteration monitoring count: 1740
actual_itr_duration: 60.03074312210083
iteration monitoring count: 1740
actual_itr_duration: 60.03020668029785
iteration monitoring count: 1740
actual_itr_duration: 60.03013825416565
iteration monitoring count: 1740
actual_itr_duration: 60.02888011932373
iteration monitoring count: 1740
actual_itr_duration: 60.029622077941895
iteration monitoring count: 1740
actual_itr_duration: 60.02959394454956
iteration monitoring count: 1740
actual_itr_duration: 60.02928376197815
iteration monitoring count: 1740
actual_itr_duration: 60.03304886817932
iteration monitoring count: 1740
actual_itr_duration: 60.03230690956116
iteration monitoring count: 1740
actual_itr_duration: 60.02964472770691
iteration monitoring count: 1740
actual_itr_duration: 60.029276847839355
iteration monitoring count: 1740
actual_itr_duration: 60.030070066452026
iteration monitoring count: 1740
actual_itr_duration: 60.029223918914795
iteration monitoring count: 1740
actual_itr_duration: 60.03019380569458
iteration monitoring count: 1740
actual_itr_duration: 60.032758474349976
iteration monitoring count: 1740
actual_itr_duration: 60.033029079437256
iteration monitoring count: 1740
actual_itr_duration: 60.03001523017883
iteration monitoring count: 1740
actual_itr_duration: 60.03610944747925
iteration monitoring count: 1740
actual_itr_duration: 60.03192758560181
iteration monitoring count: 1740
actual_itr_duration: 60.031150579452515
iteration monitoring count: 1734
actual_itr_duration: 60.02994155883789
iteration monitoring count: 1734
actual_itr_duration: 60.02945113182068
iteration monitoring count: 1740
actual_itr_duration: 60.02951240539551
iteration monitoring count: 1734
actual_itr_duration: 60.02931785583496
iteration monitoring count: 1740
actual_itr_duration: 60.02876663208008
iteration monitoring count: 1740
actual_itr_duration: 60.03335738182068
iteration monitoring count: 1740
actual_itr_duration: 60.0302677154541
iteration monitoring count: 1734
actual_itr_duration: 60.031757831573486
iteration monitoring count: 1740
actual_itr_duration: 60.031577825546265
iteration monitoring count: 1740
actual_itr_duration: 60.029194355010986
iteration monitoring count: 1740
actual_itr_duration: 60.029072284698486
iteration monitoring count: 1740
actual_itr_duration: 60.03123211860657
iteration monitoring count: 1740
actual_itr_duration: 60.02926421165466
iteration monitoring count: 1740
actual_itr_duration: 60.03216505050659
iteration monitoring count: 1740
actual_itr_duration: 60.029982566833496
iteration monitoring count: 1740
actual_itr_duration: 60.02948260307312
iteration monitoring count: 1740
actual_itr_duration: 60.03400373458862
iteration monitoring count: 1740
actual_itr_duration: 60.032787799835205
iteration monitoring count: 1740
actual_itr_duration: 60.03277039527893
iteration monitoring count: 1740
actual_itr_duration: 60.03175091743469
iteration monitoring count: 1740
actual_itr_duration: 60.02944779396057
iteration monitoring count: 1740
actual_itr_duration: 60.029974937438965
iteration monitoring count: 1734
actual_itr_duration: 60.02870011329651
iteration monitoring count: 1734
actual_itr_duration: 60.03033447265625
iteration monitoring count: 1734
actual_itr_duration: 60.02966380119324
iteration monitoring count: 1734