
************* Iterations durations
/home/salma/GIT/salma-thesis/lab/energy-variability-study/traces/#24_iot-lab/#24_341476/consumption/rpi3_4.oml
actual_itr_duration: 60.03085231781006
iteration monitoring count: 1704
actual_itr_duration: 60.059890270233154
iteration monitoring count: 1704
actual_itr_duration: 60.029884815216064
iteration monitoring count: 1704
actual_itr_duration: 60.02977418899536
iteration monitoring count: 1704
actual_itr_duration: 60.029040575027466
iteration monitoring count: 1704
actual_itr_duration: 60.02939248085022
iteration monitoring count: 1704
actual_itr_duration: 60.02976727485657
iteration monitoring count: 1704
actual_itr_duration: 60.02980184555054
iteration monitoring count: 1704
actual_itr_duration: 60.03317666053772
iteration monitoring count: 1704
actual_itr_duration: 60.02902889251709
iteration monitoring count: 1704
actual_itr_duration: 60.029303550720215
iteration monitoring count: 1704
actual_itr_duration: 60.02925109863281
iteration monitoring count: 1704
actual_itr_duration: 60.02966618537903
iteration monitoring count: 1704
actual_itr_duration: 60.06149506568909
iteration monitoring count: 1704
actual_itr_duration: 60.029322385787964
iteration monitoring count: 1704
actual_itr_duration: 60.02933931350708
iteration monitoring count: 1704
actual_itr_duration: 60.02846097946167
iteration monitoring count: 1704
actual_itr_duration: 60.03207349777222
iteration monitoring count: 1704
actual_itr_duration: 60.02979636192322
iteration monitoring count: 1704
actual_itr_duration: 60.0293447971344
iteration monitoring count: 1704
actual_itr_duration: 60.04135084152222
iteration monitoring count: 1704
actual_itr_duration: 60.02918457984924
iteration monitoring count: 1704
actual_itr_duration: 60.02828001976013
iteration monitoring count: 1704
actual_itr_duration: 60.029210329055786
iteration monitoring count: 1704
actual_itr_duration: 60.03309464454651
iteration monitoring count: 1704
actual_itr_duration: 60.03272986412048
iteration monitoring count: 1704
actual_itr_duration: 60.031960248947144
iteration monitoring count: 1704
actual_itr_duration: 60.03312802314758
iteration monitoring count: 1704
actual_itr_duration: 60.03685450553894
iteration monitoring count: 1704
actual_itr_duration: 60.03286671638489
iteration monitoring count: 1704
actual_itr_duration: 60.03035068511963
iteration monitoring count: 1704
actual_itr_duration: 60.029444456100464
iteration monitoring count: 1704
actual_itr_duration: 60.03498554229736
iteration monitoring count: 1704
actual_itr_duration: 60.029770374298096
iteration monitoring count: 1704
actual_itr_duration: 60.03011965751648
iteration monitoring count: 1704
actual_itr_duration: 60.0302996635437
iteration monitoring count: 1704
actual_itr_duration: 60.0292911529541
iteration monitoring count: 1704
actual_itr_duration: 60.02969837188721
iteration monitoring count: 1704
actual_itr_duration: 60.02998352050781
iteration monitoring count: 1704
actual_itr_duration: 60.03066945075989
iteration monitoring count: 1704
actual_itr_duration: 60.029433727264404
iteration monitoring count: 1704
actual_itr_duration: 60.02847123146057
iteration monitoring count: 1704
actual_itr_duration: 60.03091287612915
iteration monitoring count: 1704
actual_itr_duration: 60.02888560295105
iteration monitoring count: 1704
actual_itr_duration: 60.03058934211731
iteration monitoring count: 1704
actual_itr_duration: 60.029799699783325
iteration monitoring count: 1704
actual_itr_duration: 60.02957725524902
iteration monitoring count: 1704
actual_itr_duration: 60.02941656112671
iteration monitoring count: 1704
actual_itr_duration: 60.03089141845703
iteration monitoring count: 1704
actual_itr_duration: 60.03040885925293
iteration monitoring count: 1704
actual_itr_duration: 60.02997159957886
iteration monitoring count: 1704
actual_itr_duration: 60.02976322174072
iteration monitoring count: 1704
actual_itr_duration: 60.03025817871094
iteration monitoring count: 1704
actual_itr_duration: 60.02981400489807
iteration monitoring count: 1704
actual_itr_duration: 60.02984595298767
iteration monitoring count: 1704
actual_itr_duration: 60.03134322166443
iteration monitoring count: 1704
actual_itr_duration: 60.074525594711304
iteration monitoring count: 1704
actual_itr_duration: 60.02978730201721
iteration monitoring count: 1704
actual_itr_duration: 60.02987575531006
iteration monitoring count: 1704
actual_itr_duration: 60.029462575912476
iteration monitoring count: 1704
actual_itr_duration: 60.02712559700012
iteration monitoring count: 1704
actual_itr_duration: 60.03115797042847
iteration monitoring count: 1704
actual_itr_duration: 60.02972340583801
iteration monitoring count: 1704
actual_itr_duration: 60.08113074302673
iteration monitoring count: 1704
actual_itr_duration: 60.03112459182739
iteration monitoring count: 1704
actual_itr_duration: 60.033530473709106
iteration monitoring count: 1704
actual_itr_duration: 60.03388237953186
iteration monitoring count: 1704
actual_itr_duration: 60.033276319503784
iteration monitoring count: 1704
actual_itr_duration: 60.034093141555786
iteration monitoring count: 1704
actual_itr_duration: 60.032228231430054
iteration monitoring count: 1704
actual_itr_duration: 60.04611396789551
iteration monitoring count: 1704
actual_itr_duration: 60.02927255630493
iteration monitoring count: 1704
actual_itr_duration: 60.03086614608765
iteration monitoring count: 1704
actual_itr_duration: 60.031442403793335
iteration monitoring count: 1704
actual_itr_duration: 60.02962279319763
iteration monitoring count: 1704
actual_itr_duration: 60.125677824020386
iteration monitoring count: 1710
actual_itr_duration: 60.02946996688843
iteration monitoring count: 1704
actual_itr_duration: 60.029887199401855
iteration monitoring count: 1704
actual_itr_duration: 60.03031134605408
iteration monitoring count: 1704
actual_itr_duration: 60.029454708099365
iteration monitoring count: 1698
actual_itr_duration: 60.030109882354736
iteration monitoring count: 1704
actual_itr_duration: 60.02886438369751
iteration monitoring count: 1704
actual_itr_duration: 60.04748177528381
iteration monitoring count: 1704
actual_itr_duration: 60.03048038482666
iteration monitoring count: 1704
actual_itr_duration: 60.02970790863037
iteration monitoring count: 1704
actual_itr_duration: 60.04728627204895
iteration monitoring count: 1704
actual_itr_duration: 60.029056787490845
iteration monitoring count: 1704
actual_itr_duration: 60.07730841636658
iteration monitoring count: 1710
actual_itr_duration: 60.042986154556274
iteration monitoring count: 1704
actual_itr_duration: 60.02977728843689
iteration monitoring count: 1704
actual_itr_duration: 60.029834508895874
iteration monitoring count: 1704
actual_itr_duration: 60.02910614013672
iteration monitoring count: 1704
actual_itr_duration: 60.030643463134766
iteration monitoring count: 1704
actual_itr_duration: 60.03091883659363
iteration monitoring count: 1704
actual_itr_duration: 60.0462212562561
iteration monitoring count: 1704
actual_itr_duration: 60.03291893005371
iteration monitoring count: 1704
actual_itr_duration: 60.03338003158569
iteration monitoring count: 1704
actual_itr_duration: 60.033140897750854
iteration monitoring count: 1704
actual_itr_duration: 60.03419256210327
iteration monitoring count: 1704
actual_itr_duration: 60.033812284469604
iteration monitoring count: 1704
************* Iterations durations
/home/salma/GIT/salma-thesis/lab/energy-variability-study/traces/#24_iot-lab/#24_341490/consumption/rpi3_4.oml
actual_itr_duration: 60.03609848022461
iteration monitoring count: 1704
actual_itr_duration: 60.034637451171875
iteration monitoring count: 1704
actual_itr_duration: 60.03245425224304
iteration monitoring count: 1704
actual_itr_duration: 60.03388476371765
iteration monitoring count: 1704
actual_itr_duration: 60.032119035720825
iteration monitoring count: 1704
actual_itr_duration: 60.03295278549194
iteration monitoring count: 1704
actual_itr_duration: 60.03330445289612
iteration monitoring count: 1704
actual_itr_duration: 60.03222298622131
iteration monitoring count: 1704
actual_itr_duration: 60.037433385849
iteration monitoring count: 1704
actual_itr_duration: 60.032275438308716
iteration monitoring count: 1704
actual_itr_duration: 60.0300235748291
iteration monitoring count: 1704
actual_itr_duration: 60.029194593429565
iteration monitoring count: 1704
actual_itr_duration: 60.02840852737427
iteration monitoring count: 1704
actual_itr_duration: 60.02877855300903
iteration monitoring count: 1698
actual_itr_duration: 60.02876353263855
iteration monitoring count: 1704
actual_itr_duration: 60.03145790100098
iteration monitoring count: 1704
actual_itr_duration: 60.028881788253784
iteration monitoring count: 1704
actual_itr_duration: 60.028754234313965
iteration monitoring count: 1704
actual_itr_duration: 60.02878761291504
iteration monitoring count: 1704
actual_itr_duration: 60.02972173690796
iteration monitoring count: 1704
actual_itr_duration: 60.059215784072876
iteration monitoring count: 1704
actual_itr_duration: 60.028160572052
iteration monitoring count: 1704
actual_itr_duration: 60.03203082084656
iteration monitoring count: 1704
actual_itr_duration: 60.029332876205444
iteration monitoring count: 1704
actual_itr_duration: 60.02796983718872
iteration monitoring count: 1704
actual_itr_duration: 60.03171420097351
iteration monitoring count: 1704
actual_itr_duration: 60.02994894981384
iteration monitoring count: 1704
actual_itr_duration: 60.03101944923401
iteration monitoring count: 1704
actual_itr_duration: 60.02942705154419
iteration monitoring count: 1704
actual_itr_duration: 60.07061433792114
iteration monitoring count: 1704
actual_itr_duration: 60.03581404685974
iteration monitoring count: 1704
actual_itr_duration: 60.03000855445862
iteration monitoring count: 1704
actual_itr_duration: 60.03354501724243
iteration monitoring count: 1704
actual_itr_duration: 60.03239297866821
iteration monitoring count: 1704
actual_itr_duration: 60.050260066986084
iteration monitoring count: 1704
actual_itr_duration: 60.033125162124634
iteration monitoring count: 1704
actual_itr_duration: 60.03361129760742
iteration monitoring count: 1704
actual_itr_duration: 60.03246712684631
iteration monitoring count: 1704
actual_itr_duration: 60.032296895980835
iteration monitoring count: 1704
actual_itr_duration: 60.034369468688965
iteration monitoring count: 1704
actual_itr_duration: 60.034680128097534
iteration monitoring count: 1704
actual_itr_duration: 60.03703761100769
iteration monitoring count: 1704
actual_itr_duration: 60.02930498123169
iteration monitoring count: 1704
actual_itr_duration: 60.02874398231506
iteration monitoring count: 1704
actual_itr_duration: 60.030187368392944
iteration monitoring count: 1704
actual_itr_duration: 60.02952194213867
iteration monitoring count: 1704
actual_itr_duration: 60.02976322174072
iteration monitoring count: 1704
actual_itr_duration: 60.029547691345215
iteration monitoring count: 1704
actual_itr_duration: 60.029651403427124
iteration monitoring count: 1704
actual_itr_duration: 60.03858947753906
iteration monitoring count: 1704
actual_itr_duration: 60.036821603775024
iteration monitoring count: 1704
actual_itr_duration: 60.03050374984741
iteration monitoring count: 1704
actual_itr_duration: 60.02967023849487
iteration monitoring count: 1704
actual_itr_duration: 60.03911638259888
iteration monitoring count: 1704
actual_itr_duration: 60.03385806083679
iteration monitoring count: 1704
actual_itr_duration: 60.03277373313904
iteration monitoring count: 1704
actual_itr_duration: 60.03246784210205
iteration monitoring count: 1704
actual_itr_duration: 60.03356337547302
iteration monitoring count: 1704
actual_itr_duration: 60.03382134437561
iteration monitoring count: 1704
actual_itr_duration: 60.03280520439148
iteration monitoring count: 1704
actual_itr_duration: 60.035475730895996
iteration monitoring count: 1704
actual_itr_duration: 60.02932167053223
iteration monitoring count: 1704
actual_itr_duration: 60.02914047241211
iteration monitoring count: 1704
actual_itr_duration: 60.03148913383484
iteration monitoring count: 1704
actual_itr_duration: 60.02957320213318
iteration monitoring count: 1704
actual_itr_duration: 60.03007793426514
iteration monitoring count: 1704
actual_itr_duration: 60.02987313270569
iteration monitoring count: 1704
actual_itr_duration: 60.02935600280762
iteration monitoring count: 1704
actual_itr_duration: 60.0293505191803
iteration monitoring count: 1704
actual_itr_duration: 60.03994178771973
iteration monitoring count: 1704
actual_itr_duration: 60.047141313552856
iteration monitoring count: 1704
actual_itr_duration: 60.02891206741333
iteration monitoring count: 1704
actual_itr_duration: 60.04356384277344
iteration monitoring count: 1704
actual_itr_duration: 60.02891826629639
iteration monitoring count: 1704
actual_itr_duration: 60.029048919677734
iteration monitoring count: 1704
actual_itr_duration: 60.03037142753601
iteration monitoring count: 1704
actual_itr_duration: 60.028871297836304
iteration monitoring count: 1704
actual_itr_duration: 60.03058910369873
iteration monitoring count: 1704
actual_itr_duration: 60.02821755409241
iteration monitoring count: 1704
actual_itr_duration: 60.034706830978394
iteration monitoring count: 1704
actual_itr_duration: 60.03154516220093
iteration monitoring count: 1704
actual_itr_duration: 60.02874755859375
iteration monitoring count: 1704
actual_itr_duration: 60.03111433982849
iteration monitoring count: 1704
actual_itr_duration: 60.029799461364746
iteration monitoring count: 1704
actual_itr_duration: 60.03828549385071
iteration monitoring count: 1704
actual_itr_duration: 60.02928638458252
iteration monitoring count: 1704
actual_itr_duration: 60.02910256385803
iteration monitoring count: 1704
actual_itr_duration: 60.029353618621826
iteration monitoring count: 1704
actual_itr_duration: 60.03077554702759
iteration monitoring count: 1704
actual_itr_duration: 60.03064942359924
iteration monitoring count: 1704
actual_itr_duration: 60.029839277267456
iteration monitoring count: 1704
actual_itr_duration: 60.04961609840393
iteration monitoring count: 1704
actual_itr_duration: 60.03362250328064
iteration monitoring count: 1704
actual_itr_duration: 60.03367638587952
iteration monitoring count: 1704
actual_itr_duration: 60.033297538757324
iteration monitoring count: 1704
actual_itr_duration: 60.032843351364136
iteration monitoring count: 1704
actual_itr_duration: 60.03386569023132
iteration monitoring count: 1704
actual_itr_duration: 60.03289079666138
iteration monitoring count: 1704
actual_itr_duration: 60.03277921676636
iteration monitoring count: 1704
actual_itr_duration: 60.03246879577637
iteration monitoring count: 1704
************* Iterations durations
/home/salma/GIT/salma-thesis/lab/energy-variability-study/traces/#24_iot-lab/#24_341502/consumption/rpi3_4.oml
actual_itr_duration: 60.039334774017334
iteration monitoring count: 1704
actual_itr_duration: 60.0281445980072
iteration monitoring count: 1704
actual_itr_duration: 60.029544830322266
iteration monitoring count: 1704
actual_itr_duration: 60.03076148033142
iteration monitoring count: 1704
actual_itr_duration: 60.03181862831116
iteration monitoring count: 1704
actual_itr_duration: 60.03311610221863
iteration monitoring count: 1704
actual_itr_duration: 60.032811641693115
iteration monitoring count: 1704
actual_itr_duration: 60.03242564201355
iteration monitoring count: 1704
actual_itr_duration: 60.03244996070862
iteration monitoring count: 1704
actual_itr_duration: 60.03140211105347
iteration monitoring count: 1704
actual_itr_duration: 60.03433299064636
iteration monitoring count: 1704
actual_itr_duration: 60.02940011024475
iteration monitoring count: 1704
actual_itr_duration: 60.038156032562256
iteration monitoring count: 1704
actual_itr_duration: 60.02951121330261
iteration monitoring count: 1704
actual_itr_duration: 60.02972221374512
iteration monitoring count: 1704
actual_itr_duration: 60.02944612503052
iteration monitoring count: 1704
actual_itr_duration: 60.02882432937622
iteration monitoring count: 1704
actual_itr_duration: 60.02965521812439
iteration monitoring count: 1704
actual_itr_duration: 60.031317472457886
iteration monitoring count: 1704
actual_itr_duration: 60.02897620201111
iteration monitoring count: 1704
actual_itr_duration: 60.05135369300842
iteration monitoring count: 1704
actual_itr_duration: 60.02682828903198
iteration monitoring count: 1704
actual_itr_duration: 60.03022646903992
iteration monitoring count: 1704
actual_itr_duration: 60.02934694290161
iteration monitoring count: 1704
actual_itr_duration: 60.0361168384552
iteration monitoring count: 1704
actual_itr_duration: 60.02924585342407
iteration monitoring count: 1704
actual_itr_duration: 60.029492139816284
iteration monitoring count: 1704
actual_itr_duration: 60.02845573425293
iteration monitoring count: 1704
actual_itr_duration: 60.02916479110718
iteration monitoring count: 1704
actual_itr_duration: 60.03162097930908
iteration monitoring count: 1704
actual_itr_duration: 60.029316902160645
iteration monitoring count: 1704
actual_itr_duration: 60.033921241760254
iteration monitoring count: 1704
actual_itr_duration: 60.02848839759827
iteration monitoring count: 1704
actual_itr_duration: 60.029021978378296
iteration monitoring count: 1704
actual_itr_duration: 60.02937936782837
iteration monitoring count: 1704
actual_itr_duration: 60.03003430366516
iteration monitoring count: 1704
actual_itr_duration: 60.0300612449646
iteration monitoring count: 1704
actual_itr_duration: 60.02874445915222
iteration monitoring count: 1704
actual_itr_duration: 60.030601501464844
iteration monitoring count: 1704
actual_itr_duration: 60.035841941833496
iteration monitoring count: 1704
actual_itr_duration: 60.03599572181702
iteration monitoring count: 1704
actual_itr_duration: 60.03676199913025
iteration monitoring count: 1704
actual_itr_duration: 60.030500411987305
iteration monitoring count: 1704
actual_itr_duration: 60.041932582855225
iteration monitoring count: 1704
actual_itr_duration: 60.029093742370605
iteration monitoring count: 1704
actual_itr_duration: 60.02924203872681
iteration monitoring count: 1704
actual_itr_duration: 60.02908730506897
iteration monitoring count: 1704
actual_itr_duration: 60.02947497367859
iteration monitoring count: 1704
actual_itr_duration: 60.032550573349
iteration monitoring count: 1704
actual_itr_duration: 60.02924919128418
iteration monitoring count: 1704
actual_itr_duration: 60.02881956100464
iteration monitoring count: 1704
actual_itr_duration: 60.032907247543335
iteration monitoring count: 1704
actual_itr_duration: 60.030027627944946
iteration monitoring count: 1704
actual_itr_duration: 60.03055143356323
iteration monitoring count: 1704
actual_itr_duration: 60.02946662902832
iteration monitoring count: 1704
actual_itr_duration: 60.036710023880005
iteration monitoring count: 1704
actual_itr_duration: 60.02864384651184
iteration monitoring count: 1704
actual_itr_duration: 60.028143882751465
iteration monitoring count: 1704
actual_itr_duration: 60.030003786087036
iteration monitoring count: 1704
actual_itr_duration: 60.02921724319458
iteration monitoring count: 1704
actual_itr_duration: 60.033191442489624
iteration monitoring count: 1704
actual_itr_duration: 60.0318443775177
iteration monitoring count: 1704
actual_itr_duration: 60.043973207473755
iteration monitoring count: 1704
actual_itr_duration: 60.028653621673584
iteration monitoring count: 1704
actual_itr_duration: 60.03045296669006
iteration monitoring count: 1704
actual_itr_duration: 60.02954864501953
iteration monitoring count: 1704
actual_itr_duration: 60.03082752227783
iteration monitoring count: 1704
actual_itr_duration: 60.030147314071655
iteration monitoring count: 1704
actual_itr_duration: 60.03014826774597
iteration monitoring count: 1704
actual_itr_duration: 60.029499530792236
iteration monitoring count: 1704
actual_itr_duration: 60.048481464385986
iteration monitoring count: 1704
actual_itr_duration: 60.03130483627319
iteration monitoring count: 1704
actual_itr_duration: 60.029340744018555
iteration monitoring count: 1704
actual_itr_duration: 60.03067922592163
iteration monitoring count: 1704
actual_itr_duration: 60.03229355812073
iteration monitoring count: 1704
actual_itr_duration: 60.02881050109863
iteration monitoring count: 1704
actual_itr_duration: 60.02973556518555
iteration monitoring count: 1704
actual_itr_duration: 60.02987313270569
iteration monitoring count: 1698
actual_itr_duration: 60.02930736541748
iteration monitoring count: 1704
actual_itr_duration: 60.03014516830444
iteration monitoring count: 1704
actual_itr_duration: 60.02830529212952
iteration monitoring count: 1704
actual_itr_duration: 60.02923107147217
iteration monitoring count: 1704
actual_itr_duration: 60.02971911430359
iteration monitoring count: 1704
actual_itr_duration: 60.0292866230011
iteration monitoring count: 1704
actual_itr_duration: 60.02988266944885
iteration monitoring count: 1704
actual_itr_duration: 60.029486894607544
iteration monitoring count: 1704
actual_itr_duration: 60.032013177871704
iteration monitoring count: 1704
actual_itr_duration: 60.029244899749756
iteration monitoring count: 1704
actual_itr_duration: 60.03008222579956
iteration monitoring count: 1704
actual_itr_duration: 60.03018498420715
iteration monitoring count: 1704
actual_itr_duration: 60.030370473861694
iteration monitoring count: 1704
actual_itr_duration: 60.032843351364136
iteration monitoring count: 1704
actual_itr_duration: 60.03182649612427
iteration monitoring count: 1704
actual_itr_duration: 60.04348373413086
iteration monitoring count: 1704
actual_itr_duration: 60.02956008911133
iteration monitoring count: 1704
actual_itr_duration: 60.028995513916016
iteration monitoring count: 1704
actual_itr_duration: 60.029449701309204
iteration monitoring count: 1704
actual_itr_duration: 60.041027545928955
iteration monitoring count: 1704
actual_itr_duration: 60.030109167099
iteration monitoring count: 1704
actual_itr_duration: 60.029407262802124
iteration monitoring count: 1704
************* Iterations durations
/home/salma/GIT/salma-thesis/lab/energy-variability-study/traces/#24_iot-lab/#24_341514/consumption/rpi3_4.oml
actual_itr_duration: 60.03084635734558
iteration monitoring count: 1704
actual_itr_duration: 60.03116059303284
iteration monitoring count: 1704
actual_itr_duration: 60.03038835525513
iteration monitoring count: 1704
actual_itr_duration: 60.030048847198486
iteration monitoring count: 1704
actual_itr_duration: 60.03014349937439
iteration monitoring count: 1704
actual_itr_duration: 60.02966594696045
iteration monitoring count: 1704
actual_itr_duration: 60.03144574165344
iteration monitoring count: 1704
actual_itr_duration: 60.028929233551025
iteration monitoring count: 1704
actual_itr_duration: 60.027870416641235
iteration monitoring count: 1704
actual_itr_duration: 60.02941274642944
iteration monitoring count: 1704
actual_itr_duration: 60.02948021888733
iteration monitoring count: 1704
actual_itr_duration: 60.04013681411743
iteration monitoring count: 1704
actual_itr_duration: 60.02921390533447
iteration monitoring count: 1704
actual_itr_duration: 60.028929710388184
iteration monitoring count: 1704
actual_itr_duration: 60.02911639213562
iteration monitoring count: 1704
actual_itr_duration: 60.030977725982666
iteration monitoring count: 1704
actual_itr_duration: 60.04806041717529
iteration monitoring count: 1710
actual_itr_duration: 60.03149747848511
iteration monitoring count: 1704
actual_itr_duration: 60.02847194671631
iteration monitoring count: 1704
actual_itr_duration: 60.029048919677734
iteration monitoring count: 1704
actual_itr_duration: 60.03272795677185
iteration monitoring count: 1704
actual_itr_duration: 60.032288789749146
iteration monitoring count: 1704
actual_itr_duration: 60.03285574913025
iteration monitoring count: 1704
actual_itr_duration: 60.03599786758423
iteration monitoring count: 1704
actual_itr_duration: 60.0325562953949
iteration monitoring count: 1704
actual_itr_duration: 60.03289294242859
iteration monitoring count: 1704
actual_itr_duration: 60.03578972816467
iteration monitoring count: 1704
actual_itr_duration: 60.04130935668945
iteration monitoring count: 1710
actual_itr_duration: 60.0338990688324
iteration monitoring count: 1704
actual_itr_duration: 60.02894616127014
iteration monitoring count: 1704
actual_itr_duration: 60.03932738304138
iteration monitoring count: 1704
actual_itr_duration: 60.02984595298767
iteration monitoring count: 1704
actual_itr_duration: 60.02917814254761
iteration monitoring count: 1704
actual_itr_duration: 60.0305073261261
iteration monitoring count: 1704
actual_itr_duration: 60.02916145324707
iteration monitoring count: 1704
actual_itr_duration: 60.03627872467041
iteration monitoring count: 1710
actual_itr_duration: 60.03108549118042
iteration monitoring count: 1704
actual_itr_duration: 60.10887622833252
iteration monitoring count: 1704
actual_itr_duration: 60.03156924247742
iteration monitoring count: 1704
actual_itr_duration: 60.029953479766846
iteration monitoring count: 1704
actual_itr_duration: 60.030808210372925
iteration monitoring count: 1704
actual_itr_duration: 60.02933430671692
iteration monitoring count: 1704
actual_itr_duration: 60.03596520423889
iteration monitoring count: 1704
actual_itr_duration: 60.02931022644043
iteration monitoring count: 1704
actual_itr_duration: 60.02859950065613
iteration monitoring count: 1704
actual_itr_duration: 60.029253244400024
iteration monitoring count: 1704
actual_itr_duration: 60.03059649467468
iteration monitoring count: 1704
actual_itr_duration: 60.03066921234131
iteration monitoring count: 1698
actual_itr_duration: 60.035194873809814
iteration monitoring count: 1704
actual_itr_duration: 60.03714895248413
iteration monitoring count: 1704
actual_itr_duration: 60.02935028076172
iteration monitoring count: 1704
actual_itr_duration: 60.02933406829834
iteration monitoring count: 1704
actual_itr_duration: 60.029184341430664
iteration monitoring count: 1704
actual_itr_duration: 60.029953479766846
iteration monitoring count: 1704
actual_itr_duration: 60.03041315078735
iteration monitoring count: 1704
actual_itr_duration: 60.03062915802002
iteration monitoring count: 1704
actual_itr_duration: 60.030232191085815
iteration monitoring count: 1704
actual_itr_duration: 60.03025984764099
iteration monitoring count: 1704
actual_itr_duration: 60.038681507110596
iteration monitoring count: 1704
actual_itr_duration: 60.03088092803955
iteration monitoring count: 1704
actual_itr_duration: 60.03325629234314
iteration monitoring count: 1704
actual_itr_duration: 60.03658366203308
iteration monitoring count: 1704
actual_itr_duration: 60.03338098526001
iteration monitoring count: 1704
actual_itr_duration: 60.03427982330322
iteration monitoring count: 1704
actual_itr_duration: 60.03298997879028
iteration monitoring count: 1704
actual_itr_duration: 60.03248047828674
iteration monitoring count: 1704
actual_itr_duration: 60.03971838951111
iteration monitoring count: 1704
actual_itr_duration: 60.035022020339966
iteration monitoring count: 1704
actual_itr_duration: 60.03407382965088
iteration monitoring count: 1704
actual_itr_duration: 60.02961254119873
iteration monitoring count: 1704
actual_itr_duration: 60.02960968017578
iteration monitoring count: 1704
actual_itr_duration: 60.02979588508606
iteration monitoring count: 1704
actual_itr_duration: 60.02817106246948
iteration monitoring count: 1704
actual_itr_duration: 60.0308358669281
iteration monitoring count: 1704
actual_itr_duration: 60.0294189453125
iteration monitoring count: 1704
actual_itr_duration: 60.029396057128906
iteration monitoring count: 1704
actual_itr_duration: 60.02918004989624
iteration monitoring count: 1704
actual_itr_duration: 60.03685235977173
iteration monitoring count: 1704
actual_itr_duration: 60.03017234802246
iteration monitoring count: 1704
actual_itr_duration: 60.02907967567444
iteration monitoring count: 1704
actual_itr_duration: 60.03547430038452
iteration monitoring count: 1704
actual_itr_duration: 60.02905464172363
iteration monitoring count: 1704
actual_itr_duration: 60.03467631340027
iteration monitoring count: 1704
actual_itr_duration: 60.03566026687622
iteration monitoring count: 1704
actual_itr_duration: 60.033159255981445
iteration monitoring count: 1704
actual_itr_duration: 60.03408455848694
iteration monitoring count: 1704
actual_itr_duration: 60.03321576118469
iteration monitoring count: 1704
actual_itr_duration: 60.03322219848633
iteration monitoring count: 1704
actual_itr_duration: 60.03279161453247
iteration monitoring count: 1704
actual_itr_duration: 60.02972221374512
iteration monitoring count: 1704
actual_itr_duration: 60.029998779296875
iteration monitoring count: 1704
actual_itr_duration: 60.030356884002686
iteration monitoring count: 1704
actual_itr_duration: 60.0336434841156
iteration monitoring count: 1704
actual_itr_duration: 60.02989602088928
iteration monitoring count: 1704
actual_itr_duration: 60.02941346168518
iteration monitoring count: 1704
actual_itr_duration: 60.0316264629364
iteration monitoring count: 1704
actual_itr_duration: 60.030481576919556
iteration monitoring count: 1704
actual_itr_duration: 60.031118869781494
iteration monitoring count: 1704
actual_itr_duration: 60.041473150253296
iteration monitoring count: 1710
actual_itr_duration: 60.02958559989929
iteration monitoring count: 1704
************* Iterations durations
/home/salma/GIT/salma-thesis/lab/energy-variability-study/traces/#24_iot-lab/#24_341531/consumption/rpi3_4.oml
actual_itr_duration: 60.04214549064636
iteration monitoring count: 1704
actual_itr_duration: 60.03292107582092
iteration monitoring count: 1704
actual_itr_duration: 60.030903816223145
iteration monitoring count: 1704
actual_itr_duration: 60.03016209602356
iteration monitoring count: 1704
actual_itr_duration: 60.029343128204346
iteration monitoring count: 1704
actual_itr_duration: 60.03052806854248
iteration monitoring count: 1704
actual_itr_duration: 60.02956223487854
iteration monitoring count: 1704
actual_itr_duration: 60.0287823677063
iteration monitoring count: 1704
actual_itr_duration: 60.032543420791626
iteration monitoring count: 1704
actual_itr_duration: 60.03020262718201
iteration monitoring count: 1704
actual_itr_duration: 60.037962436676025
iteration monitoring count: 1704
actual_itr_duration: 60.03004312515259
iteration monitoring count: 1704
actual_itr_duration: 60.0329475402832
iteration monitoring count: 1704
actual_itr_duration: 60.06065130233765
iteration monitoring count: 1704
actual_itr_duration: 60.028279066085815
iteration monitoring count: 1704
actual_itr_duration: 60.02853322029114
iteration monitoring count: 1704
actual_itr_duration: 60.02965974807739
iteration monitoring count: 1704
actual_itr_duration: 60.02844977378845
iteration monitoring count: 1704
actual_itr_duration: 60.0352566242218
iteration monitoring count: 1704
actual_itr_duration: 60.03021717071533
iteration monitoring count: 1704
actual_itr_duration: 60.03318119049072
iteration monitoring count: 1704
actual_itr_duration: 60.03127145767212
iteration monitoring count: 1704
actual_itr_duration: 60.0321090221405
iteration monitoring count: 1704
actual_itr_duration: 60.02885890007019
iteration monitoring count: 1704
actual_itr_duration: 60.030104875564575
iteration monitoring count: 1704
actual_itr_duration: 60.03938007354736
iteration monitoring count: 1704
actual_itr_duration: 60.02987313270569
iteration monitoring count: 1704
actual_itr_duration: 60.032193183898926
iteration monitoring count: 1704
actual_itr_duration: 60.030704736709595
iteration monitoring count: 1704
actual_itr_duration: 60.03288269042969
iteration monitoring count: 1704
actual_itr_duration: 60.033129930496216
iteration monitoring count: 1704
actual_itr_duration: 60.033578872680664
iteration monitoring count: 1704
actual_itr_duration: 60.035420417785645
iteration monitoring count: 1704
actual_itr_duration: 60.03281545639038
iteration monitoring count: 1698
actual_itr_duration: 60.03255295753479
iteration monitoring count: 1704
actual_itr_duration: 60.03437924385071
iteration monitoring count: 1704
actual_itr_duration: 60.02977418899536
iteration monitoring count: 1704
actual_itr_duration: 60.03084659576416
iteration monitoring count: 1704
actual_itr_duration: 60.02934145927429
iteration monitoring count: 1704
actual_itr_duration: 60.04129981994629
iteration monitoring count: 1704
actual_itr_duration: 60.02934551239014
iteration monitoring count: 1704
actual_itr_duration: 60.0301296710968
iteration monitoring count: 1704
actual_itr_duration: 60.03037738800049
iteration monitoring count: 1704
actual_itr_duration: 60.03263807296753
iteration monitoring count: 1704
actual_itr_duration: 60.02977395057678
iteration monitoring count: 1704
actual_itr_duration: 60.028775691986084
iteration monitoring count: 1704
actual_itr_duration: 60.0472137928009
iteration monitoring count: 1704
actual_itr_duration: 60.029454708099365
iteration monitoring count: 1704
actual_itr_duration: 60.02941608428955
iteration monitoring count: 1704
actual_itr_duration: 60.02999520301819
iteration monitoring count: 1698
actual_itr_duration: 60.02932047843933
iteration monitoring count: 1704
actual_itr_duration: 60.03230428695679
iteration monitoring count: 1704
actual_itr_duration: 60.02978301048279
iteration monitoring count: 1704
actual_itr_duration: 60.03189396858215
iteration monitoring count: 1704
actual_itr_duration: 60.030237436294556
iteration monitoring count: 1704
actual_itr_duration: 60.03018832206726
iteration monitoring count: 1704
actual_itr_duration: 60.031593799591064
iteration monitoring count: 1704
actual_itr_duration: 60.02876806259155
iteration monitoring count: 1704
actual_itr_duration: 60.03968691825867
iteration monitoring count: 1704
actual_itr_duration: 60.02842330932617
iteration monitoring count: 1704
actual_itr_duration: 60.029386043548584
iteration monitoring count: 1704
actual_itr_duration: 60.03151535987854
iteration monitoring count: 1704
actual_itr_duration: 60.03028440475464
iteration monitoring count: 1698
actual_itr_duration: 60.032530069351196
iteration monitoring count: 1704
actual_itr_duration: 60.03038549423218
iteration monitoring count: 1704
actual_itr_duration: 60.030059814453125
iteration monitoring count: 1704
actual_itr_duration: 60.0301673412323
iteration monitoring count: 1704
actual_itr_duration: 60.02939248085022
iteration monitoring count: 1704
actual_itr_duration: 60.030205965042114
iteration monitoring count: 1704
actual_itr_duration: 60.0302472114563
iteration monitoring count: 1704
actual_itr_duration: 60.044800996780396
iteration monitoring count: 1704
actual_itr_duration: 60.0298707485199
iteration monitoring count: 1704
actual_itr_duration: 60.0302255153656
iteration monitoring count: 1704
actual_itr_duration: 60.03267312049866
iteration monitoring count: 1704
actual_itr_duration: 60.02993893623352
iteration monitoring count: 1704
actual_itr_duration: 60.03129768371582
iteration monitoring count: 1704
actual_itr_duration: 60.030627727508545
iteration monitoring count: 1698
actual_itr_duration: 60.041274309158325
iteration monitoring count: 1704
actual_itr_duration: 60.03338074684143
iteration monitoring count: 1704
actual_itr_duration: 60.033507108688354
iteration monitoring count: 1704
actual_itr_duration: 60.033156871795654
iteration monitoring count: 1704
actual_itr_duration: 60.03287148475647
iteration monitoring count: 1704
actual_itr_duration: 60.03417086601257
iteration monitoring count: 1704
actual_itr_duration: 60.0327627658844
iteration monitoring count: 1704
actual_itr_duration: 60.03681659698486
iteration monitoring count: 1704
actual_itr_duration: 60.032856941223145
iteration monitoring count: 1704
actual_itr_duration: 60.03001642227173
iteration monitoring count: 1704
actual_itr_duration: 60.030773401260376
iteration monitoring count: 1704
actual_itr_duration: 60.02966022491455
iteration monitoring count: 1698
actual_itr_duration: 60.032933473587036
iteration monitoring count: 1704
actual_itr_duration: 60.02911043167114
iteration monitoring count: 1704
actual_itr_duration: 60.02895784378052
iteration monitoring count: 1704
actual_itr_duration: 60.02940273284912
iteration monitoring count: 1698
actual_itr_duration: 60.0292649269104
iteration monitoring count: 1704
actual_itr_duration: 60.03169107437134
iteration monitoring count: 1704
actual_itr_duration: 60.02836585044861
iteration monitoring count: 1704
actual_itr_duration: 60.034751653671265
iteration monitoring count: 1704
actual_itr_duration: 60.02931618690491
iteration monitoring count: 1704
actual_itr_duration: 60.029155015945435
iteration monitoring count: 1704
actual_itr_duration: 60.02887034416199
iteration monitoring count: 1698
************* Iterations durations
/home/salma/GIT/salma-thesis/lab/energy-variability-study/traces/#24_iot-lab/#24_341551/consumption/rpi3_4.oml
actual_itr_duration: 60.03166699409485
iteration monitoring count: 1698
actual_itr_duration: 60.03321838378906
iteration monitoring count: 1704
actual_itr_duration: 60.029664754867554
iteration monitoring count: 1704
actual_itr_duration: 60.030985832214355
iteration monitoring count: 1704
actual_itr_duration: 60.02837371826172
iteration monitoring count: 1704
actual_itr_duration: 60.043333530426025
iteration monitoring count: 1704
actual_itr_duration: 60.02929711341858
iteration monitoring count: 1704
actual_itr_duration: 60.02858281135559
iteration monitoring count: 1698
actual_itr_duration: 60.02994465827942
iteration monitoring count: 1704
actual_itr_duration: 60.028371810913086
iteration monitoring count: 1704
actual_itr_duration: 60.032060623168945
iteration monitoring count: 1704
actual_itr_duration: 60.02962803840637
iteration monitoring count: 1698
actual_itr_duration: 60.028377056121826
iteration monitoring count: 1704
actual_itr_duration: 60.02935981750488
iteration monitoring count: 1704
actual_itr_duration: 60.029128313064575
iteration monitoring count: 1704
actual_itr_duration: 60.030211448669434
iteration monitoring count: 1704
actual_itr_duration: 60.02957582473755
iteration monitoring count: 1704
actual_itr_duration: 60.038424253463745
iteration monitoring count: 1704
actual_itr_duration: 60.02918767929077
iteration monitoring count: 1704
actual_itr_duration: 60.03149366378784
iteration monitoring count: 1704
actual_itr_duration: 60.03190016746521
iteration monitoring count: 1704
actual_itr_duration: 60.031646728515625
iteration monitoring count: 1704
actual_itr_duration: 60.03003287315369
iteration monitoring count: 1704
actual_itr_duration: 60.02896809577942
iteration monitoring count: 1704
actual_itr_duration: 60.030216455459595
iteration monitoring count: 1704
actual_itr_duration: 60.0290253162384
iteration monitoring count: 1704
actual_itr_duration: 60.02953219413757
iteration monitoring count: 1704
actual_itr_duration: 60.03007197380066
iteration monitoring count: 1704
actual_itr_duration: 60.031885623931885
iteration monitoring count: 1704
actual_itr_duration: 60.037858963012695
iteration monitoring count: 1704
actual_itr_duration: 60.03107285499573
iteration monitoring count: 1704
actual_itr_duration: 60.03164100646973
iteration monitoring count: 1704
actual_itr_duration: 60.02879524230957
iteration monitoring count: 1704
actual_itr_duration: 60.029184103012085
iteration monitoring count: 1698
actual_itr_duration: 60.02977204322815
iteration monitoring count: 1704
actual_itr_duration: 60.02969837188721
iteration monitoring count: 1704
actual_itr_duration: 60.038689613342285
iteration monitoring count: 1704
actual_itr_duration: 60.029836654663086
iteration monitoring count: 1698
actual_itr_duration: 60.030723333358765
iteration monitoring count: 1704
actual_itr_duration: 60.032103538513184
iteration monitoring count: 1704
actual_itr_duration: 60.04063081741333
iteration monitoring count: 1704
actual_itr_duration: 60.08280348777771
iteration monitoring count: 1704
actual_itr_duration: 60.0293128490448
iteration monitoring count: 1704
actual_itr_duration: 60.030070543289185
iteration monitoring count: 1704
actual_itr_duration: 60.0301628112793
iteration monitoring count: 1704
actual_itr_duration: 60.02687382698059
iteration monitoring count: 1704
actual_itr_duration: 60.03068470954895
iteration monitoring count: 1704
actual_itr_duration: 60.029911279678345
iteration monitoring count: 1704
actual_itr_duration: 60.04075860977173
iteration monitoring count: 1704
actual_itr_duration: 60.02931499481201
iteration monitoring count: 1704
actual_itr_duration: 60.02952980995178
iteration monitoring count: 1704
actual_itr_duration: 60.032893896102905
iteration monitoring count: 1704
actual_itr_duration: 60.03697156906128
iteration monitoring count: 1704
actual_itr_duration: 60.03137540817261
iteration monitoring count: 1704
actual_itr_duration: 60.02928280830383
iteration monitoring count: 1704
actual_itr_duration: 60.02765464782715
iteration monitoring count: 1704
actual_itr_duration: 60.028788566589355
iteration monitoring count: 1704
actual_itr_duration: 60.029948234558105
iteration monitoring count: 1704
actual_itr_duration: 60.02890467643738
iteration monitoring count: 1704
actual_itr_duration: 60.029351234436035
iteration monitoring count: 1704
actual_itr_duration: 60.03064799308777
iteration monitoring count: 1704
actual_itr_duration: 60.03734302520752
iteration monitoring count: 1704
actual_itr_duration: 60.03351807594299
iteration monitoring count: 1704
actual_itr_duration: 60.02947378158569
iteration monitoring count: 1704
actual_itr_duration: 60.0288507938385
iteration monitoring count: 1704
actual_itr_duration: 60.03116202354431
iteration monitoring count: 1704
actual_itr_duration: 60.02934432029724
iteration monitoring count: 1704
actual_itr_duration: 60.04002141952515
iteration monitoring count: 1704
actual_itr_duration: 60.029465436935425
iteration monitoring count: 1704
actual_itr_duration: 60.02885627746582
iteration monitoring count: 1704
actual_itr_duration: 60.03109097480774
iteration monitoring count: 1704
actual_itr_duration: 60.02890658378601
iteration monitoring count: 1704
actual_itr_duration: 60.031700134277344
iteration monitoring count: 1704
actual_itr_duration: 60.03220558166504
iteration monitoring count: 1704
actual_itr_duration: 60.02912187576294
iteration monitoring count: 1704
actual_itr_duration: 60.02959060668945
iteration monitoring count: 1704
actual_itr_duration: 60.02961874008179
iteration monitoring count: 1704
actual_itr_duration: 60.031524419784546
iteration monitoring count: 1704
actual_itr_duration: 60.02971696853638
iteration monitoring count: 1704
actual_itr_duration: 60.039875984191895
iteration monitoring count: 1704
actual_itr_duration: 60.043389558792114
iteration monitoring count: 1704
actual_itr_duration: 60.03233885765076
iteration monitoring count: 1704
actual_itr_duration: 60.03648352622986
iteration monitoring count: 1704
actual_itr_duration: 60.032357692718506
iteration monitoring count: 1704
actual_itr_duration: 60.030226945877075
iteration monitoring count: 1704
actual_itr_duration: 60.02996802330017
iteration monitoring count: 1704
actual_itr_duration: 60.035813331604004
iteration monitoring count: 1704
actual_itr_duration: 60.030476570129395
iteration monitoring count: 1704
actual_itr_duration: 60.032142162323
iteration monitoring count: 1704
actual_itr_duration: 60.02847647666931
iteration monitoring count: 1704
actual_itr_duration: 60.036484479904175
iteration monitoring count: 1704
actual_itr_duration: 60.09133529663086
iteration monitoring count: 1704
actual_itr_duration: 60.03381013870239
iteration monitoring count: 1704
actual_itr_duration: 60.03793740272522
iteration monitoring count: 1704
actual_itr_duration: 60.03303933143616
iteration monitoring count: 1704
actual_itr_duration: 60.03411245346069
iteration monitoring count: 1704
actual_itr_duration: 60.03140306472778
iteration monitoring count: 1704
actual_itr_duration: 60.030600786209106
iteration monitoring count: 1698
actual_itr_duration: 60.034324169158936
iteration monitoring count: 1704
actual_itr_duration: 60.02946186065674
iteration monitoring count: 1704
************* Iterations durations
/home/salma/GIT/salma-thesis/lab/energy-variability-study/traces/#24_iot-lab/#24_341569/consumption/rpi3_4.oml
actual_itr_duration: 60.03706669807434
iteration monitoring count: 1704
actual_itr_duration: 60.031614542007446
iteration monitoring count: 1704
actual_itr_duration: 60.02940773963928
iteration monitoring count: 1704
actual_itr_duration: 60.02926826477051
iteration monitoring count: 1698
actual_itr_duration: 60.02928018569946
iteration monitoring count: 1704
actual_itr_duration: 60.02961707115173
iteration monitoring count: 1704
actual_itr_duration: 60.028939723968506
iteration monitoring count: 1704
actual_itr_duration: 60.03256607055664
iteration monitoring count: 1704
actual_itr_duration: 60.02949833869934
iteration monitoring count: 1704
actual_itr_duration: 60.03001141548157
iteration monitoring count: 1704
actual_itr_duration: 60.039984464645386
iteration monitoring count: 1704
actual_itr_duration: 60.03219199180603
iteration monitoring count: 1704
actual_itr_duration: 60.03515887260437
iteration monitoring count: 1704
actual_itr_duration: 60.03229594230652
iteration monitoring count: 1704
actual_itr_duration: 60.032063245773315
iteration monitoring count: 1704
actual_itr_duration: 60.03278112411499
iteration monitoring count: 1704
actual_itr_duration: 60.03263330459595
iteration monitoring count: 1704
actual_itr_duration: 60.030508279800415
iteration monitoring count: 1704
actual_itr_duration: 60.03183698654175
iteration monitoring count: 1704
actual_itr_duration: 60.032880783081055
iteration monitoring count: 1704
actual_itr_duration: 60.02894878387451
iteration monitoring count: 1704
actual_itr_duration: 60.033453941345215
iteration monitoring count: 1704
actual_itr_duration: 60.02890086174011
iteration monitoring count: 1704
actual_itr_duration: 60.02820873260498
iteration monitoring count: 1704
actual_itr_duration: 60.030011892318726
iteration monitoring count: 1704
actual_itr_duration: 60.028496503829956
iteration monitoring count: 1704
actual_itr_duration: 60.02947974205017
iteration monitoring count: 1704
actual_itr_duration: 60.02829432487488
iteration monitoring count: 1704
actual_itr_duration: 60.03046751022339
iteration monitoring count: 1704
actual_itr_duration: 60.02978277206421
iteration monitoring count: 1704
actual_itr_duration: 60.02932906150818
iteration monitoring count: 1704
actual_itr_duration: 60.0964879989624
iteration monitoring count: 1710
actual_itr_duration: 60.032639503479004
iteration monitoring count: 1704
actual_itr_duration: 60.0293505191803
iteration monitoring count: 1704
actual_itr_duration: 60.029634952545166
iteration monitoring count: 1704
actual_itr_duration: 60.029297828674316
iteration monitoring count: 1704
actual_itr_duration: 60.02932834625244
iteration monitoring count: 1704
actual_itr_duration: 60.03017330169678
iteration monitoring count: 1704
actual_itr_duration: 60.03692603111267
iteration monitoring count: 1704
actual_itr_duration: 60.02956986427307
iteration monitoring count: 1704
actual_itr_duration: 60.02972984313965
iteration monitoring count: 1704
actual_itr_duration: 60.029603004455566
iteration monitoring count: 1704
actual_itr_duration: 60.0333526134491
iteration monitoring count: 1704
actual_itr_duration: 60.03064799308777
iteration monitoring count: 1704
actual_itr_duration: 60.03001117706299
iteration monitoring count: 1704
actual_itr_duration: 60.0286660194397
iteration monitoring count: 1704
actual_itr_duration: 60.029207706451416
iteration monitoring count: 1704
actual_itr_duration: 60.029667139053345
iteration monitoring count: 1704
actual_itr_duration: 60.03043794631958
iteration monitoring count: 1704
actual_itr_duration: 60.029175758361816
iteration monitoring count: 1704
actual_itr_duration: 60.03999376296997
iteration monitoring count: 1710
actual_itr_duration: 60.030184268951416
iteration monitoring count: 1704
actual_itr_duration: 60.03011465072632
iteration monitoring count: 1704
actual_itr_duration: 60.0292022228241
iteration monitoring count: 1704
actual_itr_duration: 60.029552698135376
iteration monitoring count: 1704
actual_itr_duration: 60.03108501434326
iteration monitoring count: 1704
actual_itr_duration: 60.02996349334717
iteration monitoring count: 1704
actual_itr_duration: 60.04118514060974
iteration monitoring count: 1704
actual_itr_duration: 60.03304409980774
iteration monitoring count: 1704
actual_itr_duration: 60.03372812271118
iteration monitoring count: 1704
actual_itr_duration: 60.037681579589844
iteration monitoring count: 1704
actual_itr_duration: 60.032360792160034
iteration monitoring count: 1704
actual_itr_duration: 60.03473448753357
iteration monitoring count: 1704
actual_itr_duration: 60.03351712226868
iteration monitoring count: 1704
actual_itr_duration: 60.03218388557434
iteration monitoring count: 1704
actual_itr_duration: 60.03305268287659
iteration monitoring count: 1704
actual_itr_duration: 60.03340148925781
iteration monitoring count: 1704
actual_itr_duration: 60.029680013656616
iteration monitoring count: 1704
actual_itr_duration: 60.02928447723389
iteration monitoring count: 1704
actual_itr_duration: 60.03671836853027
iteration monitoring count: 1704
actual_itr_duration: 60.030710220336914
iteration monitoring count: 1704
actual_itr_duration: 60.03048062324524
iteration monitoring count: 1704
actual_itr_duration: 60.03282046318054
iteration monitoring count: 1704
actual_itr_duration: 60.0364933013916
iteration monitoring count: 1704
actual_itr_duration: 60.03002071380615
iteration monitoring count: 1704
actual_itr_duration: 60.03082990646362
iteration monitoring count: 1704
actual_itr_duration: 60.03038311004639
iteration monitoring count: 1704
actual_itr_duration: 60.02934169769287
iteration monitoring count: 1704
actual_itr_duration: 60.03051161766052
iteration monitoring count: 1704
actual_itr_duration: 60.030442237854004
iteration monitoring count: 1704
actual_itr_duration: 60.03204798698425
iteration monitoring count: 1704
actual_itr_duration: 60.031150102615356
iteration monitoring count: 1704
actual_itr_duration: 60.03192615509033
iteration monitoring count: 1704
actual_itr_duration: 60.032132387161255
iteration monitoring count: 1704
actual_itr_duration: 60.029799938201904
iteration monitoring count: 1704
actual_itr_duration: 60.02937960624695
iteration monitoring count: 1704
actual_itr_duration: 60.03059101104736
iteration monitoring count: 1704
actual_itr_duration: 60.02969694137573
iteration monitoring count: 1704
actual_itr_duration: 60.05619668960571
iteration monitoring count: 1704
actual_itr_duration: 60.03020715713501
iteration monitoring count: 1704
actual_itr_duration: 60.03079295158386
iteration monitoring count: 1704
actual_itr_duration: 60.03042030334473
iteration monitoring count: 1704
actual_itr_duration: 60.029985427856445
iteration monitoring count: 1704
actual_itr_duration: 60.035727977752686
iteration monitoring count: 1704
actual_itr_duration: 60.02960658073425
iteration monitoring count: 1698
actual_itr_duration: 60.029582262039185
iteration monitoring count: 1704
actual_itr_duration: 60.02923512458801
iteration monitoring count: 1704
actual_itr_duration: 60.027223110198975
iteration monitoring count: 1704
actual_itr_duration: 60.02950429916382
iteration monitoring count: 1704
actual_itr_duration: 60.02926301956177
iteration monitoring count: 1704
************* Iterations durations
/home/salma/GIT/salma-thesis/lab/energy-variability-study/traces/#24_iot-lab/#24_341584/consumption/rpi3_4.oml
actual_itr_duration: 60.03329515457153
iteration monitoring count: 1704
actual_itr_duration: 60.02921462059021
iteration monitoring count: 1704
actual_itr_duration: 60.03382444381714
iteration monitoring count: 1704
actual_itr_duration: 60.030803203582764
iteration monitoring count: 1704
actual_itr_duration: 60.02830481529236
iteration monitoring count: 1704
actual_itr_duration: 60.03064298629761
iteration monitoring count: 1704
actual_itr_duration: 60.029754638671875
iteration monitoring count: 1704
actual_itr_duration: 60.02927231788635
iteration monitoring count: 1704
actual_itr_duration: 60.030086517333984
iteration monitoring count: 1704
actual_itr_duration: 60.030046463012695
iteration monitoring count: 1704
actual_itr_duration: 60.029006004333496
iteration monitoring count: 1704
actual_itr_duration: 60.02808475494385
iteration monitoring count: 1704
actual_itr_duration: 60.034117460250854
iteration monitoring count: 1704
actual_itr_duration: 60.02953577041626
iteration monitoring count: 1704
actual_itr_duration: 60.02881097793579
iteration monitoring count: 1704
actual_itr_duration: 60.034899950027466
iteration monitoring count: 1704
actual_itr_duration: 60.02941584587097
iteration monitoring count: 1704
actual_itr_duration: 60.03465175628662
iteration monitoring count: 1704
actual_itr_duration: 60.02893328666687
iteration monitoring count: 1704
actual_itr_duration: 60.02905058860779
iteration monitoring count: 1704
actual_itr_duration: 60.0304012298584
iteration monitoring count: 1704
actual_itr_duration: 60.02834963798523
iteration monitoring count: 1704
actual_itr_duration: 60.02845907211304
iteration monitoring count: 1704
actual_itr_duration: 60.02693819999695
iteration monitoring count: 1704
actual_itr_duration: 60.02936387062073
iteration monitoring count: 1704
actual_itr_duration: 60.03114199638367
iteration monitoring count: 1704
actual_itr_duration: 60.028663873672485
iteration monitoring count: 1704
actual_itr_duration: 60.03241276741028
iteration monitoring count: 1704
actual_itr_duration: 60.02939295768738
iteration monitoring count: 1704
actual_itr_duration: 60.02857494354248
iteration monitoring count: 1704
actual_itr_duration: 60.02908372879028
iteration monitoring count: 1704
actual_itr_duration: 60.02943992614746
iteration monitoring count: 1704
actual_itr_duration: 60.02995181083679
iteration monitoring count: 1704
actual_itr_duration: 60.02700233459473
iteration monitoring count: 1704
actual_itr_duration: 60.032283544540405
iteration monitoring count: 1704
actual_itr_duration: 60.03123164176941
iteration monitoring count: 1704
actual_itr_duration: 60.03289604187012
iteration monitoring count: 1704
actual_itr_duration: 60.03431940078735
iteration monitoring count: 1704
actual_itr_duration: 60.03152012825012
iteration monitoring count: 1704
actual_itr_duration: 60.03608012199402
iteration monitoring count: 1704
actual_itr_duration: 60.03247547149658
iteration monitoring count: 1704
actual_itr_duration: 60.03255605697632
iteration monitoring count: 1704
actual_itr_duration: 60.03260397911072
iteration monitoring count: 1704
actual_itr_duration: 60.029579162597656
iteration monitoring count: 1704
actual_itr_duration: 60.030126094818115
iteration monitoring count: 1704
actual_itr_duration: 60.02950572967529
iteration monitoring count: 1704
actual_itr_duration: 60.03255486488342
iteration monitoring count: 1704
actual_itr_duration: 60.032660722732544
iteration monitoring count: 1704
actual_itr_duration: 60.03123879432678
iteration monitoring count: 1704
actual_itr_duration: 60.029327154159546
iteration monitoring count: 1704
actual_itr_duration: 60.02893090248108
iteration monitoring count: 1704
actual_itr_duration: 60.03042411804199
iteration monitoring count: 1704
actual_itr_duration: 60.03009510040283
iteration monitoring count: 1704
actual_itr_duration: 60.029738426208496
iteration monitoring count: 1704
actual_itr_duration: 60.02915287017822
iteration monitoring count: 1704
actual_itr_duration: 60.02936935424805
iteration monitoring count: 1704
actual_itr_duration: 60.029441356658936
iteration monitoring count: 1704
actual_itr_duration: 60.02915692329407
iteration monitoring count: 1704
actual_itr_duration: 60.03195929527283
iteration monitoring count: 1704
actual_itr_duration: 60.02918720245361
iteration monitoring count: 1704
actual_itr_duration: 60.02917551994324
iteration monitoring count: 1704
actual_itr_duration: 60.02993130683899
iteration monitoring count: 1704
actual_itr_duration: 60.029762268066406
iteration monitoring count: 1704
actual_itr_duration: 60.02771592140198
iteration monitoring count: 1704
actual_itr_duration: 60.03315806388855
iteration monitoring count: 1704
actual_itr_duration: 60.039820194244385
iteration monitoring count: 1704
actual_itr_duration: 60.0304172039032
iteration monitoring count: 1704
actual_itr_duration: 60.03599309921265
iteration monitoring count: 1704
actual_itr_duration: 60.0440788269043
iteration monitoring count: 1710
actual_itr_duration: 60.02890586853027
iteration monitoring count: 1704
actual_itr_duration: 60.03359651565552
iteration monitoring count: 1704
actual_itr_duration: 60.03325915336609
iteration monitoring count: 1704
actual_itr_duration: 60.03237056732178
iteration monitoring count: 1704
actual_itr_duration: 60.02806758880615
iteration monitoring count: 1704
actual_itr_duration: 60.02854037284851
iteration monitoring count: 1704
actual_itr_duration: 60.03018593788147
iteration monitoring count: 1704
actual_itr_duration: 60.03253221511841
iteration monitoring count: 1704
actual_itr_duration: 60.03654146194458
iteration monitoring count: 1704
actual_itr_duration: 60.03288006782532
iteration monitoring count: 1704
actual_itr_duration: 60.03254413604736
iteration monitoring count: 1704
actual_itr_duration: 60.029340982437134
iteration monitoring count: 1704
actual_itr_duration: 60.029722452163696
iteration monitoring count: 1704
actual_itr_duration: 60.03069281578064
iteration monitoring count: 1704
actual_itr_duration: 60.029693365097046
iteration monitoring count: 1704
actual_itr_duration: 60.041813135147095
iteration monitoring count: 1704
actual_itr_duration: 60.029319047927856
iteration monitoring count: 1704
actual_itr_duration: 60.03547167778015
iteration monitoring count: 1704
actual_itr_duration: 60.030003786087036
iteration monitoring count: 1704
actual_itr_duration: 60.031038761138916
iteration monitoring count: 1704
actual_itr_duration: 60.03334927558899
iteration monitoring count: 1704
actual_itr_duration: 60.02993869781494
iteration monitoring count: 1704
actual_itr_duration: 60.03012442588806
iteration monitoring count: 1704
actual_itr_duration: 60.02867794036865
iteration monitoring count: 1704
actual_itr_duration: 60.027501344680786
iteration monitoring count: 1704
actual_itr_duration: 60.03013467788696
iteration monitoring count: 1704
actual_itr_duration: 60.030041217803955
iteration monitoring count: 1704
actual_itr_duration: 60.073296308517456
iteration monitoring count: 1704
actual_itr_duration: 60.02942419052124
iteration monitoring count: 1704
actual_itr_duration: 60.03150725364685
iteration monitoring count: 1704
actual_itr_duration: 60.03252053260803
iteration monitoring count: 1704
************* Iterations durations
/home/salma/GIT/salma-thesis/lab/energy-variability-study/traces/#24_iot-lab/#24_341606/consumption/rpi3_4.oml
actual_itr_duration: 60.030320167541504
iteration monitoring count: 1704
actual_itr_duration: 60.0343120098114
iteration monitoring count: 1704
actual_itr_duration: 60.02911710739136
iteration monitoring count: 1704
actual_itr_duration: 60.029292821884155
iteration monitoring count: 1704
actual_itr_duration: 60.029844522476196
iteration monitoring count: 1704
actual_itr_duration: 60.02927923202515
iteration monitoring count: 1704
actual_itr_duration: 60.04917621612549
iteration monitoring count: 1704
actual_itr_duration: 60.029542684555054
iteration monitoring count: 1704
actual_itr_duration: 60.02951169013977
iteration monitoring count: 1704
actual_itr_duration: 60.030492544174194
iteration monitoring count: 1704
actual_itr_duration: 60.03073215484619
iteration monitoring count: 1704
actual_itr_duration: 60.03402233123779
iteration monitoring count: 1704
actual_itr_duration: 60.02959108352661
iteration monitoring count: 1704
actual_itr_duration: 60.030110120773315
iteration monitoring count: 1704
actual_itr_duration: 60.029561281204224
iteration monitoring count: 1704
actual_itr_duration: 60.02900576591492
iteration monitoring count: 1704
actual_itr_duration: 60.03072738647461
iteration monitoring count: 1704
actual_itr_duration: 60.02960824966431
iteration monitoring count: 1704
actual_itr_duration: 60.04510712623596
iteration monitoring count: 1704
actual_itr_duration: 60.03026294708252
iteration monitoring count: 1704
actual_itr_duration: 60.02896785736084
iteration monitoring count: 1704
actual_itr_duration: 60.03334331512451
iteration monitoring count: 1704
actual_itr_duration: 60.029486417770386
iteration monitoring count: 1704
actual_itr_duration: 60.02982711791992
iteration monitoring count: 1704
actual_itr_duration: 60.02996635437012
iteration monitoring count: 1704
actual_itr_duration: 60.02949047088623
iteration monitoring count: 1704
actual_itr_duration: 60.02975392341614
iteration monitoring count: 1704
actual_itr_duration: 60.03024196624756
iteration monitoring count: 1698
actual_itr_duration: 60.035090923309326
iteration monitoring count: 1704
actual_itr_duration: 60.03213691711426
iteration monitoring count: 1704
actual_itr_duration: 60.03677749633789
iteration monitoring count: 1704
actual_itr_duration: 60.03322911262512
iteration monitoring count: 1704
actual_itr_duration: 60.034879207611084
iteration monitoring count: 1704
actual_itr_duration: 60.0329372882843
iteration monitoring count: 1704
actual_itr_duration: 60.032355546951294
iteration monitoring count: 1704
actual_itr_duration: 60.03416156768799
iteration monitoring count: 1704
actual_itr_duration: 60.028807163238525
iteration monitoring count: 1704
actual_itr_duration: 60.04386258125305
iteration monitoring count: 1704
actual_itr_duration: 60.029269218444824
iteration monitoring count: 1704
actual_itr_duration: 60.029887199401855
iteration monitoring count: 1704
actual_itr_duration: 60.03536653518677
iteration monitoring count: 1704
actual_itr_duration: 60.03034019470215
iteration monitoring count: 1704
actual_itr_duration: 60.03248453140259
iteration monitoring count: 1704
actual_itr_duration: 60.03019642829895
iteration monitoring count: 1704
actual_itr_duration: 60.02908945083618
iteration monitoring count: 1704
actual_itr_duration: 60.029839515686035
iteration monitoring count: 1704
actual_itr_duration: 60.02865171432495
iteration monitoring count: 1704
actual_itr_duration: 60.03074669837952
iteration monitoring count: 1704
actual_itr_duration: 60.02900981903076
iteration monitoring count: 1698
actual_itr_duration: 60.04230189323425
iteration monitoring count: 1704
actual_itr_duration: 60.037535429000854
iteration monitoring count: 1704
actual_itr_duration: 60.029404640197754
iteration monitoring count: 1704
actual_itr_duration: 60.03520679473877
iteration monitoring count: 1704
actual_itr_duration: 60.02965998649597
iteration monitoring count: 1704
actual_itr_duration: 60.06133580207825
iteration monitoring count: 1704
actual_itr_duration: 60.02946496009827
iteration monitoring count: 1704
actual_itr_duration: 60.038662910461426
iteration monitoring count: 1704
actual_itr_duration: 60.029412031173706
iteration monitoring count: 1704
actual_itr_duration: 60.0285964012146
iteration monitoring count: 1704
actual_itr_duration: 60.031235694885254
iteration monitoring count: 1704
actual_itr_duration: 60.02980160713196
iteration monitoring count: 1704
actual_itr_duration: 60.06884717941284
iteration monitoring count: 1704
actual_itr_duration: 60.0325391292572
iteration monitoring count: 1704
actual_itr_duration: 60.03466320037842
iteration monitoring count: 1704
actual_itr_duration: 60.029467821121216
iteration monitoring count: 1704
actual_itr_duration: 60.028823375701904
iteration monitoring count: 1704
actual_itr_duration: 60.028382778167725
iteration monitoring count: 1704
actual_itr_duration: 60.03186321258545
iteration monitoring count: 1704
actual_itr_duration: 60.04301142692566
iteration monitoring count: 1704
actual_itr_duration: 60.02928042411804
iteration monitoring count: 1704
actual_itr_duration: 60.03034782409668
iteration monitoring count: 1704
actual_itr_duration: 60.02949523925781
iteration monitoring count: 1704
actual_itr_duration: 60.03368377685547
iteration monitoring count: 1704
actual_itr_duration: 60.05503296852112
iteration monitoring count: 1704
actual_itr_duration: 60.0301034450531
iteration monitoring count: 1704
actual_itr_duration: 60.02946472167969
iteration monitoring count: 1704
actual_itr_duration: 60.02678990364075
iteration monitoring count: 1704
actual_itr_duration: 60.029329776763916
iteration monitoring count: 1704
actual_itr_duration: 60.03002214431763
iteration monitoring count: 1704
actual_itr_duration: 60.029229164123535
iteration monitoring count: 1704
actual_itr_duration: 60.04956245422363
iteration monitoring count: 1710
actual_itr_duration: 60.02889037132263
iteration monitoring count: 1704
actual_itr_duration: 60.03267288208008
iteration monitoring count: 1704
actual_itr_duration: 60.035600900650024
iteration monitoring count: 1704
actual_itr_duration: 60.033836126327515
iteration monitoring count: 1704
actual_itr_duration: 60.03437399864197
iteration monitoring count: 1704
actual_itr_duration: 60.031787395477295
iteration monitoring count: 1704
actual_itr_duration: 60.035585165023804
iteration monitoring count: 1704
actual_itr_duration: 60.03040409088135
iteration monitoring count: 1704
actual_itr_duration: 60.029435873031616
iteration monitoring count: 1704
actual_itr_duration: 60.02999424934387
iteration monitoring count: 1704
actual_itr_duration: 60.032177686691284
iteration monitoring count: 1704
actual_itr_duration: 60.03052258491516
iteration monitoring count: 1704
actual_itr_duration: 60.03225326538086
iteration monitoring count: 1704
actual_itr_duration: 60.029218912124634
iteration monitoring count: 1704
actual_itr_duration: 60.031349897384644
iteration monitoring count: 1704
actual_itr_duration: 60.02977967262268
iteration monitoring count: 1704
actual_itr_duration: 60.03147745132446
iteration monitoring count: 1704
actual_itr_duration: 60.029152154922485
iteration monitoring count: 1704
actual_itr_duration: 60.03325915336609
iteration monitoring count: 1704
************* Iterations durations
/home/salma/GIT/salma-thesis/lab/energy-variability-study/traces/#24_iot-lab/#24_341619/consumption/rpi3_4.oml
actual_itr_duration: 60.034588098526
iteration monitoring count: 1704
actual_itr_duration: 60.03105092048645
iteration monitoring count: 1704
actual_itr_duration: 60.02974057197571
iteration monitoring count: 1704
actual_itr_duration: 60.02877449989319
iteration monitoring count: 1704
actual_itr_duration: 60.0305438041687
iteration monitoring count: 1704
actual_itr_duration: 60.02883958816528
iteration monitoring count: 1704
actual_itr_duration: 60.02990388870239
iteration monitoring count: 1704
actual_itr_duration: 60.03285527229309
iteration monitoring count: 1704
actual_itr_duration: 60.033976316452026
iteration monitoring count: 1704
actual_itr_duration: 60.0286283493042
iteration monitoring count: 1704
actual_itr_duration: 60.029505014419556
iteration monitoring count: 1704
actual_itr_duration: 60.031211376190186
iteration monitoring count: 1704
actual_itr_duration: 60.02955770492554
iteration monitoring count: 1704
actual_itr_duration: 60.03323221206665
iteration monitoring count: 1704
actual_itr_duration: 60.03019094467163
iteration monitoring count: 1704
actual_itr_duration: 60.029072761535645
iteration monitoring count: 1704
actual_itr_duration: 60.02850294113159
iteration monitoring count: 1704
actual_itr_duration: 60.02847337722778
iteration monitoring count: 1704
actual_itr_duration: 60.03071451187134
iteration monitoring count: 1704
actual_itr_duration: 60.028706312179565
iteration monitoring count: 1704
actual_itr_duration: 60.02924680709839
iteration monitoring count: 1704
actual_itr_duration: 60.02901029586792
iteration monitoring count: 1704
actual_itr_duration: 60.02983379364014
iteration monitoring count: 1704
actual_itr_duration: 60.02748918533325
iteration monitoring count: 1704
actual_itr_duration: 60.03408885002136
iteration monitoring count: 1704
actual_itr_duration: 60.03518581390381
iteration monitoring count: 1704
actual_itr_duration: 60.040207386016846
iteration monitoring count: 1704
actual_itr_duration: 60.03252172470093
iteration monitoring count: 1704
actual_itr_duration: 60.03325080871582
iteration monitoring count: 1704
actual_itr_duration: 60.03243637084961
iteration monitoring count: 1704
actual_itr_duration: 60.03257513046265
iteration monitoring count: 1704
actual_itr_duration: 60.03450655937195
iteration monitoring count: 1704
actual_itr_duration: 60.03256702423096
iteration monitoring count: 1704
actual_itr_duration: 60.03349304199219
iteration monitoring count: 1704
actual_itr_duration: 60.02993297576904
iteration monitoring count: 1704
actual_itr_duration: 60.02899217605591
iteration monitoring count: 1704
actual_itr_duration: 60.029433250427246
iteration monitoring count: 1704
actual_itr_duration: 60.02965712547302
iteration monitoring count: 1704
actual_itr_duration: 60.02971577644348
iteration monitoring count: 1704
actual_itr_duration: 60.0301616191864
iteration monitoring count: 1704
actual_itr_duration: 60.03028345108032
iteration monitoring count: 1704
actual_itr_duration: 60.02946758270264
iteration monitoring count: 1704
actual_itr_duration: 60.0292022228241
iteration monitoring count: 1704
actual_itr_duration: 60.029598236083984
iteration monitoring count: 1704
actual_itr_duration: 60.02906060218811
iteration monitoring count: 1704
actual_itr_duration: 60.04132628440857
iteration monitoring count: 1704
actual_itr_duration: 60.029157638549805
iteration monitoring count: 1704
actual_itr_duration: 60.031489610672
iteration monitoring count: 1704
actual_itr_duration: 60.029327154159546
iteration monitoring count: 1704
actual_itr_duration: 60.02963924407959
iteration monitoring count: 1704
actual_itr_duration: 60.02989959716797
iteration monitoring count: 1704
actual_itr_duration: 60.02890706062317
iteration monitoring count: 1704
actual_itr_duration: 60.028916358947754
iteration monitoring count: 1704
actual_itr_duration: 60.02975797653198
iteration monitoring count: 1704
actual_itr_duration: 60.02983283996582
iteration monitoring count: 1704
actual_itr_duration: 60.03044772148132
iteration monitoring count: 1704
actual_itr_duration: 60.02949905395508
iteration monitoring count: 1698
actual_itr_duration: 60.08559226989746
iteration monitoring count: 1704
actual_itr_duration: 60.029168128967285
iteration monitoring count: 1704
actual_itr_duration: 60.02922987937927
iteration monitoring count: 1704
actual_itr_duration: 60.029775619506836
iteration monitoring count: 1704
actual_itr_duration: 60.029420375823975
iteration monitoring count: 1704
actual_itr_duration: 60.02970767021179
iteration monitoring count: 1704
actual_itr_duration: 60.029544830322266
iteration monitoring count: 1704
actual_itr_duration: 60.042638540267944
iteration monitoring count: 1704
actual_itr_duration: 60.029396295547485
iteration monitoring count: 1704
actual_itr_duration: 60.03060984611511
iteration monitoring count: 1704
actual_itr_duration: 60.03202939033508
iteration monitoring count: 1704
actual_itr_duration: 60.031824350357056
iteration monitoring count: 1704
actual_itr_duration: 60.03148531913757
iteration monitoring count: 1704
actual_itr_duration: 60.03250455856323
iteration monitoring count: 1704
actual_itr_duration: 60.03412461280823
iteration monitoring count: 1704
actual_itr_duration: 60.0333514213562
iteration monitoring count: 1704
actual_itr_duration: 60.03268027305603
iteration monitoring count: 1704
actual_itr_duration: 60.03040266036987
iteration monitoring count: 1704
actual_itr_duration: 60.0299334526062
iteration monitoring count: 1704
actual_itr_duration: 60.03680372238159
iteration monitoring count: 1704
actual_itr_duration: 60.02900195121765
iteration monitoring count: 1704
actual_itr_duration: 60.02910804748535
iteration monitoring count: 1704
actual_itr_duration: 60.03227376937866
iteration monitoring count: 1704
actual_itr_duration: 60.029497146606445
iteration monitoring count: 1704
actual_itr_duration: 60.02972078323364
iteration monitoring count: 1704
actual_itr_duration: 60.0294873714447
iteration monitoring count: 1698
actual_itr_duration: 60.02891397476196
iteration monitoring count: 1704
actual_itr_duration: 60.03013825416565
iteration monitoring count: 1704
actual_itr_duration: 60.028831481933594
iteration monitoring count: 1704
actual_itr_duration: 60.02910661697388
iteration monitoring count: 1704
actual_itr_duration: 60.030102252960205
iteration monitoring count: 1704
actual_itr_duration: 60.04277014732361
iteration monitoring count: 1704
actual_itr_duration: 60.0318877696991
iteration monitoring count: 1704
actual_itr_duration: 60.02863669395447
iteration monitoring count: 1704
actual_itr_duration: 60.02977705001831
iteration monitoring count: 1704
actual_itr_duration: 60.029210567474365
iteration monitoring count: 1704
actual_itr_duration: 60.0299026966095
iteration monitoring count: 1704
actual_itr_duration: 60.0291211605072
iteration monitoring count: 1704
actual_itr_duration: 60.02840256690979
iteration monitoring count: 1704
actual_itr_duration: 60.02901268005371
iteration monitoring count: 1704
actual_itr_duration: 60.02894043922424
iteration monitoring count: 1704
actual_itr_duration: 60.03138875961304
iteration monitoring count: 1704
actual_itr_duration: 60.05371379852295
iteration monitoring count: 1704