
************* Iterations durations
/home/salma/GIT/salma-thesis/lab/energy-variability-study/traces/#24_iot-lab/#24_341478/consumption/rpi3_3.oml
actual_itr_duration: 60.031657695770264
iteration monitoring count: 1734
actual_itr_duration: 60.032777309417725
iteration monitoring count: 1740
actual_itr_duration: 60.02912664413452
iteration monitoring count: 1734
actual_itr_duration: 60.02885365486145
iteration monitoring count: 1734
actual_itr_duration: 60.02936577796936
iteration monitoring count: 1734
actual_itr_duration: 60.029383182525635
iteration monitoring count: 1734
actual_itr_duration: 60.02910351753235
iteration monitoring count: 1734
actual_itr_duration: 60.028990268707275
iteration monitoring count: 1734
actual_itr_duration: 60.06808304786682
iteration monitoring count: 1734
actual_itr_duration: 60.028177976608276
iteration monitoring count: 1740
actual_itr_duration: 60.0309112071991
iteration monitoring count: 1734
actual_itr_duration: 60.03184366226196
iteration monitoring count: 1734
actual_itr_duration: 60.03426718711853
iteration monitoring count: 1734
actual_itr_duration: 60.029479026794434
iteration monitoring count: 1740
actual_itr_duration: 60.02863049507141
iteration monitoring count: 1734
actual_itr_duration: 60.034438133239746
iteration monitoring count: 1734
actual_itr_duration: 60.02866792678833
iteration monitoring count: 1734
actual_itr_duration: 60.02829194068909
iteration monitoring count: 1740
actual_itr_duration: 60.02959728240967
iteration monitoring count: 1734
actual_itr_duration: 60.030747413635254
iteration monitoring count: 1734
actual_itr_duration: 60.04537272453308
iteration monitoring count: 1734
actual_itr_duration: 60.0360107421875
iteration monitoring count: 1740
actual_itr_duration: 60.03423070907593
iteration monitoring count: 1734
actual_itr_duration: 60.02815294265747
iteration monitoring count: 1734
actual_itr_duration: 60.03008556365967
iteration monitoring count: 1734
actual_itr_duration: 60.03312921524048
iteration monitoring count: 1740
actual_itr_duration: 60.029112815856934
iteration monitoring count: 1734
actual_itr_duration: 60.03221082687378
iteration monitoring count: 1734
actual_itr_duration: 60.02939057350159
iteration monitoring count: 1740
actual_itr_duration: 60.0299870967865
iteration monitoring count: 1734
actual_itr_duration: 60.03105449676514
iteration monitoring count: 1734
actual_itr_duration: 60.03514742851257
iteration monitoring count: 1734
actual_itr_duration: 60.032254457473755
iteration monitoring count: 1734
actual_itr_duration: 60.02877902984619
iteration monitoring count: 1734
actual_itr_duration: 60.034947633743286
iteration monitoring count: 1740
actual_itr_duration: 60.03046941757202
iteration monitoring count: 1734
actual_itr_duration: 60.03077220916748
iteration monitoring count: 1734
actual_itr_duration: 60.030054807662964
iteration monitoring count: 1740
actual_itr_duration: 60.02828502655029
iteration monitoring count: 1734
actual_itr_duration: 60.05504393577576
iteration monitoring count: 1734
actual_itr_duration: 60.028862714767456
iteration monitoring count: 1734
actual_itr_duration: 60.031853914260864
iteration monitoring count: 1734
actual_itr_duration: 60.03353714942932
iteration monitoring count: 1734
actual_itr_duration: 60.0268349647522
iteration monitoring count: 1734
actual_itr_duration: 60.02993369102478
iteration monitoring count: 1734
actual_itr_duration: 60.029770851135254
iteration monitoring count: 1740
actual_itr_duration: 60.03750967979431
iteration monitoring count: 1734
actual_itr_duration: 60.029584646224976
iteration monitoring count: 1734
actual_itr_duration: 60.0294623374939
iteration monitoring count: 1734
actual_itr_duration: 60.03026819229126
iteration monitoring count: 1734
actual_itr_duration: 60.0295307636261
iteration monitoring count: 1740
actual_itr_duration: 60.029744148254395
iteration monitoring count: 1734
actual_itr_duration: 60.04785895347595
iteration monitoring count: 1734
actual_itr_duration: 60.1167151927948
iteration monitoring count: 1734
actual_itr_duration: 60.02968144416809
iteration monitoring count: 1734
actual_itr_duration: 60.02946376800537
iteration monitoring count: 1734
actual_itr_duration: 60.02988600730896
iteration monitoring count: 1734
actual_itr_duration: 60.02967691421509
iteration monitoring count: 1734
actual_itr_duration: 60.03040146827698
iteration monitoring count: 1740
actual_itr_duration: 60.02893805503845
iteration monitoring count: 1734
actual_itr_duration: 60.02944540977478
iteration monitoring count: 1740
actual_itr_duration: 60.0287606716156
iteration monitoring count: 1734
actual_itr_duration: 60.03131890296936
iteration monitoring count: 1734
actual_itr_duration: 60.03633785247803
iteration monitoring count: 1734
actual_itr_duration: 60.0288987159729
iteration monitoring count: 1734
actual_itr_duration: 60.0377459526062
iteration monitoring count: 1740
actual_itr_duration: 60.02957344055176
iteration monitoring count: 1734
actual_itr_duration: 60.02847170829773
iteration monitoring count: 1734
actual_itr_duration: 60.028868198394775
iteration monitoring count: 1734
actual_itr_duration: 60.02949595451355
iteration monitoring count: 1734
actual_itr_duration: 60.07982349395752
iteration monitoring count: 1740
actual_itr_duration: 60.029441118240356
iteration monitoring count: 1734
actual_itr_duration: 60.031771183013916
iteration monitoring count: 1740
actual_itr_duration: 60.03118109703064
iteration monitoring count: 1734
actual_itr_duration: 60.02924680709839
iteration monitoring count: 1734
actual_itr_duration: 60.03072214126587
iteration monitoring count: 1734
actual_itr_duration: 60.02908968925476
iteration monitoring count: 1734
actual_itr_duration: 60.0340940952301
iteration monitoring count: 1734
actual_itr_duration: 60.02986669540405
iteration monitoring count: 1740
actual_itr_duration: 60.03339171409607
iteration monitoring count: 1734
actual_itr_duration: 60.0347466468811
iteration monitoring count: 1740
actual_itr_duration: 60.03701186180115
iteration monitoring count: 1734
actual_itr_duration: 60.04378843307495
iteration monitoring count: 1734
actual_itr_duration: 60.03352499008179
iteration monitoring count: 1740
actual_itr_duration: 60.04244065284729
iteration monitoring count: 1734
actual_itr_duration: 60.02964115142822
iteration monitoring count: 1740
actual_itr_duration: 60.028939962387085
iteration monitoring count: 1734
actual_itr_duration: 60.02976441383362
iteration monitoring count: 1734
actual_itr_duration: 60.029396295547485
iteration monitoring count: 1740
actual_itr_duration: 60.03100371360779
iteration monitoring count: 1734
actual_itr_duration: 60.03243446350098
iteration monitoring count: 1734
actual_itr_duration: 60.03323245048523
iteration monitoring count: 1734
actual_itr_duration: 60.0399751663208
iteration monitoring count: 1734
actual_itr_duration: 60.03062844276428
iteration monitoring count: 1734
actual_itr_duration: 60.03036952018738
iteration monitoring count: 1734
actual_itr_duration: 60.03039526939392
iteration monitoring count: 1734
actual_itr_duration: 60.033268213272095
iteration monitoring count: 1740
actual_itr_duration: 60.03279256820679
iteration monitoring count: 1734
actual_itr_duration: 60.03276014328003
iteration monitoring count: 1734
actual_itr_duration: 60.03340792655945
iteration monitoring count: 1734
************* Iterations durations
/home/salma/GIT/salma-thesis/lab/energy-variability-study/traces/#24_iot-lab/#24_341493/consumption/rpi3_3.oml
actual_itr_duration: 60.03123235702515
iteration monitoring count: 1734
actual_itr_duration: 60.036102294921875
iteration monitoring count: 1740
actual_itr_duration: 60.02976441383362
iteration monitoring count: 1734
actual_itr_duration: 60.030070781707764
iteration monitoring count: 1734
actual_itr_duration: 60.02875280380249
iteration monitoring count: 1734
actual_itr_duration: 60.03456091880798
iteration monitoring count: 1734
actual_itr_duration: 60.029258012771606
iteration monitoring count: 1740
actual_itr_duration: 60.029006481170654
iteration monitoring count: 1734
actual_itr_duration: 60.0332989692688
iteration monitoring count: 1734
actual_itr_duration: 60.031139612197876
iteration monitoring count: 1734
actual_itr_duration: 60.033191204071045
iteration monitoring count: 1734
actual_itr_duration: 60.036856174468994
iteration monitoring count: 1734
actual_itr_duration: 60.02946448326111
iteration monitoring count: 1734
actual_itr_duration: 60.03158259391785
iteration monitoring count: 1734
actual_itr_duration: 60.02853322029114
iteration monitoring count: 1740
actual_itr_duration: 60.02993035316467
iteration monitoring count: 1734
actual_itr_duration: 60.02833557128906
iteration monitoring count: 1734
actual_itr_duration: 60.033365964889526
iteration monitoring count: 1734
actual_itr_duration: 60.02906942367554
iteration monitoring count: 1734
actual_itr_duration: 60.03193998336792
iteration monitoring count: 1740
actual_itr_duration: 60.03178930282593
iteration monitoring count: 1734
actual_itr_duration: 60.0310595035553
iteration monitoring count: 1734
actual_itr_duration: 60.030330657958984
iteration monitoring count: 1734
actual_itr_duration: 60.028990030288696
iteration monitoring count: 1734
actual_itr_duration: 60.02684497833252
iteration monitoring count: 1734
actual_itr_duration: 60.03042435646057
iteration monitoring count: 1734
actual_itr_duration: 60.03160309791565
iteration monitoring count: 1734
actual_itr_duration: 60.03008484840393
iteration monitoring count: 1734
actual_itr_duration: 60.02930188179016
iteration monitoring count: 1734
actual_itr_duration: 60.0481481552124
iteration monitoring count: 1734
actual_itr_duration: 60.03051519393921
iteration monitoring count: 1734
actual_itr_duration: 60.02973771095276
iteration monitoring count: 1734
actual_itr_duration: 60.03679943084717
iteration monitoring count: 1740
actual_itr_duration: 60.029531478881836
iteration monitoring count: 1734
actual_itr_duration: 60.029813051223755
iteration monitoring count: 1734
actual_itr_duration: 60.02837538719177
iteration monitoring count: 1734
actual_itr_duration: 60.05523991584778
iteration monitoring count: 1734
actual_itr_duration: 60.03184366226196
iteration monitoring count: 1740
actual_itr_duration: 60.02911877632141
iteration monitoring count: 1734
actual_itr_duration: 60.02913498878479
iteration monitoring count: 1734
actual_itr_duration: 60.02969408035278
iteration monitoring count: 1740
actual_itr_duration: 60.03915095329285
iteration monitoring count: 1734
actual_itr_duration: 60.03161978721619
iteration monitoring count: 1734
actual_itr_duration: 60.030699729919434
iteration monitoring count: 1734
actual_itr_duration: 60.02942514419556
iteration monitoring count: 1734
actual_itr_duration: 60.02968645095825
iteration monitoring count: 1740
actual_itr_duration: 60.03162622451782
iteration monitoring count: 1734
actual_itr_duration: 60.033247232437134
iteration monitoring count: 1734
actual_itr_duration: 60.047507762908936
iteration monitoring count: 1740
actual_itr_duration: 60.03488540649414
iteration monitoring count: 1734
actual_itr_duration: 60.0479371547699
iteration monitoring count: 1734
actual_itr_duration: 60.04114317893982
iteration monitoring count: 1734
actual_itr_duration: 60.03592658042908
iteration monitoring count: 1734
actual_itr_duration: 60.03763794898987
iteration monitoring count: 1740
actual_itr_duration: 60.032212257385254
iteration monitoring count: 1734
actual_itr_duration: 60.031087160110474
iteration monitoring count: 1734
actual_itr_duration: 60.03014612197876
iteration monitoring count: 1734
actual_itr_duration: 60.02866244316101
iteration monitoring count: 1734
actual_itr_duration: 60.02856516838074
iteration monitoring count: 1740
actual_itr_duration: 60.02972221374512
iteration monitoring count: 1734
actual_itr_duration: 60.03939485549927
iteration monitoring count: 1734
actual_itr_duration: 60.03251123428345
iteration monitoring count: 1734
actual_itr_duration: 60.032620668411255
iteration monitoring count: 1740
actual_itr_duration: 60.02936840057373
iteration monitoring count: 1740
actual_itr_duration: 60.02897810935974
iteration monitoring count: 1734
actual_itr_duration: 60.02908658981323
iteration monitoring count: 1734
actual_itr_duration: 60.02913546562195
iteration monitoring count: 1734
actual_itr_duration: 60.03446674346924
iteration monitoring count: 1734
actual_itr_duration: 60.0316116809845
iteration monitoring count: 1734
actual_itr_duration: 60.04956102371216
iteration monitoring count: 1734
actual_itr_duration: 60.03540253639221
iteration monitoring count: 1740
actual_itr_duration: 60.02970743179321
iteration monitoring count: 1734
actual_itr_duration: 60.03248977661133
iteration monitoring count: 1734
actual_itr_duration: 60.02842855453491
iteration monitoring count: 1734
actual_itr_duration: 60.02925968170166
iteration monitoring count: 1734
actual_itr_duration: 60.02952790260315
iteration monitoring count: 1740
actual_itr_duration: 60.02935314178467
iteration monitoring count: 1734
actual_itr_duration: 60.03014540672302
iteration monitoring count: 1734
actual_itr_duration: 60.0295786857605
iteration monitoring count: 1740
actual_itr_duration: 60.05695629119873
iteration monitoring count: 1734
actual_itr_duration: 60.02905058860779
iteration monitoring count: 1734
actual_itr_duration: 60.032753229141235
iteration monitoring count: 1734
actual_itr_duration: 60.0337278842926
iteration monitoring count: 1734
actual_itr_duration: 60.03217029571533
iteration monitoring count: 1734
actual_itr_duration: 60.037482261657715
iteration monitoring count: 1740
actual_itr_duration: 60.028913259506226
iteration monitoring count: 1734
actual_itr_duration: 60.03363084793091
iteration monitoring count: 1734
actual_itr_duration: 60.02889585494995
iteration monitoring count: 1734
actual_itr_duration: 60.03017020225525
iteration monitoring count: 1734
actual_itr_duration: 60.0317165851593
iteration monitoring count: 1734
actual_itr_duration: 60.03296947479248
iteration monitoring count: 1734
actual_itr_duration: 60.0318820476532
iteration monitoring count: 1734
actual_itr_duration: 60.03490900993347
iteration monitoring count: 1734
actual_itr_duration: 60.03529143333435
iteration monitoring count: 1734
actual_itr_duration: 60.032273054122925
iteration monitoring count: 1740
actual_itr_duration: 60.03168964385986
iteration monitoring count: 1734
actual_itr_duration: 60.03095889091492
iteration monitoring count: 1734
actual_itr_duration: 60.029006004333496
iteration monitoring count: 1734
actual_itr_duration: 60.03063941001892
iteration monitoring count: 1734
actual_itr_duration: 60.02933621406555
iteration monitoring count: 1734
************* Iterations durations
/home/salma/GIT/salma-thesis/lab/energy-variability-study/traces/#24_iot-lab/#24_341503/consumption/rpi3_3.oml
actual_itr_duration: 60.031737327575684
iteration monitoring count: 1734
actual_itr_duration: 60.0320565700531
iteration monitoring count: 1734
actual_itr_duration: 60.02831315994263
iteration monitoring count: 1734
actual_itr_duration: 60.029552698135376
iteration monitoring count: 1734
actual_itr_duration: 60.02843689918518
iteration monitoring count: 1734
actual_itr_duration: 60.03021597862244
iteration monitoring count: 1734
actual_itr_duration: 60.02995538711548
iteration monitoring count: 1734
actual_itr_duration: 60.0300714969635
iteration monitoring count: 1734
actual_itr_duration: 60.031251430511475
iteration monitoring count: 1740
actual_itr_duration: 60.02853536605835
iteration monitoring count: 1734
actual_itr_duration: 60.031840801239014
iteration monitoring count: 1734
actual_itr_duration: 60.03224515914917
iteration monitoring count: 1734
actual_itr_duration: 60.02978825569153
iteration monitoring count: 1734
actual_itr_duration: 60.032177448272705
iteration monitoring count: 1734
actual_itr_duration: 60.02907371520996
iteration monitoring count: 1740
actual_itr_duration: 60.02928185462952
iteration monitoring count: 1734
actual_itr_duration: 60.029062271118164
iteration monitoring count: 1734
actual_itr_duration: 60.029860734939575
iteration monitoring count: 1734
actual_itr_duration: 60.0290801525116
iteration monitoring count: 1734
actual_itr_duration: 60.08974885940552
iteration monitoring count: 1740
actual_itr_duration: 60.03239154815674
iteration monitoring count: 1734
actual_itr_duration: 60.031585693359375
iteration monitoring count: 1734
actual_itr_duration: 60.02833104133606
iteration monitoring count: 1734
actual_itr_duration: 60.028748750686646
iteration monitoring count: 1734
actual_itr_duration: 60.030766010284424
iteration monitoring count: 1740
actual_itr_duration: 60.02884221076965
iteration monitoring count: 1734
actual_itr_duration: 60.033448219299316
iteration monitoring count: 1734
actual_itr_duration: 60.02939748764038
iteration monitoring count: 1740
actual_itr_duration: 60.03196477890015
iteration monitoring count: 1734
actual_itr_duration: 60.03064036369324
iteration monitoring count: 1734
actual_itr_duration: 60.03078866004944
iteration monitoring count: 1740
actual_itr_duration: 60.03541707992554
iteration monitoring count: 1734
actual_itr_duration: 60.02958869934082
iteration monitoring count: 1740
actual_itr_duration: 60.02919578552246
iteration monitoring count: 1734
actual_itr_duration: 60.02991604804993
iteration monitoring count: 1734
actual_itr_duration: 60.027772188186646
iteration monitoring count: 1734
actual_itr_duration: 60.03014874458313
iteration monitoring count: 1734
actual_itr_duration: 60.028939962387085
iteration monitoring count: 1740
actual_itr_duration: 60.0353147983551
iteration monitoring count: 1734
actual_itr_duration: 60.036298513412476
iteration monitoring count: 1734
actual_itr_duration: 60.034770011901855
iteration monitoring count: 1734
actual_itr_duration: 60.03241300582886
iteration monitoring count: 1734
actual_itr_duration: 60.048155546188354
iteration monitoring count: 1740
actual_itr_duration: 60.03440260887146
iteration monitoring count: 1734
actual_itr_duration: 60.032846450805664
iteration monitoring count: 1734
actual_itr_duration: 60.02698302268982
iteration monitoring count: 1734
actual_itr_duration: 60.02928590774536
iteration monitoring count: 1734
actual_itr_duration: 60.02916169166565
iteration monitoring count: 1740
actual_itr_duration: 60.030025482177734
iteration monitoring count: 1734
actual_itr_duration: 60.0290789604187
iteration monitoring count: 1734
actual_itr_duration: 60.08576679229736
iteration monitoring count: 1740
actual_itr_duration: 60.02961444854736
iteration monitoring count: 1734
actual_itr_duration: 60.03839182853699
iteration monitoring count: 1734
actual_itr_duration: 60.03031134605408
iteration monitoring count: 1740
actual_itr_duration: 60.029207944869995
iteration monitoring count: 1734
actual_itr_duration: 60.031758308410645
iteration monitoring count: 1734
actual_itr_duration: 60.02886939048767
iteration monitoring count: 1734
actual_itr_duration: 60.04327321052551
iteration monitoring count: 1734
actual_itr_duration: 60.02862334251404
iteration monitoring count: 1734
actual_itr_duration: 60.03154277801514
iteration monitoring count: 1734
actual_itr_duration: 60.029157638549805
iteration monitoring count: 1734
actual_itr_duration: 60.02911567687988
iteration monitoring count: 1740
actual_itr_duration: 60.029566526412964
iteration monitoring count: 1734
actual_itr_duration: 60.02901077270508
iteration monitoring count: 1734
actual_itr_duration: 60.030502796173096
iteration monitoring count: 1734
actual_itr_duration: 60.02997970581055
iteration monitoring count: 1734
actual_itr_duration: 60.029311418533325
iteration monitoring count: 1734
actual_itr_duration: 60.03007769584656
iteration monitoring count: 1734
actual_itr_duration: 60.02869153022766
iteration monitoring count: 1734
actual_itr_duration: 60.037267208099365
iteration monitoring count: 1740
actual_itr_duration: 60.03214645385742
iteration monitoring count: 1734
actual_itr_duration: 60.03353261947632
iteration monitoring count: 1734
actual_itr_duration: 60.03274846076965
iteration monitoring count: 1740
actual_itr_duration: 60.02928280830383
iteration monitoring count: 1734
actual_itr_duration: 60.032047271728516
iteration monitoring count: 1734
actual_itr_duration: 60.02975106239319
iteration monitoring count: 1734
actual_itr_duration: 60.04966759681702
iteration monitoring count: 1734
actual_itr_duration: 60.02986550331116
iteration monitoring count: 1734
actual_itr_duration: 60.029356956481934
iteration monitoring count: 1734
actual_itr_duration: 60.0297908782959
iteration monitoring count: 1734
actual_itr_duration: 60.029627084732056
iteration monitoring count: 1734
actual_itr_duration: 60.03852581977844
iteration monitoring count: 1734
actual_itr_duration: 60.032615661621094
iteration monitoring count: 1734
actual_itr_duration: 60.03630042076111
iteration monitoring count: 1740
actual_itr_duration: 60.029521465301514
iteration monitoring count: 1734
actual_itr_duration: 60.02963304519653
iteration monitoring count: 1734
actual_itr_duration: 60.03073501586914
iteration monitoring count: 1740
actual_itr_duration: 60.03007197380066
iteration monitoring count: 1734
actual_itr_duration: 60.039121866226196
iteration monitoring count: 1734
actual_itr_duration: 60.03271794319153
iteration monitoring count: 1734
actual_itr_duration: 60.03248453140259
iteration monitoring count: 1734
actual_itr_duration: 60.03353476524353
iteration monitoring count: 1740
actual_itr_duration: 60.03648042678833
iteration monitoring count: 1734
actual_itr_duration: 60.03632998466492
iteration monitoring count: 1734
actual_itr_duration: 60.03324246406555
iteration monitoring count: 1734
actual_itr_duration: 60.03520894050598
iteration monitoring count: 1734
actual_itr_duration: 60.03030300140381
iteration monitoring count: 1740
actual_itr_duration: 60.02938175201416
iteration monitoring count: 1734
actual_itr_duration: 60.03012752532959
iteration monitoring count: 1734
actual_itr_duration: 60.02965068817139
iteration monitoring count: 1740
************* Iterations durations
/home/salma/GIT/salma-thesis/lab/energy-variability-study/traces/#24_iot-lab/#24_341513/consumption/rpi3_3.oml
actual_itr_duration: 60.033101320266724
iteration monitoring count: 1740
actual_itr_duration: 60.03105330467224
iteration monitoring count: 1734
actual_itr_duration: 60.03107786178589
iteration monitoring count: 1734
actual_itr_duration: 60.02924394607544
iteration monitoring count: 1740
actual_itr_duration: 60.029948234558105
iteration monitoring count: 1734
actual_itr_duration: 60.032241106033325
iteration monitoring count: 1734
actual_itr_duration: 60.02610754966736
iteration monitoring count: 1734
actual_itr_duration: 60.03014349937439
iteration monitoring count: 1734
actual_itr_duration: 60.02993059158325
iteration monitoring count: 1734
actual_itr_duration: 60.03539180755615
iteration monitoring count: 1734
actual_itr_duration: 60.034820795059204
iteration monitoring count: 1734
actual_itr_duration: 60.02877974510193
iteration monitoring count: 1740
actual_itr_duration: 60.03211712837219
iteration monitoring count: 1734
actual_itr_duration: 60.029475688934326
iteration monitoring count: 1734
actual_itr_duration: 60.029478788375854
iteration monitoring count: 1734
actual_itr_duration: 60.02894306182861
iteration monitoring count: 1734
actual_itr_duration: 60.02978157997131
iteration monitoring count: 1740
actual_itr_duration: 60.02946162223816
iteration monitoring count: 1734
actual_itr_duration: 60.02859711647034
iteration monitoring count: 1734
actual_itr_duration: 60.02949285507202
iteration monitoring count: 1734
actual_itr_duration: 60.02904534339905
iteration monitoring count: 1734
actual_itr_duration: 60.031076192855835
iteration monitoring count: 1734
actual_itr_duration: 60.04401135444641
iteration monitoring count: 1740
actual_itr_duration: 60.02980446815491
iteration monitoring count: 1734
actual_itr_duration: 60.02863788604736
iteration monitoring count: 1734
actual_itr_duration: 60.0433132648468
iteration monitoring count: 1740
actual_itr_duration: 60.03128099441528
iteration monitoring count: 1734
actual_itr_duration: 60.02976417541504
iteration monitoring count: 1734
actual_itr_duration: 60.030065059661865
iteration monitoring count: 1734
actual_itr_duration: 60.028644323349
iteration monitoring count: 1734
actual_itr_duration: 60.03241014480591
iteration monitoring count: 1734
actual_itr_duration: 60.03303599357605
iteration monitoring count: 1734
actual_itr_duration: 60.03088879585266
iteration monitoring count: 1734
actual_itr_duration: 60.03021287918091
iteration monitoring count: 1740
actual_itr_duration: 60.030117988586426
iteration monitoring count: 1734
actual_itr_duration: 60.02919030189514
iteration monitoring count: 1734
actual_itr_duration: 60.029839515686035
iteration monitoring count: 1734
actual_itr_duration: 60.02968692779541
iteration monitoring count: 1734
actual_itr_duration: 60.03009366989136
iteration monitoring count: 1734
actual_itr_duration: 60.02912640571594
iteration monitoring count: 1740
actual_itr_duration: 60.04512357711792
iteration monitoring count: 1734
actual_itr_duration: 60.02932333946228
iteration monitoring count: 1734
actual_itr_duration: 60.03163957595825
iteration monitoring count: 1740
actual_itr_duration: 60.029746294021606
iteration monitoring count: 1734
actual_itr_duration: 60.028642892837524
iteration monitoring count: 1734
actual_itr_duration: 60.030306577682495
iteration monitoring count: 1734
actual_itr_duration: 60.029911518096924
iteration monitoring count: 1734
actual_itr_duration: 60.04654288291931
iteration monitoring count: 1734
actual_itr_duration: 60.0303156375885
iteration monitoring count: 1734
actual_itr_duration: 60.028716802597046
iteration monitoring count: 1734
actual_itr_duration: 60.02866554260254
iteration monitoring count: 1734
actual_itr_duration: 60.03619408607483
iteration monitoring count: 1734
actual_itr_duration: 60.03380990028381
iteration monitoring count: 1734
actual_itr_duration: 60.03074598312378
iteration monitoring count: 1734
actual_itr_duration: 60.03015065193176
iteration monitoring count: 1734
actual_itr_duration: 60.03128409385681
iteration monitoring count: 1740
actual_itr_duration: 60.03420639038086
iteration monitoring count: 1734
actual_itr_duration: 60.03083944320679
iteration monitoring count: 1734
actual_itr_duration: 60.02997279167175
iteration monitoring count: 1740
actual_itr_duration: 60.03133296966553
iteration monitoring count: 1734
actual_itr_duration: 60.029717445373535
iteration monitoring count: 1734
actual_itr_duration: 60.032036542892456
iteration monitoring count: 1734
actual_itr_duration: 60.031267404556274
iteration monitoring count: 1734
actual_itr_duration: 60.038392066955566
iteration monitoring count: 1734
actual_itr_duration: 60.06053376197815
iteration monitoring count: 1740
actual_itr_duration: 60.03045630455017
iteration monitoring count: 1734
actual_itr_duration: 60.02933692932129
iteration monitoring count: 1734
actual_itr_duration: 60.03006052970886
iteration monitoring count: 1734
actual_itr_duration: 60.030771017074585
iteration monitoring count: 1740
actual_itr_duration: 60.02973008155823
iteration monitoring count: 1734
actual_itr_duration: 60.02887535095215
iteration monitoring count: 1734
actual_itr_duration: 60.029975175857544
iteration monitoring count: 1740
actual_itr_duration: 60.031635761260986
iteration monitoring count: 1734
actual_itr_duration: 60.03071975708008
iteration monitoring count: 1734
actual_itr_duration: 60.0298433303833
iteration monitoring count: 1734
actual_itr_duration: 60.02930784225464
iteration monitoring count: 1734
actual_itr_duration: 60.0305712223053
iteration monitoring count: 1734
actual_itr_duration: 60.02967286109924
iteration monitoring count: 1740
actual_itr_duration: 60.040446043014526
iteration monitoring count: 1740
actual_itr_duration: 60.030097007751465
iteration monitoring count: 1734
actual_itr_duration: 60.03140664100647
iteration monitoring count: 1734
actual_itr_duration: 60.03707671165466
iteration monitoring count: 1740
actual_itr_duration: 60.03107190132141
iteration monitoring count: 1734
actual_itr_duration: 60.04281282424927
iteration monitoring count: 1734
actual_itr_duration: 60.02959322929382
iteration monitoring count: 1740
actual_itr_duration: 60.02874398231506
iteration monitoring count: 1734
actual_itr_duration: 60.02982234954834
iteration monitoring count: 1734
actual_itr_duration: 60.02944588661194
iteration monitoring count: 1740
actual_itr_duration: 60.03210926055908
iteration monitoring count: 1734
actual_itr_duration: 60.07297730445862
iteration monitoring count: 1734
actual_itr_duration: 60.02936244010925
iteration monitoring count: 1734
actual_itr_duration: 60.029208183288574
iteration monitoring count: 1734
actual_itr_duration: 60.03015995025635
iteration monitoring count: 1734
actual_itr_duration: 60.029603719711304
iteration monitoring count: 1740
actual_itr_duration: 60.031994104385376
iteration monitoring count: 1740
actual_itr_duration: 60.02936887741089
iteration monitoring count: 1734
actual_itr_duration: 60.03677940368652
iteration monitoring count: 1734
actual_itr_duration: 60.03345346450806
iteration monitoring count: 1740
actual_itr_duration: 60.031562089920044
iteration monitoring count: 1734
actual_itr_duration: 60.03790473937988
iteration monitoring count: 1734
************* Iterations durations
/home/salma/GIT/salma-thesis/lab/energy-variability-study/traces/#24_iot-lab/#24_341528/consumption/rpi3_3.oml
actual_itr_duration: 60.03426504135132
iteration monitoring count: 1734
actual_itr_duration: 60.030951738357544
iteration monitoring count: 1734
actual_itr_duration: 60.02862000465393
iteration monitoring count: 1740
actual_itr_duration: 60.02943778038025
iteration monitoring count: 1734
actual_itr_duration: 60.032973289489746
iteration monitoring count: 1734
actual_itr_duration: 60.03013229370117
iteration monitoring count: 1740
actual_itr_duration: 60.05586576461792
iteration monitoring count: 1740
actual_itr_duration: 60.02981734275818
iteration monitoring count: 1734
actual_itr_duration: 60.03237533569336
iteration monitoring count: 1734
actual_itr_duration: 60.03679299354553
iteration monitoring count: 1740
actual_itr_duration: 60.03508186340332
iteration monitoring count: 1734
actual_itr_duration: 60.03979158401489
iteration monitoring count: 1734
actual_itr_duration: 60.03172969818115
iteration monitoring count: 1740
actual_itr_duration: 60.03318238258362
iteration monitoring count: 1734
actual_itr_duration: 60.03193783760071
iteration monitoring count: 1734
actual_itr_duration: 60.02910923957825
iteration monitoring count: 1734
actual_itr_duration: 60.03050446510315
iteration monitoring count: 1734
actual_itr_duration: 60.028542041778564
iteration monitoring count: 1734
actual_itr_duration: 60.035125732421875
iteration monitoring count: 1734
actual_itr_duration: 60.02926158905029
iteration monitoring count: 1740
actual_itr_duration: 60.03103828430176
iteration monitoring count: 1734
actual_itr_duration: 60.035590410232544
iteration monitoring count: 1734
actual_itr_duration: 60.029460430145264
iteration monitoring count: 1740
actual_itr_duration: 60.05582237243652
iteration monitoring count: 1734
actual_itr_duration: 60.02987003326416
iteration monitoring count: 1734
actual_itr_duration: 60.03364849090576
iteration monitoring count: 1740
actual_itr_duration: 60.028923988342285
iteration monitoring count: 1734
actual_itr_duration: 60.029808044433594
iteration monitoring count: 1734
actual_itr_duration: 60.04708218574524
iteration monitoring count: 1734
actual_itr_duration: 60.029744386672974
iteration monitoring count: 1734
actual_itr_duration: 60.032445669174194
iteration monitoring count: 1734
actual_itr_duration: 60.03175950050354
iteration monitoring count: 1734
actual_itr_duration: 60.03051829338074
iteration monitoring count: 1734
actual_itr_duration: 60.029624700546265
iteration monitoring count: 1734
actual_itr_duration: 60.029324769973755
iteration monitoring count: 1734
actual_itr_duration: 60.027064085006714
iteration monitoring count: 1740
actual_itr_duration: 60.02909326553345
iteration monitoring count: 1734
actual_itr_duration: 60.032970905303955
iteration monitoring count: 1734
actual_itr_duration: 60.03205680847168
iteration monitoring count: 1740
actual_itr_duration: 60.03031325340271
iteration monitoring count: 1734
actual_itr_duration: 60.032437562942505
iteration monitoring count: 1734
actual_itr_duration: 60.03917193412781
iteration monitoring count: 1740
actual_itr_duration: 60.03079342842102
iteration monitoring count: 1734
actual_itr_duration: 60.029202938079834
iteration monitoring count: 1734
actual_itr_duration: 60.02962827682495
iteration monitoring count: 1740
actual_itr_duration: 60.06952142715454
iteration monitoring count: 1734
actual_itr_duration: 60.02946734428406
iteration monitoring count: 1734
actual_itr_duration: 60.029908895492554
iteration monitoring count: 1734
actual_itr_duration: 60.03276610374451
iteration monitoring count: 1740
actual_itr_duration: 60.038248777389526
iteration monitoring count: 1734
actual_itr_duration: 60.032931327819824
iteration monitoring count: 1734
actual_itr_duration: 60.03440737724304
iteration monitoring count: 1740
actual_itr_duration: 60.03463435173035
iteration monitoring count: 1734
actual_itr_duration: 60.033543825149536
iteration monitoring count: 1734
actual_itr_duration: 60.03390312194824
iteration monitoring count: 1734
actual_itr_duration: 60.033750772476196
iteration monitoring count: 1734
actual_itr_duration: 60.03100109100342
iteration monitoring count: 1734
actual_itr_duration: 60.03041458129883
iteration monitoring count: 1734
actual_itr_duration: 60.032108545303345
iteration monitoring count: 1734
actual_itr_duration: 60.02941679954529
iteration monitoring count: 1734
actual_itr_duration: 60.04574942588806
iteration monitoring count: 1734
actual_itr_duration: 60.03572630882263
iteration monitoring count: 1740
actual_itr_duration: 60.03850054740906
iteration monitoring count: 1734
actual_itr_duration: 60.03001260757446
iteration monitoring count: 1734
actual_itr_duration: 60.02887296676636
iteration monitoring count: 1740
actual_itr_duration: 60.03097748756409
iteration monitoring count: 1734
actual_itr_duration: 60.02978157997131
iteration monitoring count: 1734
actual_itr_duration: 60.03007912635803
iteration monitoring count: 1734
actual_itr_duration: 60.0319344997406
iteration monitoring count: 1734
actual_itr_duration: 60.031540393829346
iteration monitoring count: 1734
actual_itr_duration: 60.02987217903137
iteration monitoring count: 1734
actual_itr_duration: 60.033244609832764
iteration monitoring count: 1734
actual_itr_duration: 60.03181719779968
iteration monitoring count: 1734
actual_itr_duration: 60.03096675872803
iteration monitoring count: 1734
actual_itr_duration: 60.029451847076416
iteration monitoring count: 1734
actual_itr_duration: 60.029120206832886
iteration monitoring count: 1734
actual_itr_duration: 60.02953386306763
iteration monitoring count: 1734
actual_itr_duration: 60.03033709526062
iteration monitoring count: 1734
actual_itr_duration: 60.03064441680908
iteration monitoring count: 1734
actual_itr_duration: 60.02974343299866
iteration monitoring count: 1734
actual_itr_duration: 60.03668689727783
iteration monitoring count: 1734
actual_itr_duration: 60.03167796134949
iteration monitoring count: 1734
actual_itr_duration: 60.03151750564575
iteration monitoring count: 1740
actual_itr_duration: 60.02890396118164
iteration monitoring count: 1734
actual_itr_duration: 60.029781103134155
iteration monitoring count: 1734
actual_itr_duration: 60.03042674064636
iteration monitoring count: 1740
actual_itr_duration: 60.03157377243042
iteration monitoring count: 1734
actual_itr_duration: 60.0340690612793
iteration monitoring count: 1734
actual_itr_duration: 60.02979063987732
iteration monitoring count: 1740
actual_itr_duration: 60.03159308433533
iteration monitoring count: 1734
actual_itr_duration: 60.0294725894928
iteration monitoring count: 1734
actual_itr_duration: 60.029837131500244
iteration monitoring count: 1734
actual_itr_duration: 60.033265352249146
iteration monitoring count: 1740
actual_itr_duration: 60.031474351882935
iteration monitoring count: 1734
actual_itr_duration: 60.029611349105835
iteration monitoring count: 1734
actual_itr_duration: 60.02914786338806
iteration monitoring count: 1740
actual_itr_duration: 60.030001401901245
iteration monitoring count: 1734
actual_itr_duration: 60.0308313369751
iteration monitoring count: 1734
actual_itr_duration: 60.03001260757446
iteration monitoring count: 1734
actual_itr_duration: 60.038631200790405
iteration monitoring count: 1740
************* Iterations durations
/home/salma/GIT/salma-thesis/lab/energy-variability-study/traces/#24_iot-lab/#24_341548/consumption/rpi3_3.oml
actual_itr_duration: 60.03118014335632
iteration monitoring count: 1734
actual_itr_duration: 60.03025841712952
iteration monitoring count: 1734
actual_itr_duration: 60.02896690368652
iteration monitoring count: 1740
actual_itr_duration: 60.02878499031067
iteration monitoring count: 1734
actual_itr_duration: 60.02889919281006
iteration monitoring count: 1734
actual_itr_duration: 60.02900552749634
iteration monitoring count: 1734
actual_itr_duration: 60.0289363861084
iteration monitoring count: 1734
actual_itr_duration: 60.028894662857056
iteration monitoring count: 1734
actual_itr_duration: 60.03365612030029
iteration monitoring count: 1734
actual_itr_duration: 60.02961540222168
iteration monitoring count: 1734
actual_itr_duration: 60.031126737594604
iteration monitoring count: 1734
actual_itr_duration: 60.03150534629822
iteration monitoring count: 1740
actual_itr_duration: 60.02908182144165
iteration monitoring count: 1734
actual_itr_duration: 60.072455644607544
iteration monitoring count: 1734
actual_itr_duration: 60.02886962890625
iteration monitoring count: 1734
actual_itr_duration: 60.02864050865173
iteration monitoring count: 1734
actual_itr_duration: 60.02865695953369
iteration monitoring count: 1734
actual_itr_duration: 60.0286500453949
iteration monitoring count: 1734
actual_itr_duration: 60.0311062335968
iteration monitoring count: 1734
actual_itr_duration: 60.02975106239319
iteration monitoring count: 1740
actual_itr_duration: 60.034374713897705
iteration monitoring count: 1734
actual_itr_duration: 60.03313970565796
iteration monitoring count: 1734
actual_itr_duration: 60.031249046325684
iteration monitoring count: 1740
actual_itr_duration: 60.02988409996033
iteration monitoring count: 1734
actual_itr_duration: 60.03001880645752
iteration monitoring count: 1734
actual_itr_duration: 60.03373432159424
iteration monitoring count: 1740
actual_itr_duration: 60.029343128204346
iteration monitoring count: 1734
actual_itr_duration: 60.0339937210083
iteration monitoring count: 1734
actual_itr_duration: 60.030643939971924
iteration monitoring count: 1740
actual_itr_duration: 60.034648180007935
iteration monitoring count: 1734
actual_itr_duration: 60.02972149848938
iteration monitoring count: 1734
actual_itr_duration: 60.035845041275024
iteration monitoring count: 1734
actual_itr_duration: 60.03649163246155
iteration monitoring count: 1734
actual_itr_duration: 60.032506227493286
iteration monitoring count: 1734
actual_itr_duration: 60.033339738845825
iteration monitoring count: 1740
actual_itr_duration: 60.03350615501404
iteration monitoring count: 1734
actual_itr_duration: 60.03372406959534
iteration monitoring count: 1734
actual_itr_duration: 60.030606508255005
iteration monitoring count: 1734
actual_itr_duration: 60.02891778945923
iteration monitoring count: 1734
actual_itr_duration: 60.03465747833252
iteration monitoring count: 1734
actual_itr_duration: 60.0300669670105
iteration monitoring count: 1734
actual_itr_duration: 60.02904939651489
iteration monitoring count: 1734
actual_itr_duration: 60.036499977111816
iteration monitoring count: 1734
actual_itr_duration: 60.029483795166016
iteration monitoring count: 1734
actual_itr_duration: 60.03033947944641
iteration monitoring count: 1740
actual_itr_duration: 60.03019642829895
iteration monitoring count: 1734
actual_itr_duration: 60.029520988464355
iteration monitoring count: 1734
actual_itr_duration: 60.02923345565796
iteration monitoring count: 1734
actual_itr_duration: 60.03286814689636
iteration monitoring count: 1734
actual_itr_duration: 60.03079032897949
iteration monitoring count: 1734
actual_itr_duration: 60.02966022491455
iteration monitoring count: 1734
actual_itr_duration: 60.03200888633728
iteration monitoring count: 1740
actual_itr_duration: 60.03166198730469
iteration monitoring count: 1734
actual_itr_duration: 60.029489517211914
iteration monitoring count: 1734
actual_itr_duration: 60.02947640419006
iteration monitoring count: 1734
actual_itr_duration: 60.029685974121094
iteration monitoring count: 1734
actual_itr_duration: 60.03068494796753
iteration monitoring count: 1734
actual_itr_duration: 60.02946138381958
iteration monitoring count: 1734
actual_itr_duration: 60.034836769104004
iteration monitoring count: 1734
actual_itr_duration: 60.029144525527954
iteration monitoring count: 1734
actual_itr_duration: 60.02870440483093
iteration monitoring count: 1740
actual_itr_duration: 60.04320001602173
iteration monitoring count: 1734
actual_itr_duration: 60.03064155578613
iteration monitoring count: 1734
actual_itr_duration: 60.04089283943176
iteration monitoring count: 1734
actual_itr_duration: 60.02975273132324
iteration monitoring count: 1740
actual_itr_duration: 60.0290904045105
iteration monitoring count: 1734
actual_itr_duration: 60.02889370918274
iteration monitoring count: 1734
actual_itr_duration: 60.03019309043884
iteration monitoring count: 1740
actual_itr_duration: 60.03028917312622
iteration monitoring count: 1740
actual_itr_duration: 60.03014302253723
iteration monitoring count: 1734
actual_itr_duration: 60.03291177749634
iteration monitoring count: 1734
actual_itr_duration: 60.03671836853027
iteration monitoring count: 1734
actual_itr_duration: 60.02894592285156
iteration monitoring count: 1740
actual_itr_duration: 60.02889084815979
iteration monitoring count: 1734
actual_itr_duration: 60.0304741859436
iteration monitoring count: 1734
actual_itr_duration: 60.03163933753967
iteration monitoring count: 1734
actual_itr_duration: 60.03322434425354
iteration monitoring count: 1734
actual_itr_duration: 60.036441802978516
iteration monitoring count: 1734
actual_itr_duration: 60.02999830245972
iteration monitoring count: 1734
actual_itr_duration: 60.029011964797974
iteration monitoring count: 1740
actual_itr_duration: 60.02922201156616
iteration monitoring count: 1734
actual_itr_duration: 60.02944874763489
iteration monitoring count: 1734
actual_itr_duration: 60.033710956573486
iteration monitoring count: 1734
actual_itr_duration: 60.032538414001465
iteration monitoring count: 1734
actual_itr_duration: 60.030094623565674
iteration monitoring count: 1734
actual_itr_duration: 60.02942514419556
iteration monitoring count: 1740
actual_itr_duration: 60.02936029434204
iteration monitoring count: 1734
actual_itr_duration: 60.0310320854187
iteration monitoring count: 1734
actual_itr_duration: 60.030999422073364
iteration monitoring count: 1734
actual_itr_duration: 60.04755210876465
iteration monitoring count: 1734
actual_itr_duration: 60.02984952926636
iteration monitoring count: 1734
actual_itr_duration: 60.03011202812195
iteration monitoring count: 1734
actual_itr_duration: 60.03255319595337
iteration monitoring count: 1734
actual_itr_duration: 60.032294273376465
iteration monitoring count: 1734
actual_itr_duration: 60.03503179550171
iteration monitoring count: 1734
actual_itr_duration: 60.029160499572754
iteration monitoring count: 1734
actual_itr_duration: 60.029438972473145
iteration monitoring count: 1734
actual_itr_duration: 60.02855634689331
iteration monitoring count: 1734
actual_itr_duration: 60.02882766723633
iteration monitoring count: 1734
actual_itr_duration: 60.03111934661865
iteration monitoring count: 1740
************* Iterations durations
/home/salma/GIT/salma-thesis/lab/energy-variability-study/traces/#24_iot-lab/#24_341566/consumption/rpi3_3.oml
actual_itr_duration: 60.03041648864746
iteration monitoring count: 1734
actual_itr_duration: 60.02981901168823
iteration monitoring count: 1734
actual_itr_duration: 60.02918791770935
iteration monitoring count: 1734
actual_itr_duration: 60.032585859298706
iteration monitoring count: 1734
actual_itr_duration: 60.03040146827698
iteration monitoring count: 1734
actual_itr_duration: 60.029542446136475
iteration monitoring count: 1734
actual_itr_duration: 60.030720233917236
iteration monitoring count: 1740
actual_itr_duration: 60.02945423126221
iteration monitoring count: 1734
actual_itr_duration: 60.02984094619751
iteration monitoring count: 1734
actual_itr_duration: 60.029871463775635
iteration monitoring count: 1734
actual_itr_duration: 60.03540229797363
iteration monitoring count: 1734
actual_itr_duration: 60.02953124046326
iteration monitoring count: 1740
actual_itr_duration: 60.0290629863739
iteration monitoring count: 1734
actual_itr_duration: 60.03476572036743
iteration monitoring count: 1734
actual_itr_duration: 60.028727293014526
iteration monitoring count: 1734
actual_itr_duration: 60.03048634529114
iteration monitoring count: 1734
actual_itr_duration: 60.028860092163086
iteration monitoring count: 1734
actual_itr_duration: 60.028992891311646
iteration monitoring count: 1734
actual_itr_duration: 60.03035807609558
iteration monitoring count: 1734
actual_itr_duration: 60.02918863296509
iteration monitoring count: 1740
actual_itr_duration: 60.03027009963989
iteration monitoring count: 1734
actual_itr_duration: 60.03084468841553
iteration monitoring count: 1734
actual_itr_duration: 60.02902102470398
iteration monitoring count: 1734
actual_itr_duration: 60.0293493270874
iteration monitoring count: 1740
actual_itr_duration: 60.03120231628418
iteration monitoring count: 1734
actual_itr_duration: 60.02881932258606
iteration monitoring count: 1734
actual_itr_duration: 60.0289626121521
iteration monitoring count: 1734
actual_itr_duration: 60.03072118759155
iteration monitoring count: 1740
actual_itr_duration: 60.02955460548401
iteration monitoring count: 1734
actual_itr_duration: 60.03084111213684
iteration monitoring count: 1734
actual_itr_duration: 60.028857469558716
iteration monitoring count: 1734
actual_itr_duration: 60.03162860870361
iteration monitoring count: 1740
actual_itr_duration: 60.02870464324951
iteration monitoring count: 1734
actual_itr_duration: 60.029773473739624
iteration monitoring count: 1734
actual_itr_duration: 60.0305962562561
iteration monitoring count: 1734
actual_itr_duration: 60.029619455337524
iteration monitoring count: 1740
actual_itr_duration: 60.02948594093323
iteration monitoring count: 1734
actual_itr_duration: 60.02911019325256
iteration monitoring count: 1734
actual_itr_duration: 60.028687715530396
iteration monitoring count: 1734
actual_itr_duration: 60.030006408691406
iteration monitoring count: 1740
actual_itr_duration: 60.030083656311035
iteration monitoring count: 1734
actual_itr_duration: 60.032933950424194
iteration monitoring count: 1734
actual_itr_duration: 60.029396057128906
iteration monitoring count: 1740
actual_itr_duration: 60.028905630111694
iteration monitoring count: 1734
actual_itr_duration: 60.028958320617676
iteration monitoring count: 1734
actual_itr_duration: 60.028971910476685
iteration monitoring count: 1740
actual_itr_duration: 60.02917790412903
iteration monitoring count: 1734
actual_itr_duration: 60.029531955718994
iteration monitoring count: 1734
actual_itr_duration: 60.034722566604614
iteration monitoring count: 1740
actual_itr_duration: 60.03306007385254
iteration monitoring count: 1734
actual_itr_duration: 60.03278350830078
iteration monitoring count: 1734
actual_itr_duration: 60.03639364242554
iteration monitoring count: 1740
actual_itr_duration: 60.03259491920471
iteration monitoring count: 1734
actual_itr_duration: 60.03371286392212
iteration monitoring count: 1734
actual_itr_duration: 60.03246569633484
iteration monitoring count: 1734
actual_itr_duration: 60.03213810920715
iteration monitoring count: 1734
actual_itr_duration: 60.03228688240051
iteration monitoring count: 1740
actual_itr_duration: 60.03292226791382
iteration monitoring count: 1734
actual_itr_duration: 60.03053069114685
iteration monitoring count: 1734
actual_itr_duration: 60.02958393096924
iteration monitoring count: 1740
actual_itr_duration: 60.03166723251343
iteration monitoring count: 1734
actual_itr_duration: 60.02927589416504
iteration monitoring count: 1734
actual_itr_duration: 60.0295991897583
iteration monitoring count: 1734
actual_itr_duration: 60.029940128326416
iteration monitoring count: 1734
actual_itr_duration: 60.02923274040222
iteration monitoring count: 1734
actual_itr_duration: 60.03207063674927
iteration monitoring count: 1734
actual_itr_duration: 60.03076457977295
iteration monitoring count: 1734
actual_itr_duration: 60.02944469451904
iteration monitoring count: 1740
actual_itr_duration: 60.028850078582764
iteration monitoring count: 1734
actual_itr_duration: 60.030102491378784
iteration monitoring count: 1734
actual_itr_duration: 60.03121328353882
iteration monitoring count: 1740
actual_itr_duration: 60.02970600128174
iteration monitoring count: 1734
actual_itr_duration: 60.03330945968628
iteration monitoring count: 1734
actual_itr_duration: 60.02980065345764
iteration monitoring count: 1734
actual_itr_duration: 60.02903890609741
iteration monitoring count: 1740
actual_itr_duration: 60.03243112564087
iteration monitoring count: 1734
actual_itr_duration: 60.032578468322754
iteration monitoring count: 1734
actual_itr_duration: 60.02977228164673
iteration monitoring count: 1734
actual_itr_duration: 60.028603315353394
iteration monitoring count: 1734
actual_itr_duration: 60.031121492385864
iteration monitoring count: 1734
actual_itr_duration: 60.029897928237915
iteration monitoring count: 1734
actual_itr_duration: 60.030396461486816
iteration monitoring count: 1734
actual_itr_duration: 60.03071594238281
iteration monitoring count: 1734
actual_itr_duration: 60.030271768569946
iteration monitoring count: 1734
actual_itr_duration: 60.031211853027344
iteration monitoring count: 1734
actual_itr_duration: 60.029882192611694
iteration monitoring count: 1734
actual_itr_duration: 60.029165744781494
iteration monitoring count: 1734
actual_itr_duration: 60.02912998199463
iteration monitoring count: 1734
actual_itr_duration: 60.03085494041443
iteration monitoring count: 1734
actual_itr_duration: 60.031760931015015
iteration monitoring count: 1734
actual_itr_duration: 60.03018093109131
iteration monitoring count: 1734
actual_itr_duration: 60.03354358673096
iteration monitoring count: 1734
actual_itr_duration: 60.02994513511658
iteration monitoring count: 1734
actual_itr_duration: 60.02960991859436
iteration monitoring count: 1734
actual_itr_duration: 60.030314207077026
iteration monitoring count: 1740
actual_itr_duration: 60.031322717666626
iteration monitoring count: 1734
actual_itr_duration: 60.03969407081604
iteration monitoring count: 1734
actual_itr_duration: 60.0300087928772
iteration monitoring count: 1734
actual_itr_duration: 60.02990674972534
iteration monitoring count: 1734
actual_itr_duration: 60.02920746803284
iteration monitoring count: 1734
************* Iterations durations
/home/salma/GIT/salma-thesis/lab/energy-variability-study/traces/#24_iot-lab/#24_341580/consumption/rpi3_3.oml
actual_itr_duration: 60.04015588760376
iteration monitoring count: 1734
actual_itr_duration: 60.032007694244385
iteration monitoring count: 1740
actual_itr_duration: 60.02867078781128
iteration monitoring count: 1734
actual_itr_duration: 60.03322911262512
iteration monitoring count: 1734
actual_itr_duration: 60.03192067146301
iteration monitoring count: 1734
actual_itr_duration: 60.03351330757141
iteration monitoring count: 1734
actual_itr_duration: 60.031898975372314
iteration monitoring count: 1734
actual_itr_duration: 60.03201484680176
iteration monitoring count: 1734
actual_itr_duration: 60.03508472442627
iteration monitoring count: 1734
actual_itr_duration: 60.03196954727173
iteration monitoring count: 1734
actual_itr_duration: 60.04364490509033
iteration monitoring count: 1740
actual_itr_duration: 60.029229164123535
iteration monitoring count: 1734
actual_itr_duration: 60.03635883331299
iteration monitoring count: 1734
actual_itr_duration: 60.02933216094971
iteration monitoring count: 1734
actual_itr_duration: 60.029114723205566
iteration monitoring count: 1734
actual_itr_duration: 60.02923369407654
iteration monitoring count: 1740
actual_itr_duration: 60.02911019325256
iteration monitoring count: 1734
actual_itr_duration: 60.03014636039734
iteration monitoring count: 1734
actual_itr_duration: 60.03200387954712
iteration monitoring count: 1740
actual_itr_duration: 60.031633615493774
iteration monitoring count: 1734
actual_itr_duration: 60.02998924255371
iteration monitoring count: 1734
actual_itr_duration: 60.03030061721802
iteration monitoring count: 1734
actual_itr_duration: 60.03097081184387
iteration monitoring count: 1734
actual_itr_duration: 60.02871227264404
iteration monitoring count: 1734
actual_itr_duration: 60.03009796142578
iteration monitoring count: 1734
actual_itr_duration: 60.03096389770508
iteration monitoring count: 1734
actual_itr_duration: 60.029619455337524
iteration monitoring count: 1740
actual_itr_duration: 60.0296413898468
iteration monitoring count: 1734
actual_itr_duration: 60.030970096588135
iteration monitoring count: 1734
actual_itr_duration: 60.03304171562195
iteration monitoring count: 1740
actual_itr_duration: 60.02944588661194
iteration monitoring count: 1734
actual_itr_duration: 60.03873038291931
iteration monitoring count: 1734
actual_itr_duration: 60.02986121177673
iteration monitoring count: 1734
actual_itr_duration: 60.0296049118042
iteration monitoring count: 1734
actual_itr_duration: 60.03258514404297
iteration monitoring count: 1740
actual_itr_duration: 60.03291034698486
iteration monitoring count: 1734
actual_itr_duration: 60.032755613327026
iteration monitoring count: 1740
actual_itr_duration: 60.031697034835815
iteration monitoring count: 1734
actual_itr_duration: 60.03291130065918
iteration monitoring count: 1734
actual_itr_duration: 60.03218197822571
iteration monitoring count: 1734
actual_itr_duration: 60.02914619445801
iteration monitoring count: 1734
actual_itr_duration: 60.03233218193054
iteration monitoring count: 1740
actual_itr_duration: 60.02924609184265
iteration monitoring count: 1734
actual_itr_duration: 60.033358097076416
iteration monitoring count: 1734
actual_itr_duration: 60.029123067855835
iteration monitoring count: 1734
actual_itr_duration: 60.030726194381714
iteration monitoring count: 1734
actual_itr_duration: 60.02953624725342
iteration monitoring count: 1740
actual_itr_duration: 60.0291006565094
iteration monitoring count: 1734
actual_itr_duration: 60.08416485786438
iteration monitoring count: 1734
actual_itr_duration: 60.03259515762329
iteration monitoring count: 1734
actual_itr_duration: 60.03635239601135
iteration monitoring count: 1734
actual_itr_duration: 60.029207944869995
iteration monitoring count: 1734
actual_itr_duration: 60.028119802474976
iteration monitoring count: 1734
actual_itr_duration: 60.03005361557007
iteration monitoring count: 1734
actual_itr_duration: 60.029972076416016
iteration monitoring count: 1734
actual_itr_duration: 60.0318648815155
iteration monitoring count: 1734
actual_itr_duration: 60.0289580821991
iteration monitoring count: 1734
actual_itr_duration: 60.02895712852478
iteration monitoring count: 1734
actual_itr_duration: 60.03078269958496
iteration monitoring count: 1734
actual_itr_duration: 60.03642249107361
iteration monitoring count: 1734
actual_itr_duration: 60.02984666824341
iteration monitoring count: 1734
actual_itr_duration: 60.02907347679138
iteration monitoring count: 1734
actual_itr_duration: 60.03801774978638
iteration monitoring count: 1734
actual_itr_duration: 60.0312283039093
iteration monitoring count: 1734
actual_itr_duration: 60.0292751789093
iteration monitoring count: 1734
actual_itr_duration: 60.028565406799316
iteration monitoring count: 1734
actual_itr_duration: 60.02998399734497
iteration monitoring count: 1734
actual_itr_duration: 60.03022837638855
iteration monitoring count: 1734
actual_itr_duration: 60.029080629348755
iteration monitoring count: 1734
actual_itr_duration: 60.030550956726074
iteration monitoring count: 1734
actual_itr_duration: 60.03247356414795
iteration monitoring count: 1734
actual_itr_duration: 60.02943396568298
iteration monitoring count: 1734
actual_itr_duration: 60.031853675842285
iteration monitoring count: 1734
actual_itr_duration: 60.02965760231018
iteration monitoring count: 1734
actual_itr_duration: 60.07155966758728
iteration monitoring count: 1734
actual_itr_duration: 60.029014348983765
iteration monitoring count: 1734
actual_itr_duration: 60.02840733528137
iteration monitoring count: 1734
actual_itr_duration: 60.02954649925232
iteration monitoring count: 1734
actual_itr_duration: 60.03016114234924
iteration monitoring count: 1734
actual_itr_duration: 60.03005266189575
iteration monitoring count: 1740
actual_itr_duration: 60.02958297729492
iteration monitoring count: 1734
actual_itr_duration: 60.0575225353241
iteration monitoring count: 1740
actual_itr_duration: 60.02882981300354
iteration monitoring count: 1734
actual_itr_duration: 60.029630184173584
iteration monitoring count: 1734
actual_itr_duration: 60.029513120651245
iteration monitoring count: 1734
actual_itr_duration: 60.0303840637207
iteration monitoring count: 1734
actual_itr_duration: 60.03033995628357
iteration monitoring count: 1734
actual_itr_duration: 60.02882504463196
iteration monitoring count: 1740
actual_itr_duration: 60.03043341636658
iteration monitoring count: 1734
actual_itr_duration: 60.03153896331787
iteration monitoring count: 1740
actual_itr_duration: 60.03052258491516
iteration monitoring count: 1734
actual_itr_duration: 60.03444314002991
iteration monitoring count: 1734
actual_itr_duration: 60.0346360206604
iteration monitoring count: 1734
actual_itr_duration: 60.0344660282135
iteration monitoring count: 1734
actual_itr_duration: 60.03265070915222
iteration monitoring count: 1734
actual_itr_duration: 60.033530950546265
iteration monitoring count: 1734
actual_itr_duration: 60.033947229385376
iteration monitoring count: 1740
actual_itr_duration: 60.03204965591431
iteration monitoring count: 1734
actual_itr_duration: 60.03375172615051
iteration monitoring count: 1734
actual_itr_duration: 60.03564953804016
iteration monitoring count: 1734
************* Iterations durations
/home/salma/GIT/salma-thesis/lab/energy-variability-study/traces/#24_iot-lab/#24_341603/consumption/rpi3_3.oml
actual_itr_duration: 60.03376531600952
iteration monitoring count: 1740
actual_itr_duration: 60.02948045730591
iteration monitoring count: 1734
actual_itr_duration: 60.038588762283325
iteration monitoring count: 1734
actual_itr_duration: 60.028284549713135
iteration monitoring count: 1734
actual_itr_duration: 60.031763553619385
iteration monitoring count: 1734
actual_itr_duration: 60.02969551086426
iteration monitoring count: 1740
actual_itr_duration: 60.02932643890381
iteration monitoring count: 1734
actual_itr_duration: 60.03020906448364
iteration monitoring count: 1734
actual_itr_duration: 60.029606103897095
iteration monitoring count: 1740
actual_itr_duration: 60.02927803993225
iteration monitoring count: 1734
actual_itr_duration: 60.028852462768555
iteration monitoring count: 1734
actual_itr_duration: 60.029701948165894
iteration monitoring count: 1734
actual_itr_duration: 60.03054070472717
iteration monitoring count: 1734
actual_itr_duration: 60.02941393852234
iteration monitoring count: 1734
actual_itr_duration: 60.0374915599823
iteration monitoring count: 1734
actual_itr_duration: 60.02888369560242
iteration monitoring count: 1734
actual_itr_duration: 60.02932405471802
iteration monitoring count: 1734
actual_itr_duration: 60.02956748008728
iteration monitoring count: 1740
actual_itr_duration: 60.02887749671936
iteration monitoring count: 1734
actual_itr_duration: 60.0304799079895
iteration monitoring count: 1734
actual_itr_duration: 60.02994680404663
iteration monitoring count: 1734
actual_itr_duration: 60.04248762130737
iteration monitoring count: 1734
actual_itr_duration: 60.03264021873474
iteration monitoring count: 1740
actual_itr_duration: 60.03397560119629
iteration monitoring count: 1734
actual_itr_duration: 60.03313183784485
iteration monitoring count: 1734
actual_itr_duration: 60.03509044647217
iteration monitoring count: 1734
actual_itr_duration: 60.03362798690796
iteration monitoring count: 1734
actual_itr_duration: 60.03266096115112
iteration monitoring count: 1734
actual_itr_duration: 60.0338397026062
iteration monitoring count: 1734
actual_itr_duration: 60.03242325782776
iteration monitoring count: 1734
actual_itr_duration: 60.035484075546265
iteration monitoring count: 1734
actual_itr_duration: 60.02976965904236
iteration monitoring count: 1734
actual_itr_duration: 60.028799057006836
iteration monitoring count: 1734
actual_itr_duration: 60.0448944568634
iteration monitoring count: 1740
actual_itr_duration: 60.02897047996521
iteration monitoring count: 1734
actual_itr_duration: 60.02928423881531
iteration monitoring count: 1734
actual_itr_duration: 60.02964663505554
iteration monitoring count: 1740
actual_itr_duration: 60.02942872047424
iteration monitoring count: 1734
actual_itr_duration: 60.0297212600708
iteration monitoring count: 1734
actual_itr_duration: 60.028728008270264
iteration monitoring count: 1734
actual_itr_duration: 60.03180527687073
iteration monitoring count: 1734
actual_itr_duration: 60.02948260307312
iteration monitoring count: 1740
actual_itr_duration: 60.03002166748047
iteration monitoring count: 1734
actual_itr_duration: 60.030407190322876
iteration monitoring count: 1734
actual_itr_duration: 60.02984142303467
iteration monitoring count: 1734
actual_itr_duration: 60.03996181488037
iteration monitoring count: 1734
actual_itr_duration: 60.02935528755188
iteration monitoring count: 1734
actual_itr_duration: 60.029605865478516
iteration monitoring count: 1734
actual_itr_duration: 60.031683683395386
iteration monitoring count: 1734
actual_itr_duration: 60.028955936431885
iteration monitoring count: 1740
actual_itr_duration: 60.033069133758545
iteration monitoring count: 1734
actual_itr_duration: 60.02955889701843
iteration monitoring count: 1734
actual_itr_duration: 60.035423278808594
iteration monitoring count: 1734
actual_itr_duration: 60.02874565124512
iteration monitoring count: 1734
actual_itr_duration: 60.02876091003418
iteration monitoring count: 1740
actual_itr_duration: 60.030179500579834
iteration monitoring count: 1734
actual_itr_duration: 60.03232264518738
iteration monitoring count: 1734
actual_itr_duration: 60.02892184257507
iteration monitoring count: 1734
actual_itr_duration: 60.06538248062134
iteration monitoring count: 1740
actual_itr_duration: 60.03210496902466
iteration monitoring count: 1734
actual_itr_duration: 60.029412508010864
iteration monitoring count: 1740
actual_itr_duration: 60.030343532562256
iteration monitoring count: 1734
actual_itr_duration: 60.03602480888367
iteration monitoring count: 1734
actual_itr_duration: 60.029733657836914
iteration monitoring count: 1734
actual_itr_duration: 60.03630566596985
iteration monitoring count: 1740
actual_itr_duration: 60.02921271324158
iteration monitoring count: 1734
actual_itr_duration: 60.02927923202515
iteration monitoring count: 1734
actual_itr_duration: 60.02990436553955
iteration monitoring count: 1734
actual_itr_duration: 60.03028607368469
iteration monitoring count: 1734
actual_itr_duration: 60.06219959259033
iteration monitoring count: 1740
actual_itr_duration: 60.02921724319458
iteration monitoring count: 1734
actual_itr_duration: 60.029377937316895
iteration monitoring count: 1740
actual_itr_duration: 60.030012369155884
iteration monitoring count: 1734
actual_itr_duration: 60.02939295768738
iteration monitoring count: 1734
actual_itr_duration: 60.030689001083374
iteration monitoring count: 1740
actual_itr_duration: 60.03024983406067
iteration monitoring count: 1734
actual_itr_duration: 60.03194737434387
iteration monitoring count: 1734
actual_itr_duration: 60.02994513511658
iteration monitoring count: 1734
actual_itr_duration: 60.02968382835388
iteration monitoring count: 1734
actual_itr_duration: 60.02932047843933
iteration monitoring count: 1734
actual_itr_duration: 60.03031063079834
iteration monitoring count: 1734
actual_itr_duration: 60.043102741241455
iteration monitoring count: 1734
actual_itr_duration: 60.02918720245361
iteration monitoring count: 1740
actual_itr_duration: 60.03210639953613
iteration monitoring count: 1734
actual_itr_duration: 60.03041625022888
iteration monitoring count: 1734
actual_itr_duration: 60.0291473865509
iteration monitoring count: 1734
actual_itr_duration: 60.030187129974365
iteration monitoring count: 1734
actual_itr_duration: 60.029292821884155
iteration monitoring count: 1740
actual_itr_duration: 60.03263831138611
iteration monitoring count: 1734
actual_itr_duration: 60.02899527549744
iteration monitoring count: 1734
actual_itr_duration: 60.02965235710144
iteration monitoring count: 1734
actual_itr_duration: 60.029797077178955
iteration monitoring count: 1734
actual_itr_duration: 60.02841234207153
iteration monitoring count: 1740
actual_itr_duration: 60.031439781188965
iteration monitoring count: 1734
actual_itr_duration: 60.02983498573303
iteration monitoring count: 1734
actual_itr_duration: 60.04888701438904
iteration monitoring count: 1740
actual_itr_duration: 60.03324341773987
iteration monitoring count: 1734
actual_itr_duration: 60.03331518173218
iteration monitoring count: 1734
actual_itr_duration: 60.03252720832825
iteration monitoring count: 1734
actual_itr_duration: 60.033145904541016
iteration monitoring count: 1734
************* Iterations durations
/home/salma/GIT/salma-thesis/lab/energy-variability-study/traces/#24_iot-lab/#24_341617/consumption/rpi3_3.oml
actual_itr_duration: 60.03639483451843
iteration monitoring count: 1734
actual_itr_duration: 60.03274178504944
iteration monitoring count: 1740
actual_itr_duration: 60.030441761016846
iteration monitoring count: 1734
actual_itr_duration: 60.02990746498108
iteration monitoring count: 1734
actual_itr_duration: 60.02992534637451
iteration monitoring count: 1734
actual_itr_duration: 60.029780626297
iteration monitoring count: 1734
actual_itr_duration: 60.03192949295044
iteration monitoring count: 1740
actual_itr_duration: 60.028841495513916
iteration monitoring count: 1734
actual_itr_duration: 60.02970600128174
iteration monitoring count: 1740
actual_itr_duration: 60.02680468559265
iteration monitoring count: 1734
actual_itr_duration: 60.030661821365356
iteration monitoring count: 1734
actual_itr_duration: 60.02905535697937
iteration monitoring count: 1734
actual_itr_duration: 60.03694224357605
iteration monitoring count: 1734
actual_itr_duration: 60.03414225578308
iteration monitoring count: 1734
actual_itr_duration: 60.033467054367065
iteration monitoring count: 1734
actual_itr_duration: 60.032875537872314
iteration monitoring count: 1734
actual_itr_duration: 60.03543758392334
iteration monitoring count: 1740
actual_itr_duration: 60.038151264190674
iteration monitoring count: 1734
actual_itr_duration: 60.0333034992218
iteration monitoring count: 1734
actual_itr_duration: 60.02692651748657
iteration monitoring count: 1734
actual_itr_duration: 60.030351400375366
iteration monitoring count: 1734
actual_itr_duration: 60.029494285583496
iteration monitoring count: 1734
actual_itr_duration: 60.03023409843445
iteration monitoring count: 1734
actual_itr_duration: 60.029874086380005
iteration monitoring count: 1734
actual_itr_duration: 60.03111243247986
iteration monitoring count: 1734
actual_itr_duration: 60.03051471710205
iteration monitoring count: 1734
actual_itr_duration: 60.0297908782959
iteration monitoring count: 1734
actual_itr_duration: 60.0394721031189
iteration monitoring count: 1734
actual_itr_duration: 60.029836893081665
iteration monitoring count: 1740
actual_itr_duration: 60.03095865249634
iteration monitoring count: 1734
actual_itr_duration: 60.02906322479248
iteration monitoring count: 1734
actual_itr_duration: 60.0386061668396
iteration monitoring count: 1740
actual_itr_duration: 60.030097246170044
iteration monitoring count: 1734
actual_itr_duration: 60.03153657913208
iteration monitoring count: 1740
actual_itr_duration: 60.03387403488159
iteration monitoring count: 1734
actual_itr_duration: 60.02920746803284
iteration monitoring count: 1734
actual_itr_duration: 60.030484676361084
iteration monitoring count: 1740
actual_itr_duration: 60.032697916030884
iteration monitoring count: 1734
actual_itr_duration: 60.029414892196655
iteration monitoring count: 1734
actual_itr_duration: 60.030548334121704
iteration monitoring count: 1734
actual_itr_duration: 60.03122901916504
iteration monitoring count: 1734
actual_itr_duration: 60.030423402786255
iteration monitoring count: 1734
actual_itr_duration: 60.02886629104614
iteration monitoring count: 1734
actual_itr_duration: 60.03513240814209
iteration monitoring count: 1734
actual_itr_duration: 60.02985596656799
iteration monitoring count: 1740
actual_itr_duration: 60.02999687194824
iteration monitoring count: 1734
actual_itr_duration: 60.0293493270874
iteration monitoring count: 1734
actual_itr_duration: 60.032679080963135
iteration monitoring count: 1740
actual_itr_duration: 60.041950941085815
iteration monitoring count: 1734
actual_itr_duration: 60.02983617782593
iteration monitoring count: 1734
actual_itr_duration: 60.035239696502686
iteration monitoring count: 1734
actual_itr_duration: 60.03041410446167
iteration monitoring count: 1734
actual_itr_duration: 60.02978157997131
iteration monitoring count: 1734
actual_itr_duration: 60.02917289733887
iteration monitoring count: 1734
actual_itr_duration: 60.030189037323
iteration monitoring count: 1734
actual_itr_duration: 60.035524129867554
iteration monitoring count: 1734
actual_itr_duration: 60.03148698806763
iteration monitoring count: 1734
actual_itr_duration: 60.029747009277344
iteration monitoring count: 1734
actual_itr_duration: 60.035314083099365
iteration monitoring count: 1734
actual_itr_duration: 60.02905464172363
iteration monitoring count: 1740
actual_itr_duration: 60.030531883239746
iteration monitoring count: 1734
actual_itr_duration: 60.03073525428772
iteration monitoring count: 1734
actual_itr_duration: 60.03253984451294
iteration monitoring count: 1734
actual_itr_duration: 60.02960205078125
iteration monitoring count: 1734
actual_itr_duration: 60.030842542648315
iteration monitoring count: 1740
actual_itr_duration: 60.03272366523743
iteration monitoring count: 1734
actual_itr_duration: 60.03241562843323
iteration monitoring count: 1734
actual_itr_duration: 60.03784775733948
iteration monitoring count: 1734
actual_itr_duration: 60.03440546989441
iteration monitoring count: 1734
actual_itr_duration: 60.03256058692932
iteration monitoring count: 1734
actual_itr_duration: 60.02973294258118
iteration monitoring count: 1734
actual_itr_duration: 60.02996611595154
iteration monitoring count: 1734
actual_itr_duration: 60.03050112724304
iteration monitoring count: 1740
actual_itr_duration: 60.02902388572693
iteration monitoring count: 1734
actual_itr_duration: 60.040481090545654
iteration monitoring count: 1734
actual_itr_duration: 60.02939462661743
iteration monitoring count: 1740
actual_itr_duration: 60.03660726547241
iteration monitoring count: 1734
actual_itr_duration: 60.03495383262634
iteration monitoring count: 1734
actual_itr_duration: 60.03213357925415
iteration monitoring count: 1734
actual_itr_duration: 60.03102493286133
iteration monitoring count: 1734
actual_itr_duration: 60.03140616416931
iteration monitoring count: 1734
actual_itr_duration: 60.056562185287476
iteration monitoring count: 1740
actual_itr_duration: 60.03142046928406
iteration monitoring count: 1734
actual_itr_duration: 60.02905559539795
iteration monitoring count: 1734
actual_itr_duration: 60.029725551605225
iteration monitoring count: 1734
actual_itr_duration: 60.029009103775024
iteration monitoring count: 1734
actual_itr_duration: 60.03044867515564
iteration monitoring count: 1734
actual_itr_duration: 60.03129601478577
iteration monitoring count: 1740
actual_itr_duration: 60.034719467163086
iteration monitoring count: 1734
actual_itr_duration: 60.03936553001404
iteration monitoring count: 1734
actual_itr_duration: 60.02992272377014
iteration monitoring count: 1734
actual_itr_duration: 60.030229806900024
iteration monitoring count: 1734
actual_itr_duration: 60.029723167419434
iteration monitoring count: 1734
actual_itr_duration: 60.03813576698303
iteration monitoring count: 1734
actual_itr_duration: 60.03049087524414
iteration monitoring count: 1734
actual_itr_duration: 60.0298285484314
iteration monitoring count: 1734
actual_itr_duration: 60.02948498725891
iteration monitoring count: 1734
actual_itr_duration: 60.03044128417969
iteration monitoring count: 1734
actual_itr_duration: 60.030763387680054
iteration monitoring count: 1740
actual_itr_duration: 60.03446364402771
iteration monitoring count: 1734